INFO: [VRFC 10-2263] Analyzing Verilog file "D:/ISE/vivado/OEXP01_ALU_newest/OEXP01_ALU_newest.ip_user_files/bd/ALU/ipshared/e52d/src/and32.v" into library xil_defaultlib
INFO: [VRFC 10-311] analyzing module and32
INFO: [VRFC 10-2263] Analyzing Verilog file "D:/ISE/vivado/OEXP01_ALU_newest/OEXP01_ALU_newest.ip_user_files/bd/ALU/ip/ALU_and32_0_0/sim/ALU_and32_0_0.v" into library xil_defaultlib
INFO: [VRFC 10-311] analyzing module ALU_and32_0_0
INFO: [VRFC 10-2263] Analyzing Verilog file "D:/ISE/vivado/OEXP01_ALU_newest/OEXP01_ALU_newest.ip_user_files/bd/ALU/ip/ALU_xlslice_0_0/sim/ALU_xlslice_0_0.v" into library xil_defaultlib
INFO: [VRFC 10-311] analyzing module ALU_xlslice_0_0
INFO: [VRFC 10-2263] Analyzing Verilog file "D:/ISE/vivado/OEXP01_ALU_newest/OEXP01_ALU_newest.ip_user_files/bd/ALU/ipshared/b5e1/src/xor32.v" into library xil_defaultlib
INFO: [VRFC 10-311] analyzing module xor32
INFO: [VRFC 10-2263] Analyzing Verilog file "D:/ISE/vivado/OEXP01_ALU_newest/OEXP01_ALU_newest.ip_user_files/bd/ALU/ip/ALU_xor32_0_0/sim/ALU_xor32_0_0.v" into library xil_defaultlib
INFO: [VRFC 10-311] analyzing module ALU_xor32_0_0
INFO: [VRFC 10-2263] Analyzing Verilog file "D:/ISE/vivado/OEXP01_ALU_newest/OEXP01_ALU_newest.ip_user_files/bd/ALU/ipshared/8232/src/nor32.v" into library xil_defaultlib
INFO: [VRFC 10-311] analyzing module nor32
INFO: [VRFC 10-2263] Analyzing Verilog file "D:/ISE/vivado/OEXP01_ALU_newest/OEXP01_ALU_newest.ip_user_files/bd/ALU/ip/ALU_nor32_0_0/sim/ALU_nor32_0_0.v" into library xil_defaultlib
INFO: [VRFC 10-311] analyzing module ALU_nor32_0_0
INFO: [VRFC 10-2263] Analyzing Verilog file "D:/ISE/vivado/OEXP01_ALU_newest/OEXP01_ALU_newest.ip_user_files/bd/ALU/ipshared/9887/src/MUX8T1_32.v" into library xil_defaultlib
INFO: [VRFC 10-311] analyzing module MUX8T1_32
INFO: [VRFC 10-2263] Analyzing Verilog file "D:/ISE/vivado/OEXP01_ALU_newest/OEXP01_ALU_newest.ip_user_files/bd/ALU/ip/ALU_MUX8T1_32_0_0/sim/ALU_MUX8T1_32_0_0.v" into library xil_defaultlib
INFO: [VRFC 10-311] analyzing module ALU_MUX8T1_32_0_0
INFO: [VRFC 10-2263] Analyzing Verilog file "D:/ISE/vivado/OEXP01_ALU_newest/OEXP01_ALU_newest.ip_user_files/bd/ALU/ipshared/b6f5/src/or_bit_32.v" into library xil_defaultlib
INFO: [VRFC 10-311] analyzing module or_bit_32
INFO: [VRFC 10-2263] Analyzing Verilog file "D:/ISE/vivado/OEXP01_ALU_newest/OEXP01_ALU_newest.ip_user_files/bd/ALU/ip/ALU_or_bit_32_0_0/sim/ALU_or_bit_32_0_0.v" into library xil_defaultlib
INFO: [VRFC 10-311] analyzing module ALU_or_bit_32_0_0
INFO: [VRFC 10-2263] Analyzing Verilog file "D:/ISE/vivado/OEXP01_ALU_newest/OEXP01_ALU_newest.ip_user_files/bd/ALU/ip/ALU_xlconcat_0_0/sim/ALU_xlconcat_0_0.v" into library xil_defaultlib
INFO: [VRFC 10-311] analyzing module ALU_xlconcat_0_0
INFO: [VRFC 10-2263] Analyzing Verilog file "D:/ISE/vivado/OEXP01_ALU_newest/OEXP01_ALU_newest.ip_user_files/bd/ALU/ip/ALU_xor32_1_0/sim/ALU_xor32_1_0.v" into library xil_defaultlib
INFO: [VRFC 10-311] analyzing module ALU_xor32_1_0
INFO: [VRFC 10-2263] Analyzing Verilog file "D:/ISE/vivado/OEXP01_ALU_newest/OEXP01_ALU_newest.ip_user_files/bd/ALU/ip/ALU_xlslice_1_0/sim/ALU_xlslice_1_0.v" into library xil_defaultlib
INFO: [VRFC 10-311] analyzing module ALU_xlslice_1_0
INFO: [VRFC 10-2263] Analyzing Verilog file "D:/ISE/vivado/OEXP01_ALU_newest/OEXP01_ALU_newest.ip_user_files/bd/ALU/ip/ALU_xlconstant_0_0/sim/ALU_xlconstant_0_0.v" into library xil_defaultlib
INFO: [VRFC 10-311] analyzing module ALU_xlconstant_0_0
INFO: [VRFC 10-2263] Analyzing Verilog file "D:/ISE/vivado/OEXP01_ALU_newest/OEXP01_ALU_newest.ip_user_files/bd/ALU/ip/ALU_xlslice_1_1/sim/ALU_xlslice_1_1.v" into library xil_defaultlib
INFO: [VRFC 10-311] analyzing module ALU_xlslice_1_1
INFO: [VRFC 10-2263] Analyzing Verilog file "D:/ISE/vivado/OEXP01_ALU_newest/OEXP01_ALU_newest.ip_user_files/bd/ALU/sim/ALU.v" into library xil_defaultlib
INFO: [VRFC 10-311] analyzing module ALU
INFO: [VRFC 10-2263] Analyzing Verilog file "D:/ISE/vivado/OEXP01_ALU_newest/OEXP01_ALU_newest.ip_user_files/bd/ALU/ipshared/a97d/src/srl32.v" into library xil_defaultlib
INFO: [VRFC 10-311] analyzing module srl32
INFO: [VRFC 10-2263] Analyzing Verilog file "D:/ISE/vivado/OEXP01_ALU_newest/OEXP01_ALU_newest.ip_user_files/bd/ALU/ip/ALU_srl32_0_0/sim/ALU_srl32_0_0.v" into library xil_defaultlib
INFO: [VRFC 10-311] analyzing module ALU_srl32_0_0
INFO: [VRFC 10-2263] Analyzing Verilog file "D:/ISE/vivado/OEXP01_ALU_newest/OEXP01_ALU_newest.ip_user_files/bd/ALU/ipshared/79d4/src/or32.v" into library xil_defaultlib
INFO: [VRFC 10-311] analyzing module or32
INFO: [VRFC 10-2263] Analyzing Verilog file "D:/ISE/vivado/OEXP01_ALU_newest/OEXP01_ALU_newest.ip_user_files/bd/ALU/ip/ALU_or32_0_1/sim/ALU_or32_0_1.v" into library xil_defaultlib
INFO: [VRFC 10-311] analyzing module ALU_or32_0_1
INFO: [VRFC 10-2263] Analyzing Verilog file "D:/ISE/vivado/OEXP01_ALU_newest/OEXP01_ALU_newest.ip_user_files/bd/ALU/ipshared/3956/src/SignalExt_32.v" into library xil_defaultlib
INFO: [VRFC 10-311] analyzing module SignalExt_32
INFO: [VRFC 10-2263] Analyzing Verilog file "D:/ISE/vivado/OEXP01_ALU_newest/OEXP01_ALU_newest.ip_user_files/bd/ALU/ip/ALU_SignalExt_32_0_1/sim/ALU_SignalExt_32_0_1.v" into library xil_defaultlib
INFO: [VRFC 10-311] analyzing module ALU_SignalExt_32_0_1
INFO: [VRFC 10-2263] Analyzing Verilog file "D:/ISE/vivado/OEXP01_ALU_newest/OEXP01_ALU_newest.ip_user_files/bd/ALU/ipshared/3b2b/src/ADC32.v" into library xil_defaultlib
INFO: [VRFC 10-311] analyzing module ADC32
INFO: [VRFC 10-2263] Analyzing Verilog file "D:/ISE/vivado/OEXP01_ALU_newest/OEXP01_ALU_newest.ip_user_files/bd/ALU/ip/ALU_ADC32_0_1/sim/ALU_ADC32_0_1.v" into library xil_defaultlib
INFO: [VRFC 10-311] analyzing module ALU_ADC32_0_1
INFO: [VRFC 10-2263] Analyzing Verilog file "D:/ISE/vivado/OEXP01_ALU_newest/OEXP01_ALU_newest.srcs/sources_1/bd/ALU/hdl/ALU_wrapper.v" into library xil_defaultlib
INFO: [VRFC 10-311] analyzing module ALU_wrapper
INFO: [VRFC 10-2263] Analyzing Verilog file "D:/ISE/vivado/OEXP01_ALU_newest/OEXP01_ALU_newest.srcs/sim_1/new/ALU_tb.v" into library xil_defaultlib
INFO: [VRFC 10-311] analyzing module ALU_tb
