#
# A fatal error has been detected by the Java Runtime Environment:
#
#  EXCEPTION_ACCESS_VIOLATION (0xc0000005) at pc=0x00007ffc7c82617c, pid=520, tid=8624
#
# JRE version: OpenJDK Runtime Environment (11.0.2+9) (build 11.0.2+9)
# Java VM: OpenJDK 64-Bit Server VM (11.0.2+9, mixed mode, tiered, compressed oops, g1 gc, windows-amd64)
# Problematic frame:
# C  [librdi_filemgmt.dll+0x16617c]
#
# No core dump will be written. Minidumps are not enabled by default on client versions of Windows
#
# If you would like to submit a bug report, please visit:
#   http://bugreport.java.com/bugreport/crash.jsp
# The crash happened outside the Java Virtual Machine in native code.
# See problematic frame for where to report the bug.
#

---------------  S U M M A R Y ------------

Command Line: -Dsun.java2d.pmoffscreen=false -Dhttps.protocols=TLSv1,TLSv1.1,TLSv1.2 -Dsun.java2d.xrender=false -Dsun.java2d.d3d=false -Dsun.awt.nopixfmt=true -Dsun.java2d.dpiaware=true -Dsun.java2d.uiScale.enabled=false -Xverify:none -Dswing.aatext=true -XX:-UsePerfData -Djdk.map.althashing.threshold=512 -XX:StringTableSize=4072 --add-opens=java.base/java.nio=ALL-UNNAMED --add-opens=java.desktop/sun.swing=ALL-UNNAMED --add-opens=java.desktop/javax.swing=ALL-UNNAMED --add-opens=java.desktop/javax.swing.tree=ALL-UNNAMED --add-opens=java.desktop/javax.swing.plaf.basic=ALL-UNNAMED --add-opens=java.desktop/javax.swing.plaf.synth=ALL-UNNAMED --add-opens=java.desktop/com.sun.awt=ALL-UNNAMED -XX:NewSize=60m -XX:MaxNewSize=60m -Xms128m -Xmx3072m -Xss5m 

Host: Intel(R) Core(TM) i7-7820HQ CPU @ 2.90GHz, 8 cores, 15G,  Windows 10 , 64 bit Build 19041 (10.0.19041.928)
Time: Tue Jun  1 19:26:43 2021 中国标准时间 elapsed time: 99 seconds (0d 0h 1m 39s)

---------------  T H R E A D  ---------------

Current thread (0x000002728a6d0800):  JavaThread "AWT-EventQueue-0" [_thread_in_native, id=8624, stack(0x000000e9b4400000,0x000000e9b4900000)]

Stack: [0x000000e9b4400000,0x000000e9b4900000],  sp=0x000000e9b48fcc70,  free space=5107k
Native frames: (J=compiled Java code, j=interpreted, Vv=VM code, C=native code)
C  [librdi_filemgmt.dll+0x16617c]
C  0x00000272ec3c862d

Java frames: (J=compiled Java code, j=interpreted, Vv=VM code)
J 13864  ui.data.design.dai.SrcFile_getFullPath(J)Ljava/lang/String; (0 bytes) @ 0x00000272ec3c8591 [0x00000272ec3c8540+0x0000000000000051]
J 18030 c1 ui.data.design.Z.bYh()Ljava/lang/String; (8 bytes) @ 0x00000272e54e1db4 [0x00000272e54e1d40+0x0000000000000074]
j  ui.data.design.Z.getFile()Ljava/io/File;+5
j  ui.data.A.c(Lui/data/bq;)Z+18
j  ui.views.cY.a(Lui/views/de;)V+46
j  ui.views.cc.a(Lui/views/de;)V+2
j  ui.data.u.a(Lui/data/ae;Lui/frmwork/a/l;)V+1102
j  ui.data.ad.handleTclEvent(Lui/frmwork/a/l;)V+5
J 17501 c1 ui.frmwork.a.o.c(Lui/frmwork/a/l;)V (61 bytes) @ 0x00000272e6c01f0c [0x00000272e6c01560+0x00000000000009ac]
J 15333 c1 ui.frmwork.E.i(JZ)V (471 bytes) @ 0x00000272e6547654 [0x00000272e6543240+0x0000000000004414]
j  ui.frmwork.E.dQ(J)V+3
j  ui.frmwork.E$$Lambda$203.run()V+8
J 14659 c2 java.awt.event.InvocationEvent.dispatch()V java.desktop@11.0.2 (69 bytes) @ 0x00000272ec527968 [0x00000272ec5278c0+0x00000000000000a8]
J 14293 c2 java.awt.EventQueue$4.run()Ljava/lang/Object; java.desktop@11.0.2 (5 bytes) @ 0x00000272ec46de9c [0x00000272ec46dde0+0x00000000000000bc]
v  ~StubRoutines::call_stub
J 4298  java.security.AccessController.doPrivileged(Ljava/security/PrivilegedAction;Ljava/security/AccessControlContext;)Ljava/lang/Object; java.base@11.0.2 (0 bytes) @ 0x00000272eba454b6 [0x00000272eba45440+0x0000000000000076]
J 13771 c2 java.awt.EventQueue.dispatchEvent(Ljava/awt/AWTEvent;)V java.desktop@11.0.2 (80 bytes) @ 0x00000272ec3bcb64 [0x00000272ec3bc5c0+0x00000000000005a4]
J 14270 c2 ui.frmwork.a.d.dispatchEvent(Ljava/awt/AWTEvent;)V (42 bytes) @ 0x00000272ec462d54 [0x00000272ec462c60+0x00000000000000f4]
J 18819 c1 java.awt.EventDispatchThread.pumpOneEventForFilters(I)V java.desktop@11.0.2 (113 bytes) @ 0x00000272e700873c [0x00000272e7007ea0+0x000000000000089c]
j  java.awt.EventDispatchThread.pumpEventsForFilter(ILjava/awt/Conditional;Ljava/awt/EventFilter;)V+35 java.desktop@11.0.2
j  java.awt.EventDispatchThread.pumpEventsForHierarchy(ILjava/awt/Conditional;Ljava/awt/Component;)V+11 java.desktop@11.0.2
j  java.awt.EventDispatchThread.pumpEvents(ILjava/awt/Conditional;)V+4 java.desktop@11.0.2
j  java.awt.EventDispatchThread.pumpEvents(Ljava/awt/Conditional;)V+3 java.desktop@11.0.2
j  java.awt.EventDispatchThread.run()V+9 java.desktop@11.0.2
v  ~StubRoutines::call_stub

siginfo: EXCEPTION_ACCESS_VIOLATION (0xc0000005), reading address 0x000001c800000024


Register to memory mapping:

RIP=0x00007ffc7c82617c librdi_filemgmt.dll
RAX=0x000001c80000001c is an unknown value
RBX={method} {0x000002728f11efb8} 'bYh' '()Ljava/lang/String;' in 'ui/data/design/Z'
RCX=0x0000027297075150 points into unknown readable memory: 1c 00 00 00 c8 01 00 00
RDX=0x000000e9b48fcda0 is pointing into the stack for thread: 0x000002728a6d0800
RSP=0x000000e9b48fcc70 is pointing into the stack for thread: 0x000002728a6d0800
RBP=0x000000e9b48fcdb0 is pointing into the stack for thread: 0x000002728a6d0800
RSI=0x000002728a6d0b40 points into unknown readable memory: a0 1c ee 8b fc 7f 00 00
RDI=0x0000000000001300 is an unknown value
R8 =0x0000027297075150 points into unknown readable memory: 1c 00 00 00 c8 01 00 00
R9 =0x0000000743ae9348 is an oop: java.lang.Class 
{0x0000000743ae9348} - klass: 'java/lang/Class'
R10=0x00007ffc7c826140 librdi_filemgmt.dll
R11=0x00000272e54e1d60 is at entry_point+32 in (nmethod*)0x00000272e54e1b90
R12=0x0 is NULL
R13=0x000000e9b48fce08 is pointing into the stack for thread: 0x000002728a6d0800
R14=0x000000e9b48fcda0 is pointing into the stack for thread: 0x000002728a6d0800
R15=0x000002728a6d0800 is a thread


Registers:
RAX=0x000001c80000001c, RBX=0x000002728f11efb0, RCX=0x0000027297075150, RDX=0x000000e9b48fcda0
RSP=0x000000e9b48fcc70, RBP=0x000000e9b48fcdb0, RSI=0x000002728a6d0b40, RDI=0x0000000000001300
R8 =0x0000027297075150, R9 =0x0000000743ae9348, R10=0x00007ffc7c826140, R11=0x00000272e54e1d60
R12=0x0000000000000000, R13=0x000000e9b48fce08, R14=0x000000e9b48fcda0, R15=0x000002728a6d0800
RIP=0x00007ffc7c82617c, EFLAGS=0x0000000000010202

Top of Stack: (sp=0x000000e9b48fcc70)
0x000000e9b48fcc70:   000000e9b48fcd40 000000e9b48fcd48
0x000000e9b48fcc80:   00000272a2ec5160 00007ffc00000002
0x000000e9b48fcc90:   000002728a6d0b40 fffffffffffffffe
0x000000e9b48fcca0:   000002728a6d0800 00000272d4fd0000
0x000000e9b48fccb0:   00000272d4f30000 000000e9b48fcd00
0x000000e9b48fccc0:   000000000080007e 00000272a21086f0
0x000000e9b48fccd0:   0000000000000000 00007ffce1937717
0x000000e9b48fcce0:   000002728a6d0800 0000000000000000
0x000000e9b48fccf0:   000000e9b48fce78 0000000000000000
0x000000e9b48fcd00:   00000272a21086f0 00007ffce41747b1
0x000000e9b48fcd10:   000002728a6d0800 00000272d4fd0000
0x000000e9b48fcd20:   000000e9b48fce10 0000000000000000
0x000000e9b48fcd30:   0000000000000000 0000ec6aae410858
0x000000e9b48fcd40:   0000000000001300 00000272ec3c862d
0x000000e9b48fcd50:   00000272a21086f0 000002728f11efb0
0x000000e9b48fcd60:   0000d7ffe9c9c052 0000027297075150 

Instructions: (pc=0x00007ffc7c82617c)
0x00007ffc7c82615c:   48 8b 05 2d b7 4e 00 48 33 c4 48 89 84 24 c8 00
0x00007ffc7c82616c:   00 00 48 8b f1 48 89 4c 24 20 49 8b 00 49 8b c8
0x00007ffc7c82617c:   ff 50 08 90 33 c9 48 89 8c 24 90 00 00 00 48 c7
0x00007ffc7c82618c:   84 24 98 00 00 00 07 00 00 00 66 89 8c 24 80 00 


Stack slot to memory mapping:
stack at sp + 0 slots: 0x000000e9b48fcd40 is pointing into the stack for thread: 0x000002728a6d0800
stack at sp + 1 slots: 0x000000e9b48fcd48 is pointing into the stack for thread: 0x000002728a6d0800
stack at sp + 2 slots: 0x00000272a2ec5160 points into unknown readable memory: 40 ce f3 d4 72 02 00 00
stack at sp + 3 slots: 0x00007ffc00000002 is an unknown value
stack at sp + 4 slots: 0x000002728a6d0b40 points into unknown readable memory: a0 1c ee 8b fc 7f 00 00
stack at sp + 5 slots: 0xfffffffffffffffe is an unknown value
stack at sp + 6 slots: 0x000002728a6d0800 is a thread
stack at sp + 7 slots: 0x00000272d4fd0000 points into unknown readable memory: 00 00 00 00 00 00 00 00


---------------  P R O C E S S  ---------------

Threads class SMR info:
_java_thread_list=0x000002729e44c160, length=33, elements={
0x00000272fbff2800, 0x00000272fcc1f000, 0x00000272fe903800, 0x00000272f5e81800,
0x00000272f5e82000, 0x00000272f5c7b800, 0x00000272ff1fb800, 0x00000272f5f32800,
0x00000272fe0f5000, 0x00000272fe0fd800, 0x0000027298c4c000, 0x0000027298bd3800,
0x0000027298bd4000, 0x00000272995ae800, 0x000002728a6d0800, 0x0000027288167800,
0x000002728830b800, 0x0000027298e40800, 0x00000272fb559000, 0x000002728cd9e000,
0x000002728cda3000, 0x000002728cd9f800, 0x000002728cda4000, 0x000002728cda1800,
0x000002728cd9f000, 0x000002728cda7000, 0x000002728cda8000, 0x000002728cda2000,
0x000002728cdab000, 0x000002728cdac000, 0x000002728cda9800, 0x000002728cda5800,
0x000002728cda0800
}

Java Threads: ( => current thread )
  0x00000272fbff2800 JavaThread "main" [_thread_blocked, id=14428, stack(0x000000e9ae500000,0x000000e9ae600000)]
  0x00000272fcc1f000 JavaThread "Reference Handler" daemon [_thread_blocked, id=19068, stack(0x000000e9b0300000,0x000000e9b0800000)]
  0x00000272fe903800 JavaThread "Finalizer" daemon [_thread_blocked, id=9784, stack(0x000000e9b0800000,0x000000e9b0d00000)]
  0x00000272f5e81800 JavaThread "Signal Dispatcher" daemon [_thread_blocked, id=10800, stack(0x000000e9b0d00000,0x000000e9b1200000)]
  0x00000272f5e82000 JavaThread "Attach Listener" daemon [_thread_blocked, id=4668, stack(0x000000e9b1200000,0x000000e9b1700000)]
  0x00000272f5c7b800 JavaThread "C2 CompilerThread0" daemon [_thread_blocked, id=16904, stack(0x000000e9b1700000,0x000000e9b1800000)]
  0x00000272ff1fb800 JavaThread "C1 CompilerThread0" daemon [_thread_blocked, id=9912, stack(0x000000e9b1800000,0x000000e9b1900000)]
  0x00000272f5f32800 JavaThread "Sweeper thread" daemon [_thread_blocked, id=11280, stack(0x000000e9b1900000,0x000000e9b1e00000)]
  0x00000272fe0f5000 JavaThread "Common-Cleaner" daemon [_thread_blocked, id=11236, stack(0x000000e9b1e00000,0x000000e9b2300000)]
  0x00000272fe0fd800 JavaThread "Service Thread" daemon [_thread_blocked, id=16860, stack(0x000000e9b2300000,0x000000e9b2800000)]
  0x0000027298c4c000 JavaThread "Java2D Disposer" daemon [_thread_blocked, id=14656, stack(0x000000e9b2a00000,0x000000e9b2f00000)]
  0x0000027298bd3800 JavaThread "AWT-Shutdown" [_thread_blocked, id=11580, stack(0x000000e9b2f00000,0x000000e9b3400000)]
  0x0000027298bd4000 JavaThread "AWT-Windows" daemon [_thread_in_native, id=16364, stack(0x000000e9b3400000,0x000000e9b3900000)]
  0x00000272995ae800 JavaThread "TimerQueue" daemon [_thread_blocked, id=9048, stack(0x000000e9b3900000,0x000000e9b3e00000)]
=>0x000002728a6d0800 JavaThread "AWT-EventQueue-0" [_thread_in_native, id=8624, stack(0x000000e9b4400000,0x000000e9b4900000)]
  0x0000027288167800 JavaThread "Thread-1" [_thread_in_native, id=19360, stack(0x000000e9ae600000,0x000000e9afa00000)]
  0x000002728830b800 JavaThread "Process Messages Thread" [_thread_blocked, id=19404, stack(0x000000e9b4e00000,0x000000e9b5300000)]
  0x0000027298e40800 JavaThread "Batik CleanerThread" daemon [_thread_blocked, id=1352, stack(0x000000e9b5b00000,0x000000e9b6000000)]
  0x00000272fb559000 JavaThread "SyntheticaCleanerThread" daemon [_thread_blocked, id=612, stack(0x000000e9b6500000,0x000000e9b6a00000)]
  0x000002728cd9e000 JavaThread "Monitor HEventQueue Thread" [_thread_blocked, id=14856, stack(0x000000e9b6a00000,0x000000e9b6f00000)]
  0x000002728cda3000 JavaThread "SyntheticaAnimation 50" daemon [_thread_blocked, id=9920, stack(0x000000e9b6f00000,0x000000e9b7400000)]
  0x000002728cd9f800 JavaThread "SyntheticaAnimation 25" daemon [_thread_blocked, id=6060, stack(0x000000e9b7400000,0x000000e9b7900000)]
  0x000002728cda4000 JavaThread "SyntheticaAnimation 70" daemon [_thread_blocked, id=18148, stack(0x000000e9b7e00000,0x000000e9b8300000)]
  0x000002728cda1800 JavaThread "Refresh Filesets Swing Worker Thread" [_thread_blocked, id=13144, stack(0x000000e9b6000000,0x000000e9b6500000)]
  0x000002728cd9f000 JavaThread "hw_ila_monitor" [_thread_blocked, id=13692, stack(0x000000e9b8300000,0x000000e9b8800000)]
  0x000002728cda7000 JavaThread "pool-2-thread-1" [_thread_blocked, id=10584, stack(0x000000e9b9200000,0x000000e9b9700000)]
  0x000002728cda8000 JavaThread "pool-3-thread-1" [_thread_blocked, id=14004, stack(0x000000e9b9700000,0x000000e9b9c00000)]
  0x000002728cda2000 JavaThread "pool-4-thread-1" [_thread_blocked, id=2496, stack(0x000000e9b9c00000,0x000000e9ba100000)]
  0x000002728cdab000 JavaThread "Update Runs Swing Worker Thread" [_thread_blocked, id=19264, stack(0x000000e9b3e00000,0x000000e9b4300000)]
  0x000002728cdac000 JavaThread "SyntheticaAnimation 50" daemon [_thread_blocked, id=17704, stack(0x000000e9ba100000,0x000000e9ba600000)]
  0x000002728cda9800 JavaThread "Swing-Shell" daemon [_thread_blocked, id=17172, stack(0x000000e9b8d00000,0x000000e9b9200000)]
  0x000002728cda5800 JavaThread "Customize IP Thread" [_thread_blocked, id=2648, stack(0x000000e9b8800000,0x000000e9b8d00000)]
  0x000002728cda0800 JavaThread "Image Animator 0" daemon [_thread_blocked, id=17636, stack(0x000000e9bb100000,0x000000e9bb600000)]

Other Threads:
  0x00000272fca21000 VMThread "VM Thread" [stack: 0x000000e9b0200000,0x000000e9b0300000] [id=9840]
  0x00000272fece3800 WatcherThread [stack: 0x000000e9b2800000,0x000000e9b2900000] [id=7596]
  0x00000272fb143000 GCTaskThread "GC Thread#0" [stack: 0x000000e9afd00000,0x000000e9afe00000] [id=14824]
  0x0000027298ec8800 GCTaskThread "GC Thread#1" [stack: 0x000000e9b5300000,0x000000e9b5400000] [id=3980]
  0x0000027298fa7000 GCTaskThread "GC Thread#2" [stack: 0x000000e9b5400000,0x000000e9b5500000] [id=2604]
  0x0000027298fa7800 GCTaskThread "GC Thread#3" [stack: 0x000000e9b5500000,0x000000e9b5600000] [id=14684]
  0x0000027299518800 GCTaskThread "GC Thread#4" [stack: 0x000000e9b5600000,0x000000e9b5700000] [id=18692]
  0x0000027299519800 GCTaskThread "GC Thread#5" [stack: 0x000000e9b5700000,0x000000e9b5800000] [id=15956]
  0x0000027298e9a800 GCTaskThread "GC Thread#6" [stack: 0x000000e9b5800000,0x000000e9b5900000] [id=12040]
  0x0000027298e9b000 GCTaskThread "GC Thread#7" [stack: 0x000000e9b5900000,0x000000e9b5a00000] [id=12152]
  0x00000272d9fbd000 ConcurrentGCThread "G1 Main Marker" [stack: 0x000000e9afe00000,0x000000e9aff00000] [id=6852]
  0x00000272fdee5800 ConcurrentGCThread "G1 Conc#0" [stack: 0x000000e9aff00000,0x000000e9b0000000] [id=8644]
  0x0000027288523800 ConcurrentGCThread "G1 Conc#1" [stack: 0x000000e9b4900000,0x000000e9b4a00000] [id=17204]
  0x00000272fd2f2800 ConcurrentGCThread "G1 Refine#0" [stack: 0x000000e9b0000000,0x000000e9b0100000] [id=8260]
  0x000002728869b800 ConcurrentGCThread "G1 Refine#1" [stack: 0x000000e9b5a00000,0x000000e9b5b00000] [id=15664]
  0x00000272881f2800 ConcurrentGCThread "G1 Refine#2" [stack: 0x000000e9b4a00000,0x000000e9b4b00000] [id=16908]
  0x00000272f676c800 ConcurrentGCThread "G1 Young RemSet Sampling" [stack: 0x000000e9b0100000,0x000000e9b0200000] [id=12056]

Threads with active compile tasks:

VM state:not at safepoint (normal execution)

VM Mutex/Monitor currently owned by a thread: None

Heap address: 0x0000000740000000, size: 3072 MB, Compressed Oops mode: Zero based, Oop shift amount: 3
Narrow klass base: 0x0000000800000000, Narrow klass shift: 0
Compressed class space size: 1073741824 Address: 0x0000000800000000

Heap:
 garbage-first heap   total 171008K, used 150862K [0x0000000740000000, 0x0000000800000000)
  region size 1024K, 50 young (51200K), 7 survivors (7168K)
 Metaspace       used 97110K, capacity 99678K, committed 99868K, reserved 1134592K
  class space    used 13513K, capacity 14674K, committed 14796K, reserved 1048576K
Heap Regions: E=young(eden), S=young(survivor), O=old, HS=humongous(starts), HC=humongous(continues), CS=collection set, F=free, A=archive, TAMS=top-at-mark-start (previous, next)
|   0|0x0000000740000000, 0x0000000740100000, 0x0000000740100000|100%|HS|  |TAMS 0x0000000740100000, 0x0000000740000000| Complete 
|   1|0x0000000740100000, 0x0000000740200000, 0x0000000740200000|100%|HC|  |TAMS 0x0000000740200000, 0x0000000740100000| Complete 
|   2|0x0000000740200000, 0x0000000740300000, 0x0000000740300000|100%|HS|  |TAMS 0x0000000740300000, 0x0000000740200000| Complete 
|   3|0x0000000740300000, 0x00000007403fffb8, 0x0000000740400000| 99%| O|  |TAMS 0x00000007403fffb8, 0x0000000740300000| Untracked 
|   4|0x0000000740400000, 0x00000007404ffff0, 0x0000000740500000| 99%| O|  |TAMS 0x00000007404ffff0, 0x0000000740400000| Untracked 
|   5|0x0000000740500000, 0x00000007405ffed0, 0x0000000740600000| 99%| O|  |TAMS 0x00000007405ffed0, 0x0000000740500000| Untracked 
|   6|0x0000000740600000, 0x00000007406ffff8, 0x0000000740700000| 99%| O|  |TAMS 0x00000007406ffff8, 0x0000000740600000| Untracked 
|   7|0x0000000740700000, 0x00000007407fd250, 0x0000000740800000| 98%| O|  |TAMS 0x00000007407fd250, 0x0000000740700000| Untracked 
|   8|0x0000000740800000, 0x00000007408f8e80, 0x0000000740900000| 97%| O|  |TAMS 0x00000007408f8e80, 0x0000000740800000| Untracked 
|   9|0x0000000740900000, 0x00000007409ffff8, 0x0000000740a00000| 99%| O|  |TAMS 0x00000007409ffff8, 0x0000000740900000| Untracked 
|  10|0x0000000740a00000, 0x0000000740afffe8, 0x0000000740b00000| 99%| O|  |TAMS 0x0000000740afffe8, 0x0000000740a00000| Untracked 
|  11|0x0000000740b00000, 0x0000000740bfff90, 0x0000000740c00000| 99%| O|  |TAMS 0x0000000740bfff90, 0x0000000740b00000| Untracked 
|  12|0x0000000740c00000, 0x0000000740cfc618, 0x0000000740d00000| 98%| O|  |TAMS 0x0000000740cfc618, 0x0000000740c00000| Untracked 
|  13|0x0000000740d00000, 0x0000000740dfece0, 0x0000000740e00000| 99%| O|  |TAMS 0x0000000740dfece0, 0x0000000740d00000| Untracked 
|  14|0x0000000740e00000, 0x0000000740ecfd68, 0x0000000740f00000| 81%| O|  |TAMS 0x0000000740ecfd68, 0x0000000740e00000| Untracked 
|  15|0x0000000740f00000, 0x0000000740fffff0, 0x0000000741000000| 99%| O|  |TAMS 0x0000000740fffff0, 0x0000000740f00000| Untracked 
|  16|0x0000000741000000, 0x0000000741100000, 0x0000000741100000|100%| O|  |TAMS 0x0000000741100000, 0x0000000741000000| Untracked 
|  17|0x0000000741100000, 0x00000007411fffb0, 0x0000000741200000| 99%| O|  |TAMS 0x00000007411fffb0, 0x0000000741100000| Untracked 
|  18|0x0000000741200000, 0x0000000741300000, 0x0000000741300000|100%| O|  |TAMS 0x0000000741300000, 0x0000000741200000| Untracked 
|  19|0x0000000741300000, 0x00000007413ffff0, 0x0000000741400000| 99%| O|  |TAMS 0x00000007413ffff0, 0x0000000741300000| Untracked 
|  20|0x0000000741400000, 0x00000007414fffb8, 0x0000000741500000| 99%| O|  |TAMS 0x00000007414fffb8, 0x0000000741400000| Untracked 
|  21|0x0000000741500000, 0x00000007415ffff0, 0x0000000741600000| 99%| O|  |TAMS 0x00000007415ffff0, 0x0000000741500000| Untracked 
|  22|0x0000000741600000, 0x00000007416fffe0, 0x0000000741700000| 99%| O|  |TAMS 0x00000007416fffe0, 0x0000000741600000| Untracked 
|  23|0x0000000741700000, 0x00000007417ffff0, 0x0000000741800000| 99%| O|  |TAMS 0x00000007417ffff0, 0x0000000741700000| Untracked 
|  24|0x0000000741800000, 0x0000000741900000, 0x0000000741900000|100%| O|  |TAMS 0x0000000741900000, 0x0000000741800000| Untracked 
|  25|0x0000000741900000, 0x00000007419fffe0, 0x0000000741a00000| 99%| O|  |TAMS 0x00000007419fffe0, 0x0000000741900000| Untracked 
|  26|0x0000000741a00000, 0x0000000741affff8, 0x0000000741b00000| 99%| O|  |TAMS 0x0000000741affff8, 0x0000000741a00000| Untracked 
|  27|0x0000000741b00000, 0x0000000741bfffe0, 0x0000000741c00000| 99%| O|  |TAMS 0x0000000741bfffe0, 0x0000000741b00000| Untracked 
|  28|0x0000000741c00000, 0x0000000741c6cc00, 0x0000000741d00000| 42%| O|  |TAMS 0x0000000741c6cc00, 0x0000000741c00000| Untracked 
|  29|0x0000000741d00000, 0x0000000741dfffe0, 0x0000000741e00000| 99%| O|  |TAMS 0x0000000741dfffe0, 0x0000000741d00000| Untracked 
|  30|0x0000000741e00000, 0x0000000741effff8, 0x0000000741f00000| 99%| O|  |TAMS 0x0000000741effff8, 0x0000000741e00000| Untracked 
|  31|0x0000000741f00000, 0x0000000742000000, 0x0000000742000000|100%| O|  |TAMS 0x0000000742000000, 0x0000000741f00000| Untracked 
|  32|0x0000000742000000, 0x0000000742100000, 0x0000000742100000|100%| O|  |TAMS 0x0000000742100000, 0x0000000742000000| Untracked 
|  33|0x0000000742100000, 0x0000000742200000, 0x0000000742200000|100%| O|  |TAMS 0x0000000742200000, 0x0000000742100000| Untracked 
|  34|0x0000000742200000, 0x00000007422fffe0, 0x0000000742300000| 99%| O|  |TAMS 0x00000007422fffe0, 0x0000000742200000| Untracked 
|  35|0x0000000742300000, 0x00000007423ffff8, 0x0000000742400000| 99%| O|  |TAMS 0x00000007423ffff8, 0x0000000742300000| Untracked 
|  36|0x0000000742400000, 0x00000007424fffd8, 0x0000000742500000| 99%| O|  |TAMS 0x00000007424fffd8, 0x0000000742400000| Untracked 
|  37|0x0000000742500000, 0x0000000742600000, 0x0000000742600000|100%| O|  |TAMS 0x0000000742600000, 0x0000000742500000| Untracked 
|  38|0x0000000742600000, 0x00000007426fffc0, 0x0000000742700000| 99%| O|  |TAMS 0x00000007426fffc0, 0x0000000742600000| Untracked 
|  39|0x0000000742700000, 0x0000000742800000, 0x0000000742800000|100%| O|  |TAMS 0x0000000742800000, 0x0000000742700000| Untracked 
|  40|0x0000000742800000, 0x0000000742900000, 0x0000000742900000|100%| O|  |TAMS 0x0000000742900000, 0x0000000742800000| Untracked 
|  41|0x0000000742900000, 0x0000000742a00000, 0x0000000742a00000|100%| O|  |TAMS 0x0000000742a00000, 0x0000000742900000| Untracked 
|  42|0x0000000742a00000, 0x0000000742b00000, 0x0000000742b00000|100%| O|  |TAMS 0x0000000742b00000, 0x0000000742a00000| Untracked 
|  43|0x0000000742b00000, 0x0000000742c00000, 0x0000000742c00000|100%| O|  |TAMS 0x0000000742c00000, 0x0000000742b00000| Untracked 
|  44|0x0000000742c00000, 0x0000000742d00000, 0x0000000742d00000|100%| O|  |TAMS 0x0000000742d00000, 0x0000000742c00000| Untracked 
|  45|0x0000000742d00000, 0x0000000742e00000, 0x0000000742e00000|100%| O|  |TAMS 0x0000000742e00000, 0x0000000742d00000| Untracked 
|  46|0x0000000742e00000, 0x0000000742efffa0, 0x0000000742f00000| 99%| O|  |TAMS 0x0000000742efffa0, 0x0000000742e00000| Untracked 
|  47|0x0000000742f00000, 0x0000000742fffff8, 0x0000000743000000| 99%| O|  |TAMS 0x0000000742fffff8, 0x0000000742f00000| Untracked 
|  48|0x0000000743000000, 0x00000007430f0fb8, 0x0000000743100000| 94%| O|  |TAMS 0x00000007430f0fb8, 0x0000000743000000| Untracked 
|  49|0x0000000743100000, 0x00000007431ffff8, 0x0000000743200000| 99%| O|  |TAMS 0x00000007431ffff8, 0x0000000743100000| Untracked 
|  50|0x0000000743200000, 0x0000000743300000, 0x0000000743300000|100%| O|  |TAMS 0x0000000743300000, 0x0000000743200000| Untracked 
|  51|0x0000000743300000, 0x0000000743400000, 0x0000000743400000|100%| O|  |TAMS 0x0000000743400000, 0x0000000743300000| Untracked 
|  52|0x0000000743400000, 0x0000000743500000, 0x0000000743500000|100%| O|  |TAMS 0x0000000743500000, 0x0000000743400000| Untracked 
|  53|0x0000000743500000, 0x0000000743600000, 0x0000000743600000|100%| O|  |TAMS 0x0000000743600000, 0x0000000743500000| Untracked 
|  54|0x0000000743600000, 0x0000000743700000, 0x0000000743700000|100%| O|  |TAMS 0x0000000743700000, 0x0000000743600000| Untracked 
|  55|0x0000000743700000, 0x0000000743800000, 0x0000000743800000|100%| O|  |TAMS 0x0000000743800000, 0x0000000743700000| Untracked 
|  56|0x0000000743800000, 0x0000000743900000, 0x0000000743900000|100%| O|  |TAMS 0x0000000743900000, 0x0000000743800000| Untracked 
|  57|0x0000000743900000, 0x0000000743a00000, 0x0000000743a00000|100%| O|  |TAMS 0x0000000743a00000, 0x0000000743900000| Untracked 
|  58|0x0000000743a00000, 0x0000000743b00000, 0x0000000743b00000|100%| O|  |TAMS 0x0000000743b00000, 0x0000000743a00000| Untracked 
|  59|0x0000000743b00000, 0x0000000743c00000, 0x0000000743c00000|100%| O|  |TAMS 0x0000000743c00000, 0x0000000743b00000| Untracked 
|  60|0x0000000743c00000, 0x0000000743d00000, 0x0000000743d00000|100%| O|  |TAMS 0x0000000743d00000, 0x0000000743c00000| Untracked 
|  61|0x0000000743d00000, 0x0000000743e00000, 0x0000000743e00000|100%| O|  |TAMS 0x0000000743e00000, 0x0000000743d00000| Untracked 
|  62|0x0000000743e00000, 0x0000000743f00000, 0x0000000743f00000|100%| O|  |TAMS 0x0000000743f00000, 0x0000000743e00000| Untracked 
|  63|0x0000000743f00000, 0x0000000743ffe670, 0x0000000744000000| 99%| O|  |TAMS 0x0000000743ffe670, 0x0000000743f00000| Untracked 
|  64|0x0000000744000000, 0x0000000744100000, 0x0000000744100000|100%| O|  |TAMS 0x0000000744100000, 0x0000000744000000| Untracked 
|  65|0x0000000744100000, 0x0000000744200000, 0x0000000744200000|100%| O|  |TAMS 0x0000000744200000, 0x0000000744100000| Untracked 
|  66|0x0000000744200000, 0x0000000744300000, 0x0000000744300000|100%| O|  |TAMS 0x0000000744300000, 0x0000000744200000| Untracked 
|  67|0x0000000744300000, 0x0000000744400000, 0x0000000744400000|100%| O|  |TAMS 0x0000000744400000, 0x0000000744300000| Untracked 
|  68|0x0000000744400000, 0x0000000744500000, 0x0000000744500000|100%| O|  |TAMS 0x0000000744500000, 0x0000000744400000| Untracked 
|  69|0x0000000744500000, 0x0000000744600000, 0x0000000744600000|100%| O|  |TAMS 0x0000000744600000, 0x0000000744500000| Untracked 
|  70|0x0000000744600000, 0x0000000744700000, 0x0000000744700000|100%| O|  |TAMS 0x0000000744700000, 0x0000000744600000| Untracked 
|  71|0x0000000744700000, 0x0000000744800000, 0x0000000744800000|100%| O|  |TAMS 0x0000000744800000, 0x0000000744700000| Untracked 
|  72|0x0000000744800000, 0x0000000744900000, 0x0000000744900000|100%| O|  |TAMS 0x0000000744900000, 0x0000000744800000| Untracked 
|  73|0x0000000744900000, 0x0000000744a00000, 0x0000000744a00000|100%| O|  |TAMS 0x0000000744a00000, 0x0000000744900000| Untracked 
|  74|0x0000000744a00000, 0x0000000744b00000, 0x0000000744b00000|100%| O|  |TAMS 0x0000000744b00000, 0x0000000744a00000| Untracked 
|  75|0x0000000744b00000, 0x0000000744c00000, 0x0000000744c00000|100%| O|  |TAMS 0x0000000744c00000, 0x0000000744b00000| Untracked 
|  76|0x0000000744c00000, 0x0000000744d00000, 0x0000000744d00000|100%| O|  |TAMS 0x0000000744d00000, 0x0000000744c00000| Untracked 
|  77|0x0000000744d00000, 0x0000000744e00000, 0x0000000744e00000|100%| O|  |TAMS 0x0000000744e00000, 0x0000000744d00000| Untracked 
|  78|0x0000000744e00000, 0x0000000744f00000, 0x0000000744f00000|100%| O|  |TAMS 0x0000000744f00000, 0x0000000744e00000| Untracked 
|  79|0x0000000744f00000, 0x0000000745000000, 0x0000000745000000|100%|HS|  |TAMS 0x0000000745000000, 0x0000000744f00000| Complete 
|  80|0x0000000745000000, 0x0000000745100000, 0x0000000745100000|100%|HC|  |TAMS 0x0000000745100000, 0x0000000745000000| Complete 
|  81|0x0000000745100000, 0x0000000745200000, 0x0000000745200000|100%|HC|  |TAMS 0x0000000745200000, 0x0000000745100000| Complete 
|  82|0x0000000745200000, 0x0000000745300000, 0x0000000745300000|100%|HC|  |TAMS 0x0000000745300000, 0x0000000745200000| Complete 
|  83|0x0000000745300000, 0x0000000745400000, 0x0000000745400000|100%|HC|  |TAMS 0x0000000745400000, 0x0000000745300000| Complete 
|  84|0x0000000745400000, 0x0000000745500000, 0x0000000745500000|100%|HC|  |TAMS 0x0000000745500000, 0x0000000745400000| Complete 
|  85|0x0000000745500000, 0x0000000745600000, 0x0000000745600000|100%|HC|  |TAMS 0x0000000745600000, 0x0000000745500000| Complete 
|  86|0x0000000745600000, 0x0000000745700000, 0x0000000745700000|100%|HC|  |TAMS 0x0000000745700000, 0x0000000745600000| Complete 
|  87|0x0000000745700000, 0x0000000745800000, 0x0000000745800000|100%| O|  |TAMS 0x0000000745800000, 0x0000000745700000| Untracked 
|  88|0x0000000745800000, 0x0000000745900000, 0x0000000745900000|100%| O|  |TAMS 0x0000000745900000, 0x0000000745800000| Untracked 
|  89|0x0000000745900000, 0x0000000745a00000, 0x0000000745a00000|100%| O|  |TAMS 0x0000000745a00000, 0x0000000745900000| Untracked 
|  90|0x0000000745a00000, 0x0000000745b00000, 0x0000000745b00000|100%| O|  |TAMS 0x0000000745b00000, 0x0000000745a00000| Untracked 
|  91|0x0000000745b00000, 0x0000000745c00000, 0x0000000745c00000|100%| O|  |TAMS 0x0000000745c00000, 0x0000000745b00000| Untracked 
|  92|0x0000000745c00000, 0x0000000745d00000, 0x0000000745d00000|100%| O|  |TAMS 0x0000000745d00000, 0x0000000745c00000| Untracked 
|  93|0x0000000745d00000, 0x0000000745e00000, 0x0000000745e00000|100%| O|  |TAMS 0x0000000745e00000, 0x0000000745d00000| Untracked 
|  94|0x0000000745e00000, 0x0000000745f00000, 0x0000000745f00000|100%| O|  |TAMS 0x0000000745f00000, 0x0000000745e00000| Untracked 
|  95|0x0000000745f00000, 0x0000000746000000, 0x0000000746000000|100%| O|  |TAMS 0x0000000746000000, 0x0000000745f00000| Untracked 
|  96|0x0000000746000000, 0x0000000746100000, 0x0000000746100000|100%| O|  |TAMS 0x0000000746100000, 0x0000000746000000| Untracked 
|  97|0x0000000746100000, 0x0000000746200000, 0x0000000746200000|100%| O|  |TAMS 0x0000000746200000, 0x0000000746100000| Untracked 
|  98|0x0000000746200000, 0x0000000746300000, 0x0000000746300000|100%| O|  |TAMS 0x0000000746300000, 0x0000000746200000| Untracked 
|  99|0x0000000746300000, 0x0000000746400000, 0x0000000746400000|100%| O|  |TAMS 0x0000000746400000, 0x0000000746300000| Untracked 
| 100|0x0000000746400000, 0x0000000746400000, 0x0000000746500000|  0%| F|  |TAMS 0x0000000746400000, 0x0000000746400000| Untracked 
| 101|0x0000000746500000, 0x0000000746600000, 0x0000000746600000|100%| S|CS|TAMS 0x0000000746500000, 0x0000000746500000| Complete 
| 102|0x0000000746600000, 0x0000000746600000, 0x0000000746700000|  0%| F|  |TAMS 0x0000000746600000, 0x0000000746600000| Untracked 
| 103|0x0000000746700000, 0x0000000746700000, 0x0000000746800000|  0%| F|  |TAMS 0x0000000746700000, 0x0000000746700000| Untracked 
| 104|0x0000000746800000, 0x0000000746900000, 0x0000000746900000|100%| S|CS|TAMS 0x0000000746800000, 0x0000000746800000| Complete 
| 105|0x0000000746900000, 0x0000000746900000, 0x0000000746a00000|  0%| F|  |TAMS 0x0000000746900000, 0x0000000746900000| Untracked 
| 106|0x0000000746a00000, 0x0000000746b00000, 0x0000000746b00000|100%| S|CS|TAMS 0x0000000746a00000, 0x0000000746a00000| Complete 
| 107|0x0000000746b00000, 0x0000000746c00000, 0x0000000746c00000|100%| S|CS|TAMS 0x0000000746b00000, 0x0000000746b00000| Complete 
| 108|0x0000000746c00000, 0x0000000746c00000, 0x0000000746d00000|  0%| F|  |TAMS 0x0000000746c00000, 0x0000000746c00000| Untracked 
| 109|0x0000000746d00000, 0x0000000746e00000, 0x0000000746e00000|100%| S|CS|TAMS 0x0000000746d00000, 0x0000000746d00000| Complete 
| 110|0x0000000746e00000, 0x0000000746f00000, 0x0000000746f00000|100%| S|CS|TAMS 0x0000000746e00000, 0x0000000746e00000| Complete 
| 111|0x0000000746f00000, 0x0000000746f00000, 0x0000000747000000|  0%| F|  |TAMS 0x0000000746f00000, 0x0000000746f00000| Untracked 
| 112|0x0000000747000000, 0x0000000747000000, 0x0000000747100000|  0%| F|  |TAMS 0x0000000747000000, 0x0000000747000000| Untracked 
| 113|0x0000000747100000, 0x0000000747100000, 0x0000000747200000|  0%| F|  |TAMS 0x0000000747100000, 0x0000000747100000| Untracked 
| 114|0x0000000747200000, 0x0000000747200000, 0x0000000747300000|  0%| F|  |TAMS 0x0000000747200000, 0x0000000747200000| Untracked 
| 115|0x0000000747300000, 0x0000000747300000, 0x0000000747400000|  0%| F|  |TAMS 0x0000000747300000, 0x0000000747300000| Untracked 
| 116|0x0000000747400000, 0x0000000747400000, 0x0000000747500000|  0%| F|  |TAMS 0x0000000747400000, 0x0000000747400000| Untracked 
| 117|0x0000000747500000, 0x0000000747500000, 0x0000000747600000|  0%| F|  |TAMS 0x0000000747500000, 0x0000000747500000| Untracked 
| 118|0x0000000747600000, 0x0000000747600000, 0x0000000747700000|  0%| F|  |TAMS 0x0000000747600000, 0x0000000747600000| Untracked 
| 119|0x0000000747700000, 0x0000000747700000, 0x0000000747800000|  0%| F|  |TAMS 0x0000000747700000, 0x0000000747700000| Untracked 
| 120|0x0000000747800000, 0x0000000747800000, 0x0000000747900000|  0%| F|  |TAMS 0x0000000747800000, 0x0000000747800000| Untracked 
| 121|0x0000000747900000, 0x0000000747900000, 0x0000000747a00000|  0%| F|  |TAMS 0x0000000747900000, 0x0000000747900000| Untracked 
| 122|0x0000000747a00000, 0x0000000747a00000, 0x0000000747b00000|  0%| F|  |TAMS 0x0000000747a00000, 0x0000000747a00000| Untracked 
| 123|0x0000000747b00000, 0x0000000747b8e0b8, 0x0000000747c00000| 55%| E|  |TAMS 0x0000000747b00000, 0x0000000747b00000| Complete 
| 124|0x0000000747c00000, 0x0000000747d00000, 0x0000000747d00000|100%| E|CS|TAMS 0x0000000747c00000, 0x0000000747c00000| Complete 
| 125|0x0000000747d00000, 0x0000000747e00000, 0x0000000747e00000|100%| E|CS|TAMS 0x0000000747d00000, 0x0000000747d00000| Complete 
| 126|0x0000000747e00000, 0x0000000747f00000, 0x0000000747f00000|100%| E|CS|TAMS 0x0000000747e00000, 0x0000000747e00000| Complete 
| 127|0x0000000747f00000, 0x0000000748000000, 0x0000000748000000|100%| E|CS|TAMS 0x0000000747f00000, 0x0000000747f00000| Complete 
| 128|0x0000000748000000, 0x0000000748100000, 0x0000000748100000|100%| E|CS|TAMS 0x0000000748000000, 0x0000000748000000| Complete 
| 129|0x0000000748100000, 0x0000000748200000, 0x0000000748200000|100%| E|CS|TAMS 0x0000000748100000, 0x0000000748100000| Complete 
| 130|0x0000000748200000, 0x0000000748300000, 0x0000000748300000|100%| E|CS|TAMS 0x0000000748200000, 0x0000000748200000| Complete 
| 131|0x0000000748300000, 0x0000000748400000, 0x0000000748400000|100%| E|CS|TAMS 0x0000000748300000, 0x0000000748300000| Complete 
| 132|0x0000000748400000, 0x0000000748500000, 0x0000000748500000|100%| E|CS|TAMS 0x0000000748400000, 0x0000000748400000| Complete 
| 133|0x0000000748500000, 0x0000000748600000, 0x0000000748600000|100%| E|CS|TAMS 0x0000000748500000, 0x0000000748500000| Complete 
| 134|0x0000000748600000, 0x0000000748700000, 0x0000000748700000|100%| E|CS|TAMS 0x0000000748600000, 0x0000000748600000| Complete 
| 135|0x0000000748700000, 0x0000000748800000, 0x0000000748800000|100%| E|CS|TAMS 0x0000000748700000, 0x0000000748700000| Complete 
| 136|0x0000000748800000, 0x0000000748900000, 0x0000000748900000|100%| E|CS|TAMS 0x0000000748800000, 0x0000000748800000| Complete 
| 137|0x0000000748900000, 0x0000000748a00000, 0x0000000748a00000|100%| E|CS|TAMS 0x0000000748900000, 0x0000000748900000| Complete 
| 138|0x0000000748a00000, 0x0000000748b00000, 0x0000000748b00000|100%| E|CS|TAMS 0x0000000748a00000, 0x0000000748a00000| Complete 
| 139|0x0000000748b00000, 0x0000000748c00000, 0x0000000748c00000|100%| E|CS|TAMS 0x0000000748b00000, 0x0000000748b00000| Complete 
| 140|0x0000000748c00000, 0x0000000748d00000, 0x0000000748d00000|100%| E|CS|TAMS 0x0000000748c00000, 0x0000000748c00000| Complete 
| 141|0x0000000748d00000, 0x0000000748e00000, 0x0000000748e00000|100%| E|CS|TAMS 0x0000000748d00000, 0x0000000748d00000| Complete 
| 142|0x0000000748e00000, 0x0000000748f00000, 0x0000000748f00000|100%| E|CS|TAMS 0x0000000748e00000, 0x0000000748e00000| Complete 
| 143|0x0000000748f00000, 0x0000000749000000, 0x0000000749000000|100%| E|CS|TAMS 0x0000000748f00000, 0x0000000748f00000| Complete 
| 144|0x0000000749000000, 0x0000000749100000, 0x0000000749100000|100%| E|CS|TAMS 0x0000000749000000, 0x0000000749000000| Complete 
| 145|0x0000000749100000, 0x0000000749200000, 0x0000000749200000|100%| E|CS|TAMS 0x0000000749100000, 0x0000000749100000| Complete 
| 146|0x0000000749200000, 0x0000000749300000, 0x0000000749300000|100%| E|CS|TAMS 0x0000000749200000, 0x0000000749200000| Complete 
| 147|0x0000000749300000, 0x0000000749400000, 0x0000000749400000|100%| E|CS|TAMS 0x0000000749300000, 0x0000000749300000| Complete 
| 148|0x0000000749400000, 0x0000000749500000, 0x0000000749500000|100%| E|CS|TAMS 0x0000000749400000, 0x0000000749400000| Complete 
| 149|0x0000000749500000, 0x0000000749600000, 0x0000000749600000|100%| E|CS|TAMS 0x0000000749500000, 0x0000000749500000| Complete 
| 150|0x0000000749600000, 0x0000000749700000, 0x0000000749700000|100%| E|CS|TAMS 0x0000000749600000, 0x0000000749600000| Complete 
| 151|0x0000000749700000, 0x0000000749800000, 0x0000000749800000|100%| E|CS|TAMS 0x0000000749700000, 0x0000000749700000| Complete 
| 152|0x0000000749800000, 0x0000000749900000, 0x0000000749900000|100%| E|CS|TAMS 0x0000000749800000, 0x0000000749800000| Complete 
| 153|0x0000000749900000, 0x0000000749a00000, 0x0000000749a00000|100%| E|CS|TAMS 0x0000000749900000, 0x0000000749900000| Complete 
| 154|0x0000000749a00000, 0x0000000749b00000, 0x0000000749b00000|100%| E|CS|TAMS 0x0000000749a00000, 0x0000000749a00000| Complete 
| 155|0x0000000749b00000, 0x0000000749c00000, 0x0000000749c00000|100%| E|CS|TAMS 0x0000000749b00000, 0x0000000749b00000| Complete 
| 156|0x0000000749c00000, 0x0000000749d00000, 0x0000000749d00000|100%| E|CS|TAMS 0x0000000749c00000, 0x0000000749c00000| Complete 
| 157|0x0000000749d00000, 0x0000000749e00000, 0x0000000749e00000|100%| E|CS|TAMS 0x0000000749d00000, 0x0000000749d00000| Complete 
| 158|0x0000000749e00000, 0x0000000749f00000, 0x0000000749f00000|100%| E|CS|TAMS 0x0000000749e00000, 0x0000000749e00000| Complete 
| 159|0x0000000749f00000, 0x000000074a000000, 0x000000074a000000|100%| E|CS|TAMS 0x0000000749f00000, 0x0000000749f00000| Complete 
| 160|0x000000074a000000, 0x000000074a100000, 0x000000074a100000|100%| E|CS|TAMS 0x000000074a000000, 0x000000074a000000| Complete 
| 161|0x000000074a100000, 0x000000074a200000, 0x000000074a200000|100%| E|CS|TAMS 0x000000074a100000, 0x000000074a100000| Complete 
| 162|0x000000074a200000, 0x000000074a300000, 0x000000074a300000|100%| E|CS|TAMS 0x000000074a200000, 0x000000074a200000| Complete 
| 163|0x000000074a300000, 0x000000074a400000, 0x000000074a400000|100%| E|CS|TAMS 0x000000074a300000, 0x000000074a300000| Complete 
| 164|0x000000074a400000, 0x000000074a500000, 0x000000074a500000|100%| E|CS|TAMS 0x000000074a400000, 0x000000074a400000| Complete 
| 165|0x000000074a500000, 0x000000074a600000, 0x000000074a600000|100%| E|CS|TAMS 0x000000074a500000, 0x000000074a500000| Complete 
| 166|0x000000074a600000, 0x000000074a636c70, 0x000000074a700000| 21%| S|CS|TAMS 0x000000074a600000, 0x000000074a600000| Complete 

Card table byte_map: [0x00000272f3650000,0x00000272f3c50000] _byte_map_base: 0x00000272efc50000

Marking Bits (Prev, Next): (CMBitMap*) 0x00000272f5eaf960, (CMBitMap*) 0x00000272f5eaf928
 Prev Bits: [0x0000027283000000, 0x0000027286000000)
 Next Bits: [0x0000027280000000, 0x0000027283000000)

Polling page: 0x00000272d6b30000

Metaspace:

Usage:
  Non-class:     83.01 MB capacity,    81.64 MB ( 98%) used,     1.04 MB (  1%) free+waste,   340.31 KB ( <1%) overhead. 
      Class:     14.33 MB capacity,    13.20 MB ( 92%) used,   994.54 KB (  7%) free+waste,   165.81 KB (  1%) overhead. 
       Both:     97.34 MB capacity,    94.83 MB ( 97%) used,     2.01 MB (  2%) free+waste,   506.13 KB ( <1%) overhead. 

Virtual space:
  Non-class space:       84.00 MB reserved,      83.08 MB ( 99%) committed 
      Class space:        1.00 GB reserved,      14.45 MB (  1%) committed 
             Both:        1.08 GB reserved,      97.53 MB (  9%) committed 

Chunk freelists:
   Non-Class:  512 bytes
       Class:  1.75 KB
        Both:  2.25 KB

CodeHeap 'non-profiled nmethods': size=120000Kb used=18170Kb max_used=18170Kb free=101829Kb
 bounds [0x00000272eba10000, 0x00000272ecbd0000, 0x00000272f2f40000]
CodeHeap 'profiled nmethods': size=120000Kb used=45700Kb max_used=45700Kb free=74299Kb
 bounds [0x00000272e44e0000, 0x00000272e71b0000, 0x00000272eba10000]
CodeHeap 'non-nmethods': size=5760Kb used=1731Kb max_used=1766Kb free=4028Kb
 bounds [0x00000272e3f40000, 0x00000272e41b0000, 0x00000272e44e0000]
 total_blobs=28447 nmethods=16689 adapters=1240
 compilation: enabled
              stopped_count=0, restarted_count=0
 full_count=0

Compilation events (10 events):
Event: 99.160 Thread 0x00000272ff1fb800 19868       3       javax.swing.text.StyledEditorKit::<init> (13 bytes)
Event: 99.161 Thread 0x00000272ff1fb800 nmethod 19868 0x00000272e71aab90 code [0x00000272e71aae00, 0x00000272e71ab770]
Event: 99.162 Thread 0x00000272f5c7b800 nmethod 19843 0x00000272ecbc9a90 code [0x00000272ecbc9e00, 0x00000272ecbcbd28]
Event: 99.163 Thread 0x00000272f5c7b800 19857       4       javax.swing.text.AbstractWriter::indent (88 bytes)
Event: 99.165 Thread 0x00000272ff1fb800 19870       3       javax.swing.text.StyledEditorKit::getActions (11 bytes)
Event: 99.165 Thread 0x00000272ff1fb800 nmethod 19870 0x00000272e71aba90 code [0x00000272e71abc80, 0x00000272e71ac060]
Event: 99.167 Thread 0x00000272f5c7b800 nmethod 19857 0x00000272ecbcd510 code [0x00000272ecbcd6e0, 0x00000272ecbcda68]
Event: 99.167 Thread 0x00000272f5c7b800 19871       4       javax.swing.text.html.parser.ContentModelState::advance (579 bytes)
Event: 99.167 Thread 0x00000272ff1fb800 19872       3       ui.data.design.H::<init> (6 bytes)
Event: 99.167 Thread 0x00000272ff1fb800 nmethod 19872 0x00000272e71ac190 code [0x00000272e71ac3a0, 0x00000272e71aca30]

GC Heap History (10 events):
Event: 82.814 GC heap before
{Heap before GC invocations=73 (full 1):
 garbage-first heap   total 168960K, used 161977K [0x0000000740000000, 0x0000000800000000)
  region size 1024K, 60 young (61440K), 3 survivors (3072K)
 Metaspace       used 96356K, capacity 98932K, committed 98972K, reserved 1134592K
  class space    used 13492K, capacity 14640K, committed 14668K, reserved 1048576K
}
Event: 82.817 GC heap after
{Heap after GC invocations=74 (full 1):
 garbage-first heap   total 168960K, used 104762K [0x0000000740000000, 0x0000000800000000)
  region size 1024K, 4 young (4096K), 4 survivors (4096K)
 Metaspace       used 96356K, capacity 98932K, committed 98972K, reserved 1134592K
  class space    used 13492K, capacity 14640K, committed 14668K, reserved 1048576K
}
Event: 84.841 GC heap before
{Heap before GC invocations=74 (full 1):
 garbage-first heap   total 168960K, used 162106K [0x0000000740000000, 0x0000000800000000)
  region size 1024K, 61 young (62464K), 4 survivors (4096K)
 Metaspace       used 96428K, capacity 98996K, committed 99228K, reserved 1134592K
  class space    used 13492K, capacity 14640K, committed 14668K, reserved 1048576K
}
Event: 84.844 GC heap after
{Heap after GC invocations=75 (full 1):
 garbage-first heap   total 168960K, used 103596K [0x0000000740000000, 0x0000000800000000)
  region size 1024K, 3 young (3072K), 3 survivors (3072K)
 Metaspace       used 96428K, capacity 98996K, committed 99228K, reserved 1134592K
  class space    used 13492K, capacity 14640K, committed 14668K, reserved 1048576K
}
Event: 85.439 GC heap before
{Heap before GC invocations=76 (full 1):
 garbage-first heap   total 168960K, used 161964K [0x0000000740000000, 0x0000000800000000)
  region size 1024K, 60 young (61440K), 3 survivors (3072K)
 Metaspace       used 96499K, capacity 99060K, committed 99228K, reserved 1134592K
  class space    used 13492K, capacity 14640K, committed 14668K, reserved 1048576K
}
Event: 85.445 GC heap after
{Heap after GC invocations=77 (full 1):
 garbage-first heap   total 168960K, used 104600K [0x0000000740000000, 0x0000000800000000)
  region size 1024K, 4 young (4096K), 4 survivors (4096K)
 Metaspace       used 96499K, capacity 99060K, committed 99228K, reserved 1134592K
  class space    used 13492K, capacity 14640K, committed 14668K, reserved 1048576K
}
Event: 87.480 GC heap before
{Heap before GC invocations=77 (full 1):
 garbage-first heap   total 168960K, used 161944K [0x0000000740000000, 0x0000000800000000)
  region size 1024K, 60 young (61440K), 4 survivors (4096K)
 Metaspace       used 96558K, capacity 99124K, committed 99228K, reserved 1134592K
  class space    used 13492K, capacity 14640K, committed 14668K, reserved 1048576K
}
Event: 87.485 GC heap after
{Heap after GC invocations=78 (full 1):
 garbage-first heap   total 169984K, used 105683K [0x0000000740000000, 0x0000000800000000)
  region size 1024K, 6 young (6144K), 6 survivors (6144K)
 Metaspace       used 96558K, capacity 99124K, committed 99228K, reserved 1134592K
  class space    used 13492K, capacity 14640K, committed 14668K, reserved 1048576K
}
Event: 97.619 GC heap before
{Heap before GC invocations=78 (full 1):
 garbage-first heap   total 169984K, used 159955K [0x0000000740000000, 0x0000000800000000)
  region size 1024K, 60 young (61440K), 6 survivors (6144K)
 Metaspace       used 96821K, capacity 99419K, committed 99612K, reserved 1134592K
  class space    used 13506K, capacity 14673K, committed 14796K, reserved 1048576K
}
Event: 97.624 GC heap after
{Heap after GC invocations=79 (full 1):
 garbage-first heap   total 171008K, used 107854K [0x0000000740000000, 0x0000000800000000)
  region size 1024K, 7 young (7168K), 7 survivors (7168K)
 Metaspace       used 96821K, capacity 99419K, committed 99612K, reserved 1134592K
  class space    used 13506K, capacity 14673K, committed 14796K, reserved 1048576K
}

Deoptimization events (10 events):
Event: 97.018 Thread 0x000002728a6d0800 Uncommon trap: reason=unstable_if action=reinterpret pc=0x00000272ec3f321c method=javax.swing.text.html.parser.Parser.parseTag()V @ 1572 c2
Event: 97.022 Thread 0x000002728a6d0800 Uncommon trap: reason=bimorphic_or_optimized_type_check action=maybe_recompile pc=0x00000272ec8d4f14 method=javax.swing.text.ParagraphView$Row.getStartOffset()I @ 25 c2
Event: 97.022 Thread 0x000002728a6d0800 Uncommon trap: reason=bimorphic_or_optimized_type_check action=maybe_recompile pc=0x00000272ec8d4f14 method=javax.swing.text.ParagraphView$Row.getStartOffset()I @ 25 c2
Event: 97.022 Thread 0x000002728a6d0800 Uncommon trap: reason=bimorphic_or_optimized_type_check action=maybe_recompile pc=0x00000272ec8d4f14 method=javax.swing.text.ParagraphView$Row.getStartOffset()I @ 25 c2
Event: 97.022 Thread 0x000002728a6d0800 Uncommon trap: reason=bimorphic_or_optimized_type_check action=maybe_recompile pc=0x00000272ec8d4f14 method=javax.swing.text.ParagraphView$Row.getStartOffset()I @ 25 c2
Event: 97.026 Thread 0x000002728a6d0800 Uncommon trap: reason=class_check action=maybe_recompile pc=0x00000272ec94e674 method=javax.swing.JComponent.paint(Ljava/awt/Graphics;)V @ 54 c2
Event: 97.027 Thread 0x000002728a6d0800 Uncommon trap: reason=class_check action=maybe_recompile pc=0x00000272ec94e674 method=javax.swing.JComponent.paint(Ljava/awt/Graphics;)V @ 54 c2
Event: 97.027 Thread 0x000002728a6d0800 Uncommon trap: reason=unstable_if action=reinterpret pc=0x00000272ec10a5b0 method=sun.java2d.SunGraphics2D.setComposite(Ljava/awt/Composite;)V @ 107 c2
Event: 98.726 Thread 0x000002728a6d0800 Uncommon trap: reason=unstable_if action=reinterpret pc=0x00000272ec7b2ac4 method=java.awt.DefaultKeyboardFocusManager.discardKeyEvents(Ljava/awt/Component;)V @ 131 c2
Event: 98.992 Thread 0x000002728a6d0800 Uncommon trap: reason=unstable_if action=reinterpret pc=0x00000272ec47f10c method=com.jidesoft.grid.CellSpanTable.getCellSpanAt(II)Lcom/jidesoft/grid/CellSpan; @ 20 c2

Classes redefined (0 events):
No events

Internal exceptions (10 events):
Event: 65.909 Thread 0x000002728a6d0800 Exception <a 'java/lang/NoSuchMethodError'{0x00000007493c9cb0}: java.lang.invoke.DelegatingMethodHandle$Holder.reinvoke_L(Ljava/lang/Object;Ljava/lang/Object;IILjava/lang/Object;Ljava/lang/Object;Ljava/lang/Object;Ljava/lang/Object;Ljava/lang/Object;Ljava
Event: 65.910 Thread 0x000002728a6d0800 Exception <a 'java/lang/NoSuchMethodError'{0x000000074922f000}: java.lang.invoke.DirectMethodHandle$Holder.invokeSpecial(Ljava/lang/Object;Ljava/lang/Object;IILjava/lang/Object;Ljava/lang/Object;Ljava/lang/Object;Ljava/lang/Object;Ljava/lang/Object;Ljava/
Event: 65.910 Thread 0x000002728a6d0800 Exception <a 'java/lang/NoSuchMethodError'{0x0000000749233120}: java.lang.invoke.DelegatingMethodHandle$Holder.reinvoke_L(Ljava/lang/Object;IILjava/lang/Object;Ljava/lang/Object;Ljava/lang/Object;Ljava/lang/Object;Ljava/lang/Object;Ljava/lang/Object;Ljava
Event: 65.912 Thread 0x000002728a6d0800 Exception <a 'java/lang/NoSuchMethodError'{0x0000000749279f98}: java.lang.invoke.DirectMethodHandle$Holder.invokeSpecial(Ljava/lang/Object;Ljava/lang/Object;Ljava/lang/Object;Ljava/lang/Object;Ljava/lang/Object;Ljava/lang/Object;Ljava/lang/Object;Ljava/la
Event: 65.912 Thread 0x000002728a6d0800 Exception <a 'java/lang/NoSuchMethodError'{0x00000007492821a8}: java.lang.invoke.Invokers$Holder.linkToTargetMethod(Ljava/lang/Object;Ljava/lang/Object;Ljava/lang/Object;Ljava/lang/Object;Ljava/lang/Object;Ljava/lang/Object;Ljava/lang/Object;Ljava/lang/Ob
Event: 65.914 Thread 0x000002728a6d0800 Exception <a 'java/lang/NoSuchMethodError'{0x00000007492f07c0}: java.lang.invoke.DirectMethodHandle$Holder.invokeSpecial(Ljava/lang/Object;Ljava/lang/Object;IILjava/lang/Object;IILjava/lang/Object;Ljava/lang/Object;)Ljava/lang/Object;> (0x00000007492f07c0
Event: 65.914 Thread 0x000002728a6d0800 Exception <a 'java/lang/NoSuchMethodError'{0x00000007492f4118}: java.lang.invoke.DelegatingMethodHandle$Holder.reinvoke_L(Ljava/lang/Object;IILjava/lang/Object;IILjava/lang/Object;Ljava/lang/Object;)Ljava/lang/Object;> (0x00000007492f4118) thrown at [t:/w
Event: 65.915 Thread 0x000002728a6d0800 Exception <a 'java/lang/NoSuchMethodError'{0x000000074913f8f8}: java.lang.invoke.DirectMethodHandle$Holder.invokeSpecial(Ljava/lang/Object;Ljava/lang/Object;Ljava/lang/Object;IILjava/lang/Object;Ljava/lang/Object;)Ljava/lang/Object;> (0x000000074913f8f8) 
Event: 65.915 Thread 0x000002728a6d0800 Exception <a 'java/lang/NoSuchMethodError'{0x00000007491468b0}: java.lang.invoke.Invokers$Holder.linkToTargetMethod(Ljava/lang/Object;IILjava/lang/Object;Ljava/lang/Object;Ljava/lang/Object;)Ljava/lang/Object;> (0x00000007491468b0) thrown at [t:/workspace
Event: 84.973 Thread 0x000002728cda5800 Exception <a 'java/lang/InterruptedException'{0x000000074a3827d0}: sleep interrupted> (0x000000074a3827d0) thrown at [t:/workspace/open/src/hotspot/share/prims/jvm.cpp, line 3091]

Events (10 events):
Event: 98.992 Thread 0x000002728a6d0800 Uncommon trap: trap_request=0xffffff4d fr.pc=0x00000272ec47f10c relative=0x00000000000020ac
Event: 98.992 Thread 0x000002728a6d0800 DEOPT PACKING pc=0x00000272ec47f10c sp=0x000000e9b48f7260
Event: 98.992 Thread 0x000002728a6d0800 DEOPT UNPACKING pc=0x00000272e3f691af sp=0x000000e9b48f7238 mode 2
Event: 99.026 loading class ui/xpeguajni/z
Event: 99.026 loading class ui/xpeguajni/z done
Event: 99.027 loading class ui/xpeguajni/B
Event: 99.027 loading class ui/xpeguajni/B done
Event: 99.093 Thread 0x000002728cda0800 Thread added: 0x000002728cda0800
Event: 99.097 Executing VM operation: RevokeBias
Event: 99.097 Executing VM operation: RevokeBias done


Dynamic libraries:
0x00007ff616bb0000 - 0x00007ff616bdf000 	D:\Xilinx\Vivado\2020.2\bin\unwrapped\win64.o\vivado.exe
0x00007ffce4150000 - 0x00007ffce4345000 	C:\WINDOWS\SYSTEM32\ntdll.dll
0x00007ffce3220000 - 0x00007ffce32dd000 	C:\WINDOWS\System32\KERNEL32.DLL
0x00007ffce1930000 - 0x00007ffce1bf8000 	C:\WINDOWS\System32\KERNELBASE.dll
0x00007ffce1e70000 - 0x00007ffce1f70000 	C:\WINDOWS\System32\ucrtbase.dll
0x00007ffcc8990000 - 0x00007ffcc8a1d000 	C:\WINDOWS\SYSTEM32\MSVCP140.dll
0x00007ffcd9040000 - 0x00007ffcd9053000 	D:\Xilinx\Vivado\2020.2\lib\win64.o\libboost_signals.dll
0x00007ffcd8fd0000 - 0x00007ffcd8fe8000 	D:\Xilinx\Vivado\2020.2\lib\win64.o\librdi_commonmain.dll
0x00007ffc94ab0000 - 0x00007ffc95c27000 	D:\Xilinx\Vivado\2020.2\lib\win64.o\librdi_common.dll
0x00007ffcc8a20000 - 0x00007ffcc8a3a000 	C:\WINDOWS\SYSTEM32\VCRUNTIME140.dll
0x00007ffce2510000 - 0x00007ffce26b0000 	C:\WINDOWS\System32\USER32.dll
0x00007ffcc9630000 - 0x00007ffcc963c000 	C:\WINDOWS\SYSTEM32\VCRUNTIME140_1.dll
0x00007ffce1d60000 - 0x00007ffce1d82000 	C:\WINDOWS\System32\win32u.dll
0x00007ffce3db0000 - 0x00007ffce3dda000 	C:\WINDOWS\System32\GDI32.dll
0x00007ffcd3b00000 - 0x00007ffcd3b22000 	D:\Xilinx\Vivado\2020.2\lib\win64.o\libboost_filesystem.dll
0x00007ffce1f70000 - 0x00007ffce207b000 	C:\WINDOWS\System32\gdi32full.dll
0x00007ffcdf860000 - 0x00007ffcdf869000 	D:\Xilinx\Vivado\2020.2\lib\win64.o\librdi_commonversion.dll
0x00007ffce3a50000 - 0x00007ffce3afc000 	C:\WINDOWS\System32\ADVAPI32.dll
0x00007ffce1890000 - 0x00007ffce192d000 	C:\WINDOWS\System32\msvcp_win.dll
0x00007ffce3c60000 - 0x00007ffce3cfe000 	C:\WINDOWS\System32\msvcrt.dll
0x00007ffcbb980000 - 0x00007ffcbbb19000 	D:\Xilinx\Vivado\2020.2\lib\win64.o\librdi_commonxillic.dll
0x00007ffce3b20000 - 0x00007ffce3bbb000 	C:\WINDOWS\System32\sechost.dll
0x00007ffce40a0000 - 0x00007ffce410b000 	C:\WINDOWS\System32\WS2_32.dll
0x00007ffce32f0000 - 0x00007ffce3a32000 	C:\WINDOWS\System32\SHELL32.dll
0x00007ffce30f0000 - 0x00007ffce321b000 	C:\WINDOWS\System32\RPCRT4.dll
0x00007ffce2180000 - 0x00007ffce21a7000 	C:\WINDOWS\System32\bcrypt.dll
0x00000000723e0000 - 0x000000007250b000 	D:\Xilinx\Vivado\2020.2\lib\win64.o\tcl85t.dll
0x00007ffcdac00000 - 0x00007ffcdac10000 	D:\Xilinx\Vivado\2020.2\lib\win64.o\libboost_date_time.dll
0x00007ffc9d1d0000 - 0x00007ffc9d53e000 	D:\Xilinx\Vivado\2020.2\lib\win64.o\libCOIN-all.dll
0x00007ffccb680000 - 0x00007ffccb6f3000 	D:\Xilinx\Vivado\2020.2\lib\win64.o\libboost_program_options.dll
0x00007ffcbb700000 - 0x00007ffcbb811000 	D:\Xilinx\Vivado\2020.2\lib\win64.o\libboost_regex.dll
0x00007ffcd8910000 - 0x00007ffcd892e000 	D:\Xilinx\Vivado\2020.2\lib\win64.o\libboost_thread.dll
0x00007ffcd9030000 - 0x00007ffcd9039000 	D:\Xilinx\Vivado\2020.2\lib\win64.o\libboost_system.dll
0x00007ffcd8fc0000 - 0x00007ffcd8fcc000 	D:\Xilinx\Vivado\2020.2\lib\win64.o\libboost_xilinx.dll
0x00007ffccb4a0000 - 0x00007ffccb522000 	D:\Xilinx\Vivado\2020.2\lib\win64.o\libhdlpsolve.dll
0x00007ffcba800000 - 0x00007ffcba8a5000 	D:\Xilinx\Vivado\2020.2\lib\win64.o\libhdxml.dll
0x00007ffc93380000 - 0x00007ffc94172600 	D:\Xilinx\Vivado\2020.2\lib\win64.o\libisl_iostreams.dll
0x00007ffccad70000 - 0x00007ffccadd5000 	D:\Xilinx\Vivado\2020.2\lib\win64.o\liblmx6.0.dll
0x00007ffccc2e0000 - 0x00007ffccc308000 	D:\Xilinx\Vivado\2020.2\lib\win64.o\libisl_sysinfo.dll
0x00007ffccc2c0000 - 0x00007ffccc2da000 	D:\Xilinx\Vivado\2020.2\lib\win64.o\pthreadVC2.dll
0x00007ffccad40000 - 0x00007ffccad61000 	D:\Xilinx\Vivado\2020.2\lib\win64.o\librdizlib.dll
0x00007ffccb780000 - 0x00007ffccb79c000 	D:\Xilinx\Vivado\2020.2\lib\win64.o\librdiconfig.dll
0x00007ffce2e90000 - 0x00007ffce2ee5000 	C:\WINDOWS\System32\SHLWAPI.dll
0x0000000012000000 - 0x0000000012270000 	D:\Xilinx\Vivado\2020.2\lib\win64.o\xerces-c_3_1.dll
0x00007ffcb6840000 - 0x00007ffcb6b1b000 	D:\Xilinx\Vivado\2020.2\lib\win64.o\libXil_lmgr11.dll
0x00007ffce2ef0000 - 0x00007ffce2fca000 	C:\WINDOWS\System32\COMDLG32.dll
0x00007ffce21b0000 - 0x00007ffce2505000 	C:\WINDOWS\System32\combase.dll
0x00007ffce3d00000 - 0x00007ffce3dae000 	C:\WINDOWS\System32\shcore.dll
0x00007ffce2be0000 - 0x00007ffce2cad000 	C:\WINDOWS\System32\OLEAUT32.dll
0x00007ffcbe4d0000 - 0x00007ffcbe4e8000 	C:\WINDOWS\SYSTEM32\NETAPI32.dll
0x00007ffce2d30000 - 0x00007ffce2e5a000 	C:\WINDOWS\System32\ole32.dll
0x00007ffcde760000 - 0x00007ffcdec3d000 	C:\WINDOWS\SYSTEM32\WININET.dll
0x00007ffce1e10000 - 0x00007ffce1e70000 	C:\WINDOWS\System32\WINTRUST.dll
0x00007ffce1c00000 - 0x00007ffce1d5f000 	C:\WINDOWS\System32\CRYPT32.dll
0x00007ffcd36c0000 - 0x00007ffcd37cb000 	C:\WINDOWS\SYSTEM32\WINHTTP.dll
0x00007ffcd3f70000 - 0x00007ffcd415e000 	C:\WINDOWS\SYSTEM32\urlmon.dll
0x00007ffcd5030000 - 0x00007ffcd5039000 	C:\WINDOWS\SYSTEM32\WSOCK32.dll
0x00007ffcca3f0000 - 0x00007ffcca41e000 	C:\WINDOWS\SYSTEM32\VCOMP140.DLL
0x00007ffc74cd0000 - 0x00007ffc76be7000 	D:\Xilinx\Vivado\2020.2\lib\win64.o\gurobi90.dll
0x00007ffce2b20000 - 0x00007ffce2b76000 	C:\WINDOWS\System32\WLDAP32.dll
0x00007ffce3a40000 - 0x00007ffce3a48000 	C:\WINDOWS\System32\Normaliz.dll
0x00007ffcd3ac0000 - 0x00007ffcd3acc000 	D:\Xilinx\Vivado\2020.2\lib\win64.o\libboost_chrono.dll
0x00007ffccb660000 - 0x00007ffccb676000 	D:\Xilinx\Vivado\2020.2\lib\win64.o\libboost_iostreams.dll
0x00007ffcca180000 - 0x00007ffcca1a3000 	D:\Xilinx\Vivado\2020.2\lib\win64.o\libisl_iosutils.dll
0x00007ffcbeee0000 - 0x00007ffcbef90000 	C:\WINDOWS\WinSxS\amd64_microsoft.windows.common-controls_6595b64144ccf1df_5.82.19041.844_none_423537bff6b9828c\COMCTL32.dll
0x00007ffcd8b40000 - 0x00007ffcd8b5d000 	C:\WINDOWS\SYSTEM32\dhcpcsvc.DLL
0x00007ffcd1400000 - 0x00007ffcd16b0000 	C:\WINDOWS\SYSTEM32\iertutil.dll
0x00007ffce0ac0000 - 0x00007ffce0acc000 	C:\WINDOWS\SYSTEM32\NETUTILS.DLL
0x00007ffce0ae0000 - 0x00007ffce0b4a000 	C:\WINDOWS\SYSTEM32\MSWSOCK.DLL
0x00007ffce2e60000 - 0x00007ffce2e90000 	C:\WINDOWS\System32\IMM32.DLL
0x00007ffce1050000 - 0x00007ffce1062000 	C:\WINDOWS\SYSTEM32\MSASN1.dll
0x00007ffcdf490000 - 0x00007ffcdf4a2000 	C:\WINDOWS\SYSTEM32\kernel.appcore.dll
0x00007ffc9b870000 - 0x00007ffc9bd92000 	D:\Xilinx\Vivado\2020.2\lib\win64.o\librdi_commontasks.dll
0x00007ffcd6940000 - 0x00007ffcd694a000 	C:\WINDOWS\SYSTEM32\VERSION.dll
0x00007ffc8b4f0000 - 0x00007ffc8c013000 	D:\Xilinx\Vivado\2020.2\tps\win64\jre11.0.2\bin\server\jvm.dll
0x00007ffc9cbc0000 - 0x00007ffc9ce95000 	D:\Xilinx\Vivado\2020.2\lib\win64.o\librdi_sio.dll
0x00007ffce0670000 - 0x00007ffce06ab000 	C:\WINDOWS\SYSTEM32\IPHLPAPI.DLL
0x00007ffce3bc0000 - 0x00007ffce3bc8000 	C:\WINDOWS\System32\PSAPI.DLL
0x00007ffccc580000 - 0x00007ffccc5a7000 	C:\WINDOWS\SYSTEM32\WINMM.dll
0x00007ffcdec40000 - 0x00007ffcdf3d0000 	C:\WINDOWS\SYSTEM32\windows.storage.dll
0x00007ffce0c10000 - 0x00007ffce0c3c000 	C:\WINDOWS\SYSTEM32\Wldp.dll
0x00007ffc70700000 - 0x00007ffc731be000 	D:\Xilinx\Vivado\2020.2\lib\win64.o\librdi_tcltasks.dll
0x00007ffc929e0000 - 0x00007ffc92e86000 	D:\Xilinx\Vivado\2020.2\lib\win64.o\librdi_bitstream.dll
0x00007ffcb7500000 - 0x00007ffcb76b3000 	D:\Xilinx\Vivado\2020.2\lib\win64.o\librdi_board.dll
0x00007ffcba780000 - 0x00007ffcba7fe000 	D:\Xilinx\Vivado\2020.2\lib\win64.o\librdi_boarddep.dll
0x00007ffcb7400000 - 0x00007ffcb74f6000 	D:\Xilinx\Vivado\2020.2\lib\win64.o\librdi_chipscope.dll
0x00007ffcb7180000 - 0x00007ffcb736a000 	D:\Xilinx\Vivado\2020.2\lib\win64.o\librdi_chipscopeimpl.dll
0x00007ffc6e8d0000 - 0x00007ffc706fc000 	D:\Xilinx\Vivado\2020.2\lib\win64.o\librdi_constraints.dll
0x00007ffcb6f90000 - 0x00007ffcb70f1000 	D:\Xilinx\Vivado\2020.2\lib\win64.o\librdi_containers.dll
0x00007ffc6a6c0000 - 0x00007ffc6ca7d000 	D:\Xilinx\Vivado\2020.2\lib\win64.o\librdi_coregen.dll
0x00007ffc68950000 - 0x00007ffc6a6b1000 	D:\Xilinx\Vivado\2020.2\lib\win64.o\librdi_designutils.dll
0x00007ffc46080000 - 0x00007ffc5e65f000 	D:\Xilinx\Vivado\2020.2\lib\win64.o\librdi_device.dll
0x00007ffc8a3d0000 - 0x00007ffc8aae8000 	D:\Xilinx\Vivado\2020.2\lib\win64.o\librdi_coregenipxact.dll
0x00007ffc8a060000 - 0x00007ffc8a3c8000 	D:\Xilinx\Vivado\2020.2\lib\win64.o\librdi_dlyest.dll
0x00007ffc7d020000 - 0x00007ffc7d67d000 	D:\Xilinx\Vivado\2020.2\lib\win64.o\librdi_drc.dll
0x00007ffcba6c0000 - 0x00007ffcba773000 	D:\Xilinx\Vivado\2020.2\lib\win64.o\librdi_dsp.dll
0x00007ffc7c6c0000 - 0x00007ffc7cd82000 	D:\Xilinx\Vivado\2020.2\lib\win64.o\librdi_filemgmt.dll
0x00007ffc7c3a0000 - 0x00007ffc7c6bd000 	D:\Xilinx\Vivado\2020.2\lib\win64.o\librdi_guitools.dll
0x00007ffcba130000 - 0x00007ffcba19b000 	D:\Xilinx\Vivado\2020.2\lib\win64.o\librdi_hdf.dll
0x00007ffc8b270000 - 0x00007ffc8b4e7000 	D:\Xilinx\Vivado\2020.2\lib\win64.o\librdi_hip_devdesign.dll
0x00007ffcb6bf0000 - 0x00007ffcb6d37000 	D:\Xilinx\Vivado\2020.2\lib\win64.o\librdi_hip_perf_analysis.dll
0x00007ffc78af0000 - 0x00007ffc7a6c4000 	D:\Xilinx\Vivado\2020.2\lib\win64.o\librdi_implflow.dll
0x00007ffc7bd50000 - 0x00007ffc7c39c000 	D:\Xilinx\Vivado\2020.2\lib\win64.o\librdi_memdata.dll
0x00007ffcb6e70000 - 0x00007ffcb6ee2000 	D:\Xilinx\Vivado\2020.2\lib\win64.o\librdi_memoryarray.dll
0x00007ffc745a0000 - 0x00007ffc74ccc000 	D:\Xilinx\Vivado\2020.2\lib\win64.o\librdi_netlist.dll
0x00007ffc66500000 - 0x00007ffc68944000 	D:\Xilinx\Vivado\2020.2\lib\win64.o\librdi_mig.dll
0x00007ffcbb8a0000 - 0x00007ffcbb8f4000 	D:\Xilinx\Vivado\2020.2\lib\win64.o\librdi_pfi.dll
0x00007ffc632f0000 - 0x00007ffc664f7000 	D:\Xilinx\Vivado\2020.2\lib\win64.o\librdi_place.dll
0x00007ffc7b5c0000 - 0x00007ffc7b95e000 	D:\Xilinx\Vivado\2020.2\lib\win64.o\librdi_platform.dll
0x00007ffc73d80000 - 0x00007ffc74597000 	D:\Xilinx\Vivado\2020.2\lib\win64.o\librdi_power.dll
0x00007ffc73700000 - 0x00007ffc73d74000 	D:\Xilinx\Vivado\2020.2\lib\win64.o\librdi_project.dll
0x00007ffc6e1a0000 - 0x00007ffc6e8c2000 	D:\Xilinx\Vivado\2020.2\lib\win64.o\librdi_psta.dll
0x00007ffc6d990000 - 0x00007ffc6e19c000 	D:\Xilinx\Vivado\2020.2\lib\win64.o\librdi_rsb.dll
0x00007ffc6d460000 - 0x00007ffc6d98b000 	D:\Xilinx\Vivado\2020.2\lib\win64.o\librdi_runs.dll
0x00007ffcb6420000 - 0x00007ffcb6529000 	D:\Xilinx\Vivado\2020.2\lib\win64.o\librdi_runsbase.dll
0x00007ffc7bad0000 - 0x00007ffc7bd44000 	D:\Xilinx\Vivado\2020.2\lib\win64.o\librdi_simdata.dll
0x00007ffc62360000 - 0x00007ffc632e1000 	D:\Xilinx\Vivado\2020.2\lib\win64.o\librdi_timing.dll
0x00007ffca4000000 - 0x00007ffca40a7000 	D:\Xilinx\Vivado\2020.2\lib\win64.o\librdi_xhubtasks.dll
0x00007ffca40b0000 - 0x00007ffca41c6000 	D:\Xilinx\Vivado\2020.2\lib\win64.o\librdi_xhub.dll
0x00007ffc9f6d0000 - 0x00007ffc9f8bb000 	D:\Xilinx\Vivado\2020.2\lib\win64.o\librdi_advchipscopeimpl.dll
0x00007ffcba9b0000 - 0x00007ffcba9f7000 	D:\Xilinx\Vivado\2020.2\lib\win64.o\libboost_serialization.dll
0x00007ffc9cad0000 - 0x00007ffc9cbbb000 	D:\Xilinx\Vivado\2020.2\lib\win64.o\librdi_ipconfig_readwrite.dll
0x00007ffcb6e00000 - 0x00007ffcb6e6a000 	D:\Xilinx\Vivado\2020.2\lib\win64.o\librdi_noc_frameworks.dll
0x00007ffcb6f40000 - 0x00007ffcb6f86000 	D:\Xilinx\Vivado\2020.2\lib\win64.o\libboost_graph.dll
0x00007ffc9da30000 - 0x00007ffc9daf6000 	D:\Xilinx\Vivado\2020.2\lib\win64.o\librdi_bda.dll
0x00007ffc6ccf0000 - 0x00007ffc6d457000 	D:\Xilinx\Vivado\2020.2\lib\win64.o\librdi_ippcw.dll
0x00007ffc45520000 - 0x00007ffc46076000 	D:\Xilinx\Vivado\2020.2\lib\win64.o\libverific.dll
0x00007ffc77900000 - 0x00007ffc77bfb000 	D:\Xilinx\Vivado\2020.2\lib\win64.o\librdi_hip_config.dll

dbghelp: loaded successfully - version: 4.0.5 - missing functions: none
symbol engine: initialized successfully - sym options: 0x614 - pdb path: .;D:\Xilinx\Vivado\2020.2\bin\unwrapped\win64.o;C:\WINDOWS\SYSTEM32;D:\Xilinx\Vivado\2020.2\lib\win64.o;C:\WINDOWS\WinSxS\amd64_microsoft.windows.common-controls_6595b64144ccf1df_5.82.19041.844_none_423537bff6b9828c;D:\Xilinx\Vivado\2020.2\tps\win64\jre11.0.2\bin\server;C:\Users\HP\AppData\Local\Programs\Python\Python38;D:\Xilinx\Vivado\2020.2\tps\win64\jre11.0.2\bin;C:\WINDOWS\WinSxS\amd64_microsoft.windows.common-controls_6595b64144ccf1df_6.0.19041.844_none_ca00b6081b84eb1d;C:\WINDOWS\WinSxS\amd64_microsoft.windows.gdiplus_6595b64144ccf1df_1.1.19041.928_none_faefac437613c6cc

VM Arguments:
jvm_args: -Dsun.java2d.pmoffscreen=false -Dhttps.protocols=TLSv1,TLSv1.1,TLSv1.2 -Dsun.java2d.xrender=false -Dsun.java2d.d3d=false -Dsun.awt.nopixfmt=true -Dsun.java2d.dpiaware=true -Dsun.java2d.uiScale.enabled=false -Xverify:none -Dswing.aatext=true -XX:-UsePerfData -Djdk.map.althashing.threshold=512 -XX:StringTableSize=4072 --add-opens=java.base/java.nio=ALL-UNNAMED --add-opens=java.desktop/sun.swing=ALL-UNNAMED --add-opens=java.desktop/javax.swing=ALL-UNNAMED --add-opens=java.desktop/javax.swing.tree=ALL-UNNAMED --add-opens=java.desktop/javax.swing.plaf.basic=ALL-UNNAMED --add-opens=java.desktop/javax.swing.plaf.synth=ALL-UNNAMED --add-opens=java.desktop/com.sun.awt=ALL-UNNAMED -XX:NewSize=60m -XX:MaxNewSize=60m -Xms128m -Xmx3072m -Xss5m 
java_command: <unknown>
java_class_path (initial): D:/Xilinx/Vivado/2020.2\lib\classes\alloy.jar;D:/Xilinx/Vivado/2020.2\lib\classes\ArchiveSummary.jar;D:/Xilinx/Vivado/2020.2\lib\classes\autoesl-models.jar;D:/Xilinx/Vivado/2020.2\lib\classes\autopilot.scelaborator.jar;D:/Xilinx/Vivado/2020.2\lib\classes\autopilot.sourceprocessor.jar;D:/Xilinx/Vivado/2020.2\lib\classes\autopilot.tbprocessor.jar;D:/Xilinx/Vivado/2020.2\lib\classes\batik-anim.jar;D:/Xilinx/Vivado/2020.2\lib\classes\batik-awt-util.jar;D:/Xilinx/Vivado/2020.2\lib\classes\batik-bridge.jar;D:/Xilinx/Vivado/2020.2\lib\classes\batik-codec.jar;D:/Xilinx/Vivado/2020.2\lib\classes\batik-css.jar;D:/Xilinx/Vivado/2020.2\lib\classes\batik-dom.jar;D:/Xilinx/Vivado/2020.2\lib\classes\batik-ext.jar;D:/Xilinx/Vivado/2020.2\lib\classes\batik-gui-util.jar;D:/Xilinx/Vivado/2020.2\lib\classes\batik-gvt.jar;D:/Xilinx/Vivado/2020.2\lib\classes\batik-parser.jar;D:/Xilinx/Vivado/2020.2\lib\classes\batik-script.jar;D:/Xilinx/Vivado/2020.2\lib\classes\batik-svg-dom.jar;D:/Xilinx/Vivado/2020.2\lib\classes\batik-swing.jar;D:/Xilinx/Vivado/2020.2\lib\classes\batik-transcoder.jar;D:/Xilinx/Vivado/2020.2\lib\classes\batik-util.jar;D:/Xilinx/Vivado/2020.2\lib\classes\batik-xml.jar;D:/Xilinx/Vivado/2020.2\lib\classes\com.google.gson_2.8.2.v20180104-1110.jar;D:/Xilinx/Vivado/2020.2\lib\classes\com.google.guava_27.1.0.v20190517-1946.jar;D:/Xilinx/Vivado/2020.2\lib\classes\com.ibm.icu_4.4.2.v20110208.jar;D:/Xilinx/Vivado/2020.2\lib\classes\com.sigasi.hdt.connection_4.9.0.202009050929.jar;D:/Xilinx/Vivado/2020.2\lib\classes\com.sigasi.hdt.epl_4.9.0.202009050929.jar;D:/Xilinx/Vivado/2020.2\lib\classes\com.sigasi.hdt.project_4.9.0.202009050929.jar;D:/Xilinx/Vivado/2020.2\lib\classes\com.sigasi.hdt.readonlyfilesystem_4.9.0.202009050929.jar;D:/Xilinx/Vivado/2020.2\lib\classes\com.sigasi.lcm_4.9.0.202009050929.jar;D:/Xilinx/Vivado/2020.2\lib\classes\com.sigasi.sdk.client_4.9.0.202009050929.jar;D:/Xilinx/Vivado/2020.2\lib\classes\com.xilinx.hls.services.jar;D:/Xili
Launcher Type: generic

[Global flags]
     bool BytecodeVerificationLocal                = false                                     {product} {command line}
     bool BytecodeVerificationRemote               = false                                     {product} {command line}
     intx CICompilerCount                          = 4                                         {product} {ergonomic}
     uint ConcGCThreads                            = 2                                         {product} {ergonomic}
     uint G1ConcRefinementThreads                  = 8                                         {product} {ergonomic}
   size_t G1HeapRegionSize                         = 1048576                                   {product} {ergonomic}
    uintx GCDrainStackTargetSize                   = 64                                        {product} {ergonomic}
   size_t InitialHeapSize                          = 134217728                                 {product} {command line}
   size_t MarkStackSize                            = 4194304                                   {product} {ergonomic}
   size_t MaxHeapSize                              = 3221225472                                {product} {command line}
   size_t MaxNewSize                               = 62914560                                  {product} {command line}
   size_t MinHeapDeltaBytes                        = 1048576                                   {product} {ergonomic}
   size_t NewSize                                  = 62914560                                  {product} {command line}
    uintx NonNMethodCodeHeapSize                   = 5835340                                {pd product} {ergonomic}
    uintx NonProfiledCodeHeapSize                  = 122911450                              {pd product} {ergonomic}
    uintx ProfiledCodeHeapSize                     = 122911450                              {pd product} {ergonomic}
    uintx ReservedCodeCacheSize                    = 251658240                              {pd product} {ergonomic}
     bool SegmentedCodeCache                       = true                                      {product} {ergonomic}
    uintx StringTableSize                          = 4072                                      {product} {command line}
     intx ThreadStackSize                          = 5120                                   {pd product} {command line}
     bool UseCompressedClassPointers               = true                                 {lp64_product} {ergonomic}
     bool UseCompressedOops                        = true                                 {lp64_product} {ergonomic}
     bool UseG1GC                                  = true                                      {product} {ergonomic}
     bool UseLargePagesIndividualAllocation        = false                                  {pd product} {ergonomic}
     bool UsePerfData                              = false                                     {product} {command line}

Logging:
Log output configuration:
 #0: stdout all=warning uptime,level,tags
 #1: stderr all=off uptime,level,tags

Environment Variables:
PATH=D:/Xilinx/Vivado/2020.2\gnuwin\bin;D:/Xilinx/Vivado/2020.2\gnu\microblaze\nt\bin;D:/Xilinx/Vivado/2020.2/bin;D:/Xilinx/Vivado/2020.2/tps/win64/javafx-sdk-11.0.2/lib;D:/Xilinx/Vivado/2020.2/tps/win64/javafx-sdk-11.0.2/bin;D:/Xilinx/Vivado/2020.2/lib/win64.o;D:/Xilinx/Vivado/2020.2/tps/win64/jre11.0.2/bin/server;D:/Xilinx/Vivado/2020.2/tps/win64/jre11.0.2/bin;D:/Xilinx/Vivado/2020.2/ids_lite/ISE/bin/nt64;D:/Xilinx/Vivado/2020.2/ids_lite/ISE/lib/nt64;D:/Xilinx/Vitis_HLS/2020.2/bin;C:\Program Files (x86)\Common Files\Intel\Shared Libraries\redist\intel64\compiler;C:\WINDOWS\system32;C:\WINDOWS;C:\WINDOWS\System32\Wbem;C:\WINDOWS\System32\WindowsPowerShell\v1.0\;C:\WINDOWS\System32\OpenSSH\;C:\Program Files (x86)\Intel\Intel(R) Management Engine Components\DAL;C:\Program Files\Intel\Intel(R) Management Engine Components\DAL;C:\CTex\UserData\miktex\bin;C:\CTex\MiKTeX\miktex\bin;C:\CTex\CTeX\ctex\bin;C:\CTex\CTeX\cct\bin;C:\CTex\CTeX\ty\bin;C:\CTex\Ghostscript\gs9.05\bin;C:\CTex\GSview\gsview;C:\CTex\WinEdt;C:\Program Files\Microsoft SQL Server\Client SDK\ODBC\170\Tools\Binn\;D:\Program Files\MySQL\mysql\bin;C:\Program Files\dotnet\;C:\Program Files\Microsoft SQL Server\130\Tools\Binn\;C:\TDM-GCC-64\x86_64-w64-mingw32\include;C:\TDM-GCC-64\bin;C:\Program Files\MySQL\include;C:\Users\HP\AppData\Local\Programs\Python\Python39\Scripts\;C:\Users\HP\AppData\Local\Programs\Python\Python39\;C:\Users\HP\anaconda3;C:\Users\HP\anaconda3\Library\mingw-w64\bin;C:\Users\HP\anaconda3\Library\usr\bin;C:\Users\HP\anaconda3\Library\bin;C:\Users\HP\anaconda3\Scripts;C:\Users\HP\AppData\Local\Programs\Python\Python38\Scripts\;C:\Users\HP\AppData\Local\Programs\Python\Python38\;C:\Users\HP\AppData\Local\Microsoft\WindowsApps;D:\Program Files\JetBrains\PyCharm Community Edition 2020.3.3\bin;;C:\Users\HP\.dotnet\tools;C:\Users\HP\AppData\Local\Programs\Microsoft VS Code\bin;D:/Xilinx/Vivado/2020.2\tps\mingw\6.2.0\win64.o\nt\bin;D:/Xilinx/Vivado/2020.2\tps\mingw\6.2.0\win64.o\nt\libexec\gcc\x8
USERNAME=HP
OS=Windows_NT
PROCESSOR_IDENTIFIER=Intel64 Family 6 Model 158 Stepping 9, GenuineIntel



---------------  S Y S T E M  ---------------

OS: Windows 10 , 64 bit Build 19041 (10.0.19041.928)

CPU:total 8 (initial active 8) (4 cores per cpu, 2 threads per core) family 6 model 158 stepping 9, cmov, cx8, fxsr, mmx, sse, sse2, sse3, ssse3, sse4.1, sse4.2, popcnt, avx, avx2, aes, clmul, erms, rtm, 3dnowpref, lzcnt, ht, tsc, tscinvbit, bmi1, bmi2, adx, fma

Memory: 4k page, system-wide physical 16272M (9490M free)
TotalPageFile size 18704M (AvailPageFile size 7683M)
current process WorkingSet (physical memory assigned to process): 1113M, peak: 1116M
current process commit charge ("private bytes"): 1093M, peak: 1111M

vm_info: OpenJDK 64-Bit Server VM (11.0.2+9) for windows-amd64 JRE (11.0.2+9), built on Jan 18 2019 05:23:22 by "mach5one" with MS VC++ 15.5 (VS2017)

END.
