Copyright 1986-2020 Xilinx, Inc. All Rights Reserved.
------------------------------------------------------------------------------------
| Tool Version : Vivado v.2020.2 (win64) Build 3064766 Wed Nov 18 09:12:45 MST 2020
| Date         : Wed May 26 17:07:41 2021
| Host         : LAPTOP-VIEPELG3 running 64-bit major release  (build 9200)
| Command      : upgrade_ip
| Device       : xc7k160tffg676-2L
------------------------------------------------------------------------------------

Upgrade Log for IP 'DataPath_xlslice_0_2'

1. Summary
----------

SUCCESS in the upgrade of DataPath_xlslice_0_2 (xilinx.com:ip:xlslice:1.0) from (Rev. 1) to (Rev. 2)






Copyright 1986-2020 Xilinx, Inc. All Rights Reserved.
------------------------------------------------------------------------------------
| Tool Version : Vivado v.2020.2 (win64) Build 3064766 Wed Nov 18 09:12:45 MST 2020
| Date         : Wed May 26 17:07:41 2021
| Host         : LAPTOP-VIEPELG3 running 64-bit major release  (build 9200)
| Command      : upgrade_ip
| Device       : xc7k160tffg676-2L
------------------------------------------------------------------------------------

Upgrade Log for IP 'DataPath_xlslice_0_1'

1. Summary
----------

SUCCESS in the upgrade of DataPath_xlslice_0_1 (xilinx.com:ip:xlslice:1.0) from (Rev. 1) to (Rev. 2)






Copyright 1986-2020 Xilinx, Inc. All Rights Reserved.
------------------------------------------------------------------------------------
| Tool Version : Vivado v.2020.2 (win64) Build 3064766 Wed Nov 18 09:12:45 MST 2020
| Date         : Wed May 26 17:07:41 2021
| Host         : LAPTOP-VIEPELG3 running 64-bit major release  (build 9200)
| Command      : upgrade_ip
| Device       : xc7k160tffg676-2L
------------------------------------------------------------------------------------

Upgrade Log for IP 'DataPath_xlslice_0_0'

1. Summary
----------

SUCCESS in the upgrade of DataPath_xlslice_0_0 (xilinx.com:ip:xlslice:1.0) from (Rev. 1) to (Rev. 2)






Copyright 1986-2020 Xilinx, Inc. All Rights Reserved.
------------------------------------------------------------------------------------
| Tool Version : Vivado v.2020.2 (win64) Build 3064766 Wed Nov 18 09:12:45 MST 2020
| Date         : Wed May 26 17:07:41 2021
| Host         : LAPTOP-VIEPELG3 running 64-bit major release  (build 9200)
| Command      : upgrade_ip
| Device       : xc7k160tffg676-2L
------------------------------------------------------------------------------------

Upgrade Log for IP 'DataPath_xlconstant_0_1'

1. Summary
----------

SUCCESS in the upgrade of DataPath_xlconstant_0_1 (xilinx.com:ip:xlconstant:1.1) from (Rev. 3) to (Rev. 7)






Copyright 1986-2020 Xilinx, Inc. All Rights Reserved.
------------------------------------------------------------------------------------
| Tool Version : Vivado v.2020.2 (win64) Build 3064766 Wed Nov 18 09:12:45 MST 2020
| Date         : Wed May 26 17:07:41 2021
| Host         : LAPTOP-VIEPELG3 running 64-bit major release  (build 9200)
| Command      : upgrade_ip
| Device       : xc7k160tffg676-2L
------------------------------------------------------------------------------------

Upgrade Log for IP 'DataPath_xlconstant_0_0'

1. Summary
----------

SUCCESS in the upgrade of DataPath_xlconstant_0_0 (xilinx.com:ip:xlconstant:1.1) from (Rev. 3) to (Rev. 7)






Copyright 1986-2020 Xilinx, Inc. All Rights Reserved.
------------------------------------------------------------------------------------
| Tool Version : Vivado v.2020.2 (win64) Build 3064766 Wed Nov 18 09:12:45 MST 2020
| Date         : Wed May 26 17:07:41 2021
| Host         : LAPTOP-VIEPELG3 running 64-bit major release  (build 9200)
| Command      : upgrade_ip
| Device       : xc7k160tffg676-2L
------------------------------------------------------------------------------------

Upgrade Log for IP 'DataPath_util_vector_logic_0_0'

1. Summary
----------

SUCCESS in the conversion of DataPath_util_vector_logic_0_0 (xilinx.com:ip:util_vector_logic:2.0 (Rev. 1)) to Vivado generation flows.

