Copyright 1986-2020 Xilinx, Inc. All Rights Reserved.
-------------------------------------------------------------------------------------------------------------------------------------------------------------
| Tool Version     : Vivado v.2020.2 (win64) Build 3064766 Wed Nov 18 09:12:45 MST 2020
| Date             : Fri Jun 25 15:19:33 2021
| Host             : LAPTOP-VIEPELG3 running 64-bit major release  (build 9200)
| Command          : report_power -file CSSTE_wrapper_power_routed.rpt -pb CSSTE_wrapper_power_summary_routed.pb -rpx CSSTE_wrapper_power_routed.rpx
| Design           : CSSTE_wrapper
| Device           : xc7k160tffg676-2L
| Design State     : routed
| Grade            : extended
| Process          : typical
| Characterization : Production
-------------------------------------------------------------------------------------------------------------------------------------------------------------

Power Report

Table of Contents
-----------------
1. Summary
1.1 On-Chip Components
1.2 Power Supply Summary
1.3 Confidence Level
2. Settings
2.1 Environment
2.2 Clock Constraints
3. Detailed Reports
3.1 By Hierarchy

1. Summary
----------

+--------------------------+----------------------------------+
| Total On-Chip Power (W)  | 44.429 (Junction temp exceeded!) |
| Design Power Budget (W)  | Unspecified*                     |
| Power Budget Margin (W)  | NA                               |
| Dynamic (W)              | 43.083                           |
| Device Static (W)        | 1.346                            |
| Effective TJA (C/W)      | 1.9                              |
| Max Ambient (C)          | 14.5                             |
| Junction Temperature (C) | 110.5                            |
| Confidence Level         | Low                              |
| Setting File             | ---                              |
| Simulation Activity File | ---                              |
| Design Nets Matched      | NA                               |
+--------------------------+----------------------------------+
* Specify Design Power Budget using, set_operating_conditions -design_power_budget <value in Watts>


1.1 On-Chip Components
----------------------

+--------------------------+-----------+----------+-----------+-----------------+
| On-Chip                  | Power (W) | Used     | Available | Utilization (%) |
+--------------------------+-----------+----------+-----------+-----------------+
| Slice Logic              |    10.419 |     7783 |       --- |             --- |
|   LUT as Logic           |     9.287 |     3268 |    101400 |            3.22 |
|   CARRY4                 |     0.392 |      101 |     25350 |            0.40 |
|   LUT as Distributed RAM |     0.324 |     1152 |     35000 |            3.29 |
|   Register               |     0.236 |     2006 |    202800 |            0.99 |
|   F7/F8 Muxes            |     0.149 |     1043 |    101400 |            1.03 |
|   BUFG                   |     0.032 |        5 |        32 |           15.63 |
|   Others                 |     0.000 |       27 |       --- |             --- |
| Signals                  |    18.244 |     5014 |       --- |             --- |
| I/O                      |    14.420 |       44 |       400 |           11.00 |
| Static Power             |     1.346 |          |           |                 |
| Total                    |    44.429 |          |           |                 |
+--------------------------+-----------+----------+-----------+-----------------+


1.2 Power Supply Summary
------------------------

+-----------+-------------+-----------+-------------+------------+-------------+-------------+------------+
| Source    | Voltage (V) | Total (A) | Dynamic (A) | Static (A) | Powerup (A) | Budget (A)  | Margin (A) |
+-----------+-------------+-----------+-------------+------------+-------------+-------------+------------+
| Vccint    |       1.000 |    29.884 |      28.752 |      1.132 |       NA    | Unspecified | NA         |
| Vccaux    |       1.800 |     0.598 |       0.523 |      0.075 |       NA    | Unspecified | NA         |
| Vcco33    |       3.300 |     4.044 |       4.043 |      0.001 |       NA    | Unspecified | NA         |
| Vcco25    |       2.500 |     0.000 |       0.000 |      0.000 |       NA    | Unspecified | NA         |
| Vcco18    |       1.800 |     0.011 |       0.010 |      0.001 |       NA    | Unspecified | NA         |
| Vcco15    |       1.500 |     0.020 |       0.019 |      0.001 |       NA    | Unspecified | NA         |
| Vcco135   |       1.350 |     0.000 |       0.000 |      0.000 |       NA    | Unspecified | NA         |
| Vcco12    |       1.200 |     0.000 |       0.000 |      0.000 |       NA    | Unspecified | NA         |
| Vccaux_io |       1.800 |     0.000 |       0.000 |      0.000 |       NA    | Unspecified | NA         |
| Vccbram   |       1.000 |     0.038 |       0.000 |      0.038 |       NA    | Unspecified | NA         |
| MGTAVcc   |       1.000 |     0.000 |       0.000 |      0.000 |       NA    | Unspecified | NA         |
| MGTAVtt   |       1.200 |     0.000 |       0.000 |      0.000 |       NA    | Unspecified | NA         |
| MGTVccaux |       1.800 |     0.000 |       0.000 |      0.000 |       NA    | Unspecified | NA         |
| Vccadc    |       1.800 |     0.020 |       0.000 |      0.020 |       NA    | Unspecified | NA         |
+-----------+-------------+-----------+-------------+------------+-------------+-------------+------------+


1.3 Confidence Level
--------------------

+-----------------------------+------------+--------------------------------------------------------+--------------------------------------------------------------------------------------------------------------------+
| User Input Data             | Confidence | Details                                                | Action                                                                                                             |
+-----------------------------+------------+--------------------------------------------------------+--------------------------------------------------------------------------------------------------------------------+
| Design implementation state | High       | Design is routed                                       |                                                                                                                    |
| Clock nodes activity        | Low        | User specified less than 75% of clocks                 | Provide missing clock activity with a constraint file, simulation results or by editing the "By Clock Domain" view |
| I/O nodes activity          | Low        | More than 75% of inputs are missing user specification | Provide missing input activity with simulation results or by editing the "By Resource Type -> I/Os" view           |
| Internal nodes activity     | Medium     | User specified less than 25% of internal nodes         | Provide missing internal nodes activity with simulation results or by editing the "By Resource Type" views         |
| Device models               | High       | Device models are Production                           |                                                                                                                    |
|                             |            |                                                        |                                                                                                                    |
| Overall confidence level    | Low        |                                                        |                                                                                                                    |
+-----------------------------+------------+--------------------------------------------------------+--------------------------------------------------------------------------------------------------------------------+


2. Settings
-----------

2.1 Environment
---------------

+-----------------------+--------------------------+
| Ambient Temp (C)      | 25.0                     |
| ThetaJA (C/W)         | 1.9                      |
| Airflow (LFM)         | 250                      |
| Heat Sink             | medium (Medium Profile)  |
| ThetaSA (C/W)         | 3.4                      |
| Board Selection       | medium (10"x10")         |
| # of Board Layers     | 12to15 (12 to 15 Layers) |
| Board Temperature (C) | 25.0                     |
+-----------------------+--------------------------+


2.2 Clock Constraints
---------------------

+-------+--------+-----------------+
| Clock | Domain | Constraint (ns) |
+-------+--------+-----------------+


3. Detailed Reports
-------------------

3.1 By Hierarchy
----------------

+--------------------+-----------+
| Name               | Power (W) |
+--------------------+-----------+
| CSSTE_wrapper      |    43.083 |
|   CSSTE_i          |    28.455 |
|     Pipeline_CPU_0 |    10.951 |
|       inst         |    10.951 |
|     U10            |     1.845 |
|       inst         |     1.845 |
|     U11            |    11.329 |
|       inst         |    11.329 |
|     U2             |     0.707 |
|       U0           |     0.707 |
|     U4             |     0.965 |
|     U5             |     0.416 |
|       inst         |     0.332 |
|     U6             |     1.044 |
|       inst         |     1.044 |
|     U7             |     0.178 |
|       inst         |     0.178 |
|     U8             |     0.382 |
|       inst         |     0.382 |
|     U9             |     0.092 |
|       inst         |     0.092 |
|     dist_mem_gen_0 |     0.546 |
|       U0           |     0.546 |
+--------------------+-----------+


