Copyright 1986-2017 Xilinx, Inc. All Rights Reserved.
---------------------------------------------------------------------------------------------------------------------------------
| Tool Version : Vivado v.2017.4 (win64) Build 2086221 Fri Dec 15 20:55:39 MST 2017
| Date         : Wed May 19 20:33:17 2021
| Host         : LAPTOP-VIEPELG3 running 64-bit major release  (build 9200)
| Command      : report_drc -file CSSTE_wrapper_drc_routed.rpt -pb CSSTE_wrapper_drc_routed.pb -rpx CSSTE_wrapper_drc_routed.rpx
| Design       : CSSTE_wrapper
| Device       : xc7k160tffg676-2L
| Speed File   : -2L
| Design State : Routed
---------------------------------------------------------------------------------------------------------------------------------

Report DRC

Table of Contents
-----------------
1. REPORT SUMMARY
2. REPORT DETAILS

1. REPORT SUMMARY
-----------------
            Netlist: netlist
          Floorplan: design_1
      Design limits: <entire design considered>
           Ruledeck: default
             Max violations: <unlimited>
             Violations found: 3
+-------------+----------+-------------------------------------------------------------+------------+
| Rule        | Severity | Description                                                 | Violations |
+-------------+----------+-------------------------------------------------------------+------------+
| CFGBVS-1    | Warning  | Missing CFGBVS and CONFIG_VOLTAGE Design Properties         | 1          |
| PDRC-153    | Warning  | Gated clock check                                           | 1          |
| PLHOLDVIO-2 | Warning  | Non-Optimal connections which could lead to hold violations | 1          |
+-------------+----------+-------------------------------------------------------------+------------+

2. REPORT DETAILS
-----------------
CFGBVS-1#1 Warning
Missing CFGBVS and CONFIG_VOLTAGE Design Properties  
Neither the CFGBVS nor CONFIG_VOLTAGE voltage property is set in the current_design.  Configuration bank voltage select (CFGBVS) must be set to VCCO or GND, and CONFIG_VOLTAGE must be set to the correct configuration voltage, in order to determine the I/O voltage support for the pins in bank 0.  It is suggested to specify these either using the 'Edit Device Properties' function in the GUI or directly in the XDC file using the following syntax:

 set_property CFGBVS value1 [current_design]
 #where value1 is either VCCO or GND

 set_property CONFIG_VOLTAGE value2 [current_design]
 #where value2 is the voltage provided to configuration bank 0

Refer to the device configuration user guide for more information.
Related violations: <none>

PDRC-153#1 Warning
Gated clock check  
Net CSSTE_i/U8/inst/Clk_CPU is a gated clock net sourced by a combinational pin CSSTE_i/U8/inst/Clk_CPU__0/O, cell CSSTE_i/U8/inst/Clk_CPU__0. This is not good design practice and will likely impact performance. For SLICE registers, for example, use the CE pin to control the loading of data.
Related violations: <none>

PLHOLDVIO-2#1 Warning
Non-Optimal connections which could lead to hold violations  
A LUT CSSTE_i/U8/inst/Clk_CPU__0 is driving clock pin of 1221 cells. This could lead to large hold time violations. First few involved cells are:
    CSSTE_i/U5/inst/cpu_blink_reg[0] {FDRE}
    CSSTE_i/U5/inst/cpu_blink_reg[1] {FDRE}
    CSSTE_i/U5/inst/cpu_blink_reg[2] {FDRE}
    CSSTE_i/U5/inst/cpu_blink_reg[3] {FDRE}
    CSSTE_i/U5/inst/cpu_blink_reg[7] {FDRE}

Related violations: <none>


