Copyright 1986-2020 Xilinx, Inc. All Rights Reserved.
-------------------------------------------------------------------------------------------------------------------------------------------------------------
| Tool Version     : Vivado v.2020.2 (win64) Build 3064766 Wed Nov 18 09:12:45 MST 2020
| Date             : Fri Jun 25 15:34:00 2021
| Host             : LAPTOP-VIEPELG3 running 64-bit major release  (build 9200)
| Command          : report_power -file CSSTE_wrapper_power_routed.rpt -pb CSSTE_wrapper_power_summary_routed.pb -rpx CSSTE_wrapper_power_routed.rpx
| Design           : CSSTE_wrapper
| Device           : xc7k160tffg676-2L
| Design State     : routed
| Grade            : extended
| Process          : typical
| Characterization : Production
-------------------------------------------------------------------------------------------------------------------------------------------------------------

Power Report

Table of Contents
-----------------
1. Summary
1.1 On-Chip Components
1.2 Power Supply Summary
1.3 Confidence Level
2. Settings
2.1 Environment
2.2 Clock Constraints
3. Detailed Reports
3.1 By Hierarchy

1. Summary
----------

+--------------------------+----------------------------------+
| Total On-Chip Power (W)  | 44.251 (Junction temp exceeded!) |
| Design Power Budget (W)  | Unspecified*                     |
| Power Budget Margin (W)  | NA                               |
| Dynamic (W)              | 42.918                           |
| Device Static (W)        | 1.333                            |
| Effective TJA (C/W)      | 1.9                              |
| Max Ambient (C)          | 14.8                             |
| Junction Temperature (C) | 110.2                            |
| Confidence Level         | Low                              |
| Setting File             | ---                              |
| Simulation Activity File | ---                              |
| Design Nets Matched      | NA                               |
+--------------------------+----------------------------------+
* Specify Design Power Budget using, set_operating_conditions -design_power_budget <value in Watts>


1.1 On-Chip Components
----------------------

+--------------------------+-----------+----------+-----------+-----------------+
| On-Chip                  | Power (W) | Used     | Available | Utilization (%) |
+--------------------------+-----------+----------+-----------+-----------------+
| Slice Logic              |    10.947 |     9047 |       --- |             --- |
|   LUT as Logic           |     9.940 |     4118 |    101400 |            4.06 |
|   CARRY4                 |     0.475 |      117 |     25350 |            0.46 |
|   Register               |     0.300 |     2158 |    202800 |            1.06 |
|   F7/F8 Muxes            |     0.126 |     1197 |    101400 |            1.18 |
|   LUT as Distributed RAM |     0.073 |     1152 |     35000 |            3.29 |
|   BUFG                   |     0.033 |        5 |        32 |           15.63 |
|   Others                 |     0.000 |       31 |       --- |             --- |
| Signals                  |    18.234 |     5941 |       --- |             --- |
| I/O                      |    13.737 |       44 |       400 |           11.00 |
| Static Power             |     1.333 |          |           |                 |
| Total                    |    44.251 |          |           |                 |
+--------------------------+-----------+----------+-----------+-----------------+


1.2 Power Supply Summary
------------------------

+-----------+-------------+-----------+-------------+------------+-------------+-------------+------------+
| Source    | Voltage (V) | Total (A) | Dynamic (A) | Static (A) | Powerup (A) | Budget (A)  | Margin (A) |
+-----------+-------------+-----------+-------------+------------+-------------+-------------+------------+
| Vccint    |       1.000 |    30.390 |      29.270 |      1.120 |       NA    | Unspecified | NA         |
| Vccaux    |       1.800 |     0.572 |       0.498 |      0.074 |       NA    | Unspecified | NA         |
| Vcco33    |       3.300 |     3.851 |       3.850 |      0.001 |       NA    | Unspecified | NA         |
| Vcco25    |       2.500 |     0.000 |       0.000 |      0.000 |       NA    | Unspecified | NA         |
| Vcco18    |       1.800 |     0.011 |       0.010 |      0.001 |       NA    | Unspecified | NA         |
| Vcco15    |       1.500 |     0.020 |       0.019 |      0.001 |       NA    | Unspecified | NA         |
| Vcco135   |       1.350 |     0.000 |       0.000 |      0.000 |       NA    | Unspecified | NA         |
| Vcco12    |       1.200 |     0.000 |       0.000 |      0.000 |       NA    | Unspecified | NA         |
| Vccaux_io |       1.800 |     0.000 |       0.000 |      0.000 |       NA    | Unspecified | NA         |
| Vccbram   |       1.000 |     0.037 |       0.000 |      0.037 |       NA    | Unspecified | NA         |
| MGTAVcc   |       1.000 |     0.000 |       0.000 |      0.000 |       NA    | Unspecified | NA         |
| MGTAVtt   |       1.200 |     0.000 |       0.000 |      0.000 |       NA    | Unspecified | NA         |
| MGTVccaux |       1.800 |     0.000 |       0.000 |      0.000 |       NA    | Unspecified | NA         |
| Vccadc    |       1.800 |     0.020 |       0.000 |      0.020 |       NA    | Unspecified | NA         |
+-----------+-------------+-----------+-------------+------------+-------------+-------------+------------+


1.3 Confidence Level
--------------------

+-----------------------------+------------+--------------------------------------------------------+--------------------------------------------------------------------------------------------------------------------+
| User Input Data             | Confidence | Details                                                | Action                                                                                                             |
+-----------------------------+------------+--------------------------------------------------------+--------------------------------------------------------------------------------------------------------------------+
| Design implementation state | High       | Design is routed                                       |                                                                                                                    |
| Clock nodes activity        | Low        | User specified less than 75% of clocks                 | Provide missing clock activity with a constraint file, simulation results or by editing the "By Clock Domain" view |
| I/O nodes activity          | Low        | More than 75% of inputs are missing user specification | Provide missing input activity with simulation results or by editing the "By Resource Type -> I/Os" view           |
| Internal nodes activity     | Medium     | User specified less than 25% of internal nodes         | Provide missing internal nodes activity with simulation results or by editing the "By Resource Type" views         |
| Device models               | High       | Device models are Production                           |                                                                                                                    |
|                             |            |                                                        |                                                                                                                    |
| Overall confidence level    | Low        |                                                        |                                                                                                                    |
+-----------------------------+------------+--------------------------------------------------------+--------------------------------------------------------------------------------------------------------------------+


2. Settings
-----------

2.1 Environment
---------------

+-----------------------+--------------------------+
| Ambient Temp (C)      | 25.0                     |
| ThetaJA (C/W)         | 1.9                      |
| Airflow (LFM)         | 250                      |
| Heat Sink             | medium (Medium Profile)  |
| ThetaSA (C/W)         | 3.4                      |
| Board Selection       | medium (10"x10")         |
| # of Board Layers     | 12to15 (12 to 15 Layers) |
| Board Temperature (C) | 25.0                     |
+-----------------------+--------------------------+


2.2 Clock Constraints
---------------------

+-------+--------+-----------------+
| Clock | Domain | Constraint (ns) |
+-------+--------+-----------------+


3. Detailed Reports
-------------------

3.1 By Hierarchy
----------------

+--------------------+-----------+
| Name               | Power (W) |
+--------------------+-----------+
| CSSTE_wrapper      |    42.918 |
|   CSSTE_i          |    28.988 |
|     Counter_x_0    |     1.828 |
|       inst         |     1.828 |
|     MIO_BUS_0      |     0.247 |
|       inst         |     0.247 |
|     Multi_8CH32_0  |     0.459 |
|       inst         |     0.459 |
|     Pipeline_CPU_0 |     8.709 |
|       inst         |     8.709 |
|     RAM_Data       |     0.069 |
|       U0           |     0.069 |
|     ROM_B          |     0.847 |
|       U0           |     0.847 |
|     SAnti_jitter_0 |     0.109 |
|       inst         |     0.109 |
|     SPIO_0         |     0.137 |
|       inst         |     0.137 |
|     SSeg7_Dev_0    |     0.986 |
|       inst         |     0.986 |
|     VGA_0          |    15.194 |
|       inst         |    15.194 |
|     clk_div_0      |     0.403 |
|       inst         |     0.403 |
+--------------------+-----------+


