Copyright 1986-2020 Xilinx, Inc. All Rights Reserved.
------------------------------------------------------------------------------------
| Tool Version : Vivado v.2020.2 (win64) Build 3064766 Wed Nov 18 09:12:45 MST 2020
| Date         : Thu Jun 24 18:26:23 2021
| Host         : LAPTOP-VIEPELG3 running 64-bit major release  (build 9200)
| Command      : upgrade_ip
| Device       : xc7k160tffg676-2L
------------------------------------------------------------------------------------

Upgrade Log for IP 'CSSTE_xlslice_0_9'

1. Summary
----------

SUCCESS in the upgrade of CSSTE_xlslice_0_9 (xilinx.com:ip:xlslice:1.0) from (Rev. 1) to (Rev. 2)






Copyright 1986-2020 Xilinx, Inc. All Rights Reserved.
------------------------------------------------------------------------------------
| Tool Version : Vivado v.2020.2 (win64) Build 3064766 Wed Nov 18 09:12:45 MST 2020
| Date         : Thu Jun 24 18:26:23 2021
| Host         : LAPTOP-VIEPELG3 running 64-bit major release  (build 9200)
| Command      : upgrade_ip
| Device       : xc7k160tffg676-2L
------------------------------------------------------------------------------------

Upgrade Log for IP 'CSSTE_xlslice_0_8'

1. Summary
----------

SUCCESS in the upgrade of CSSTE_xlslice_0_8 (xilinx.com:ip:xlslice:1.0) from (Rev. 1) to (Rev. 2)






Copyright 1986-2020 Xilinx, Inc. All Rights Reserved.
------------------------------------------------------------------------------------
| Tool Version : Vivado v.2020.2 (win64) Build 3064766 Wed Nov 18 09:12:45 MST 2020
| Date         : Thu Jun 24 18:26:23 2021
| Host         : LAPTOP-VIEPELG3 running 64-bit major release  (build 9200)
| Command      : upgrade_ip
| Device       : xc7k160tffg676-2L
------------------------------------------------------------------------------------

Upgrade Log for IP 'CSSTE_xlslice_0_7'

1. Summary
----------

SUCCESS in the upgrade of CSSTE_xlslice_0_7 (xilinx.com:ip:xlslice:1.0) from (Rev. 1) to (Rev. 2)






Copyright 1986-2020 Xilinx, Inc. All Rights Reserved.
------------------------------------------------------------------------------------
| Tool Version : Vivado v.2020.2 (win64) Build 3064766 Wed Nov 18 09:12:45 MST 2020
| Date         : Thu Jun 24 18:26:22 2021
| Host         : LAPTOP-VIEPELG3 running 64-bit major release  (build 9200)
| Command      : upgrade_ip
| Device       : xc7k160tffg676-2L
------------------------------------------------------------------------------------

Upgrade Log for IP 'CSSTE_xlslice_0_6'

1. Summary
----------

SUCCESS in the upgrade of CSSTE_xlslice_0_6 (xilinx.com:ip:xlslice:1.0) from (Rev. 1) to (Rev. 2)






Copyright 1986-2020 Xilinx, Inc. All Rights Reserved.
------------------------------------------------------------------------------------
| Tool Version : Vivado v.2020.2 (win64) Build 3064766 Wed Nov 18 09:12:45 MST 2020
| Date         : Thu Jun 24 18:26:22 2021
| Host         : LAPTOP-VIEPELG3 running 64-bit major release  (build 9200)
| Command      : upgrade_ip
| Device       : xc7k160tffg676-2L
------------------------------------------------------------------------------------

Upgrade Log for IP 'CSSTE_xlslice_0_5'

1. Summary
----------

SUCCESS in the upgrade of CSSTE_xlslice_0_5 (xilinx.com:ip:xlslice:1.0) from (Rev. 1) to (Rev. 2)






Copyright 1986-2020 Xilinx, Inc. All Rights Reserved.
------------------------------------------------------------------------------------
| Tool Version : Vivado v.2020.2 (win64) Build 3064766 Wed Nov 18 09:12:45 MST 2020
| Date         : Thu Jun 24 18:26:22 2021
| Host         : LAPTOP-VIEPELG3 running 64-bit major release  (build 9200)
| Command      : upgrade_ip
| Device       : xc7k160tffg676-2L
------------------------------------------------------------------------------------

Upgrade Log for IP 'CSSTE_xlslice_0_4'

1. Summary
----------

SUCCESS in the upgrade of CSSTE_xlslice_0_4 (xilinx.com:ip:xlslice:1.0) from (Rev. 1) to (Rev. 2)






Copyright 1986-2020 Xilinx, Inc. All Rights Reserved.
------------------------------------------------------------------------------------
| Tool Version : Vivado v.2020.2 (win64) Build 3064766 Wed Nov 18 09:12:45 MST 2020
| Date         : Thu Jun 24 18:26:22 2021
| Host         : LAPTOP-VIEPELG3 running 64-bit major release  (build 9200)
| Command      : upgrade_ip
| Device       : xc7k160tffg676-2L
------------------------------------------------------------------------------------

Upgrade Log for IP 'CSSTE_xlslice_0_3'

1. Summary
----------

SUCCESS in the upgrade of CSSTE_xlslice_0_3 (xilinx.com:ip:xlslice:1.0) from (Rev. 1) to (Rev. 2)






Copyright 1986-2020 Xilinx, Inc. All Rights Reserved.
------------------------------------------------------------------------------------
| Tool Version : Vivado v.2020.2 (win64) Build 3064766 Wed Nov 18 09:12:45 MST 2020
| Date         : Thu Jun 24 18:26:22 2021
| Host         : LAPTOP-VIEPELG3 running 64-bit major release  (build 9200)
| Command      : upgrade_ip
| Device       : xc7k160tffg676-2L
------------------------------------------------------------------------------------

Upgrade Log for IP 'CSSTE_xlslice_0_2'

1. Summary
----------

SUCCESS in the upgrade of CSSTE_xlslice_0_2 (xilinx.com:ip:xlslice:1.0) from (Rev. 1) to (Rev. 2)






Copyright 1986-2020 Xilinx, Inc. All Rights Reserved.
------------------------------------------------------------------------------------
| Tool Version : Vivado v.2020.2 (win64) Build 3064766 Wed Nov 18 09:12:45 MST 2020
| Date         : Thu Jun 24 18:26:22 2021
| Host         : LAPTOP-VIEPELG3 running 64-bit major release  (build 9200)
| Command      : upgrade_ip
| Device       : xc7k160tffg676-2L
------------------------------------------------------------------------------------

Upgrade Log for IP 'CSSTE_xlslice_0_1'

1. Summary
----------

SUCCESS in the upgrade of CSSTE_xlslice_0_1 (xilinx.com:ip:xlslice:1.0) from (Rev. 1) to (Rev. 2)






Copyright 1986-2020 Xilinx, Inc. All Rights Reserved.
------------------------------------------------------------------------------------
| Tool Version : Vivado v.2020.2 (win64) Build 3064766 Wed Nov 18 09:12:45 MST 2020
| Date         : Thu Jun 24 18:26:22 2021
| Host         : LAPTOP-VIEPELG3 running 64-bit major release  (build 9200)
| Command      : upgrade_ip
| Device       : xc7k160tffg676-2L
------------------------------------------------------------------------------------

Upgrade Log for IP 'CSSTE_xlconstant_0_1'

1. Summary
----------

SUCCESS in the upgrade of CSSTE_xlconstant_0_1 (xilinx.com:ip:xlconstant:1.1) from (Rev. 3) to (Rev. 7)






Copyright 1986-2020 Xilinx, Inc. All Rights Reserved.
------------------------------------------------------------------------------------
| Tool Version : Vivado v.2020.2 (win64) Build 3064766 Wed Nov 18 09:12:45 MST 2020
| Date         : Thu Jun 24 18:26:22 2021
| Host         : LAPTOP-VIEPELG3 running 64-bit major release  (build 9200)
| Command      : upgrade_ip
| Device       : xc7k160tffg676-2L
------------------------------------------------------------------------------------

Upgrade Log for IP 'CSSTE_xlconstant_0_0'

1. Summary
----------

SUCCESS in the upgrade of CSSTE_xlconstant_0_0 (xilinx.com:ip:xlconstant:1.1) from (Rev. 3) to (Rev. 7)






Copyright 1986-2020 Xilinx, Inc. All Rights Reserved.
------------------------------------------------------------------------------------
| Tool Version : Vivado v.2020.2 (win64) Build 3064766 Wed Nov 18 09:12:45 MST 2020
| Date         : Thu Jun 24 18:26:22 2021
| Host         : LAPTOP-VIEPELG3 running 64-bit major release  (build 9200)
| Command      : upgrade_ip
| Device       : xc7k160tffg676-2L
------------------------------------------------------------------------------------

Upgrade Log for IP 'CSSTE_xlconcat_0_1'

1. Summary
----------

SUCCESS in the upgrade of CSSTE_xlconcat_0_1 (xilinx.com:ip:xlconcat:2.1) from (Rev. 1) to (Rev. 4)






Copyright 1986-2020 Xilinx, Inc. All Rights Reserved.
------------------------------------------------------------------------------------
| Tool Version : Vivado v.2020.2 (win64) Build 3064766 Wed Nov 18 09:12:45 MST 2020
| Date         : Thu Jun 24 18:26:22 2021
| Host         : LAPTOP-VIEPELG3 running 64-bit major release  (build 9200)
| Command      : upgrade_ip
| Device       : xc7k160tffg676-2L
------------------------------------------------------------------------------------

Upgrade Log for IP 'CSSTE_xlconcat_0_0'

1. Summary
----------

SUCCESS in the upgrade of CSSTE_xlconcat_0_0 (xilinx.com:ip:xlconcat:2.1) from (Rev. 1) to (Rev. 4)






Copyright 1986-2020 Xilinx, Inc. All Rights Reserved.
------------------------------------------------------------------------------------
| Tool Version : Vivado v.2020.2 (win64) Build 3064766 Wed Nov 18 09:12:45 MST 2020
| Date         : Thu Jun 24 18:26:22 2021
| Host         : LAPTOP-VIEPELG3 running 64-bit major release  (build 9200)
| Command      : upgrade_ip
| Device       : xc7k160tffg676-2L
------------------------------------------------------------------------------------

Upgrade Log for IP 'CSSTE_util_vector_logic_0_1'

1. Summary
----------

SUCCESS in the conversion of CSSTE_util_vector_logic_0_1 (xilinx.com:ip:util_vector_logic:2.0 (Rev. 1)) to Vivado generation flows.






Copyright 1986-2020 Xilinx, Inc. All Rights Reserved.
------------------------------------------------------------------------------------
| Tool Version : Vivado v.2020.2 (win64) Build 3064766 Wed Nov 18 09:12:45 MST 2020
| Date         : Thu Jun 24 18:26:22 2021
| Host         : LAPTOP-VIEPELG3 running 64-bit major release  (build 9200)
| Command      : upgrade_ip
| Device       : xc7k160tffg676-2L
------------------------------------------------------------------------------------

Upgrade Log for IP 'CSSTE_util_vector_logic_0_0'

1. Summary
----------

SUCCESS in the conversion of CSSTE_util_vector_logic_0_0 (xilinx.com:ip:util_vector_logic:2.0 (Rev. 1)) to Vivado generation flows.






Copyright 1986-2020 Xilinx, Inc. All Rights Reserved.
------------------------------------------------------------------------------------
| Tool Version : Vivado v.2020.2 (win64) Build 3064766 Wed Nov 18 09:12:45 MST 2020
| Date         : Thu Jun 24 18:26:22 2021
| Host         : LAPTOP-VIEPELG3 running 64-bit major release  (build 9200)
| Command      : upgrade_ip
| Device       : xc7k160tffg676-2L
------------------------------------------------------------------------------------

Upgrade Log for IP 'CSSTE_sw9_0'

1. Summary
----------

SUCCESS in the upgrade of CSSTE_sw9_0 (xilinx.com:ip:xlslice:1.0) from (Rev. 1) to (Rev. 2)






Copyright 1986-2020 Xilinx, Inc. All Rights Reserved.
------------------------------------------------------------------------------------
| Tool Version : Vivado v.2020.2 (win64) Build 3064766 Wed Nov 18 09:12:45 MST 2020
| Date         : Thu Jun 24 18:26:22 2021
| Host         : LAPTOP-VIEPELG3 running 64-bit major release  (build 9200)
| Command      : upgrade_ip
| Device       : xc7k160tffg676-2L
------------------------------------------------------------------------------------

Upgrade Log for IP 'CSSTE_sw7_5_0'

1. Summary
----------

SUCCESS in the upgrade of CSSTE_sw7_5_0 (xilinx.com:ip:xlslice:1.0) from (Rev. 1) to (Rev. 2)






Copyright 1986-2020 Xilinx, Inc. All Rights Reserved.
------------------------------------------------------------------------------------
| Tool Version : Vivado v.2020.2 (win64) Build 3064766 Wed Nov 18 09:12:45 MST 2020
| Date         : Thu Jun 24 18:26:22 2021
| Host         : LAPTOP-VIEPELG3 running 64-bit major release  (build 9200)
| Command      : upgrade_ip
| Device       : xc7k160tffg676-2L
------------------------------------------------------------------------------------

Upgrade Log for IP 'CSSTE_div20_1'

1. Summary
----------

SUCCESS in the upgrade of CSSTE_div20_1 (xilinx.com:ip:xlslice:1.0) from (Rev. 1) to (Rev. 2)






Copyright 1986-2020 Xilinx, Inc. All Rights Reserved.
------------------------------------------------------------------------------------
| Tool Version : Vivado v.2020.2 (win64) Build 3064766 Wed Nov 18 09:12:45 MST 2020
| Date         : Thu Jun 24 18:26:22 2021
| Host         : LAPTOP-VIEPELG3 running 64-bit major release  (build 9200)
| Command      : upgrade_ip
| Device       : xc7k160tffg676-2L
------------------------------------------------------------------------------------

Upgrade Log for IP 'CSSTE_div20_0'

1. Summary
----------

SUCCESS in the upgrade of CSSTE_div20_0 (xilinx.com:ip:xlslice:1.0) from (Rev. 1) to (Rev. 2)






Copyright 1986-2020 Xilinx, Inc. All Rights Reserved.
------------------------------------------------------------------------------------
| Tool Version : Vivado v.2020.2 (win64) Build 3064766 Wed Nov 18 09:12:45 MST 2020
| Date         : Thu Jun 24 18:26:22 2021
| Host         : LAPTOP-VIEPELG3 running 64-bit major release  (build 9200)
| Command      : upgrade_ip
| Device       : xc7k160tffg676-2L
------------------------------------------------------------------------------------

Upgrade Log for IP 'CSSTE_dist_mem_gen_0_1'

1. Summary
----------

SUCCESS in the upgrade of CSSTE_dist_mem_gen_0_1 (xilinx.com:ip:dist_mem_gen:8.0) from (Rev. 12) to (Rev. 13)






Copyright 1986-2020 Xilinx, Inc. All Rights Reserved.
------------------------------------------------------------------------------------
| Tool Version : Vivado v.2020.2 (win64) Build 3064766 Wed Nov 18 09:12:45 MST 2020
| Date         : Thu Jun 24 18:26:22 2021
| Host         : LAPTOP-VIEPELG3 running 64-bit major release  (build 9200)
| Command      : upgrade_ip
| Device       : xc7k160tffg676-2L
------------------------------------------------------------------------------------

Upgrade Log for IP 'CSSTE_dist_mem_gen_0_0'

1. Summary
----------

CAUTION (success, with warnings) in the upgrade of CSSTE_dist_mem_gen_0_0 (xilinx.com:ip:dist_mem_gen:8.0) from (Rev. 12) to (Rev. 13)

After upgrade, an IP may have parameter and port differences compared to the original customization. Please review the parameters within the IP customization GUI to ensure proper functionality. Also, please review the updated IP instantiation template to ensure proper connectivity, and update your design if required.

2. Warnings
-----------

WARNING: The upgraded user parameter set contained parameters that could not be mapped on to the upgraded IP. When checking the upgrade script, note that parameter names are case sensitive.


3. Connection Warnings
----------------------

Detected external port differences while upgrading 'CSSTE_dist_mem_gen_0_0'. These changes may impact your design.


-Upgraded port 'a' width 6 differs from original width 10

-Upgraded port 'spo' width 16 differs from original width 32

-Upgrade has added port 'clk'

-Upgrade has added port 'd'

-Upgrade has added port 'we'


4. Customization warnings
-------------------------

The normal upgrade process failed due to validation failures in the given configuration. Attempting partial upgrade to set as many user parameters as possible. Please check the parameters whose values were not applied.

Customization errors found on 'CSSTE_dist_mem_gen_0_0'. Restoring to previous valid configuration.


5. Debug Commands
-----------------

  The following debug information can be passed to Vivado as Tcl commands,
in order to validate or debug the output of the upgrade flow.
  You may consult any warnings from within this upgrade, and alter or remove
the configuration parameter(s) which caused the warning; then execute the Tcl
commands, and use the IP Customization GUI to verify the IP configuration.

create_ip -vlnv xilinx.com:ip:dist_mem_gen:8.0 -user_name CSSTE_dist_mem_gen_0_0
set_property -dict "\
  CONFIG.Component_Name {CSSTE_dist_mem_gen_0_0} \
  CONFIG.Pipeline_Stages {0} \
  CONFIG.ce_overrides {ce_overrides_sync_controls} \
  CONFIG.coefficient_file {../../../../../../../../OExp02-IP2SOC/COE/COE/I_mem_more.coe} \
  CONFIG.common_output_ce {false} \
  CONFIG.common_output_clk {false} \
  CONFIG.data_width {32} \
  CONFIG.default_data {0} \
  CONFIG.default_data_radix {16} \
  CONFIG.depth {1024} \
  CONFIG.dual_port_address {non_registered} \
  CONFIG.dual_port_output_clock_enable {false} \
  CONFIG.input_clock_enable {false} \
  CONFIG.input_options {non_registered} \
  CONFIG.memory_type {rom} \
  CONFIG.output_options {non_registered} \
  CONFIG.qualify_we_with_i_ce {false} \
  CONFIG.reset_qdpo {false} \
  CONFIG.reset_qsdpo {false} \
  CONFIG.reset_qspo {false} \
  CONFIG.simple_dual_port_address {non_registered} \
  CONFIG.simple_dual_port_output_clock_enable {false} \
  CONFIG.single_port_output_clock_enable {false} \
  CONFIG.sync_reset_qdpo {false} \
  CONFIG.sync_reset_qsdpo {false} \
  CONFIG.sync_reset_qspo {false} " [get_ips CSSTE_dist_mem_gen_0_0]


