
*** Running vivado
    with args -log CSSTE_wrapper.vds -m64 -product Vivado -mode batch -messageDb vivado.pb -notrace -source CSSTE_wrapper.tcl



****** Vivado v2020.2 (64-bit)
  **** SW Build 3064766 on Wed Nov 18 09:12:45 MST 2020
  **** IP Build 3064653 on Wed Nov 18 14:17:31 MST 2020
    ** Copyright 1986-2020 Xilinx, Inc. All Rights Reserved.

source CSSTE_wrapper.tcl -notrace
create_project: Time (s): cpu = 00:00:03 ; elapsed = 00:00:07 . Memory (MB): peak = 1068.539 ; gain = 0.000
INFO: [IP_Flow 19-234] Refreshing IP repositories
INFO: [IP_Flow 19-1700] Loaded user IP repository 'd:/ISE/2020/OExp04/OExp04-IP2SOC08/IP'.
INFO: [IP_Flow 19-2313] Loaded Vivado IP repository 'D:/Vivado/Vivado/2020.2/data/ip'.
Command: synth_design -top CSSTE_wrapper -part xc7k160tffg676-2L
Starting synth_design
Attempting to get a license for feature 'Synthesis' and/or device 'xc7k160t'
INFO: [Common 17-349] Got license for feature 'Synthesis' and/or device 'xc7k160t'
INFO: [Device 21-403] Loading part xc7k160tffg676-2L
INFO: [Synth 8-7079] Multithreading enabled for synth_design using a maximum of 2 processes.
INFO: [Synth 8-7078] Launching helper process for spawning children vivado processes
INFO: [Synth 8-7075] Helper process launched with PID 29900
WARNING: [Synth 8-2254] instance name 'inst' matches net/port name [d:/ISE/2020/OExp04/OExp04-IP2SOC08/OExp04-IP2SOC.srcs/sources_1/bd/CSSTE/ip/CSSTE_VGA_0_0/synth/CSSTE_VGA_0_0.v:157]
---------------------------------------------------------------------------------
Starting RTL Elaboration : Time (s): cpu = 00:00:06 ; elapsed = 00:00:14 . Memory (MB): peak = 1145.234 ; gain = 76.695
---------------------------------------------------------------------------------
INFO: [Synth 8-6157] synthesizing module 'CSSTE_wrapper' [D:/ISE/2020/OExp04/OExp04-IP2SOC08/OExp04-IP2SOC.srcs/sources_1/bd/CSSTE/hdl/CSSTE_wrapper.v:12]
INFO: [Synth 8-6157] synthesizing module 'CSSTE' [D:/ISE/2020/OExp04/OExp04-IP2SOC08/OExp04-IP2SOC.srcs/sources_1/bd/CSSTE/synth/CSSTE.v:28]
INFO: [Synth 8-6157] synthesizing module 'CSSTE_sw9_0' [d:/ISE/2020/OExp04/OExp04-IP2SOC08/OExp04-IP2SOC.srcs/sources_1/bd/CSSTE/ip/CSSTE_sw9_0/synth/CSSTE_sw9_0.v:57]
INFO: [Synth 8-6157] synthesizing module 'xlslice_v1_0_2_xlslice' [d:/ISE/2020/OExp04/OExp04-IP2SOC08/OExp04-IP2SOC.srcs/sources_1/bd/CSSTE/ipshared/11d0/hdl/xlslice_v1_0_vl_rfs.v:13]
	Parameter DIN_WIDTH bound to: 4 - type: integer 
	Parameter DIN_FROM bound to: 0 - type: integer 
	Parameter DIN_TO bound to: 0 - type: integer 
INFO: [Synth 8-6155] done synthesizing module 'xlslice_v1_0_2_xlslice' (1#1) [d:/ISE/2020/OExp04/OExp04-IP2SOC08/OExp04-IP2SOC.srcs/sources_1/bd/CSSTE/ipshared/11d0/hdl/xlslice_v1_0_vl_rfs.v:13]
INFO: [Synth 8-6155] done synthesizing module 'CSSTE_sw9_0' (2#1) [d:/ISE/2020/OExp04/OExp04-IP2SOC08/OExp04-IP2SOC.srcs/sources_1/bd/CSSTE/ip/CSSTE_sw9_0/synth/CSSTE_sw9_0.v:57]
INFO: [Synth 8-6157] synthesizing module 'CSSTE_xlslice_0_3' [d:/ISE/2020/OExp04/OExp04-IP2SOC08/OExp04-IP2SOC.srcs/sources_1/bd/CSSTE/ip/CSSTE_xlslice_0_3/synth/CSSTE_xlslice_0_3.v:57]
INFO: [Synth 8-6157] synthesizing module 'xlslice_v1_0_2_xlslice__parameterized0' [d:/ISE/2020/OExp04/OExp04-IP2SOC08/OExp04-IP2SOC.srcs/sources_1/bd/CSSTE/ipshared/11d0/hdl/xlslice_v1_0_vl_rfs.v:13]
	Parameter DIN_WIDTH bound to: 32 - type: integer 
	Parameter DIN_FROM bound to: 11 - type: integer 
	Parameter DIN_TO bound to: 2 - type: integer 
INFO: [Synth 8-6155] done synthesizing module 'xlslice_v1_0_2_xlslice__parameterized0' (2#1) [d:/ISE/2020/OExp04/OExp04-IP2SOC08/OExp04-IP2SOC.srcs/sources_1/bd/CSSTE/ipshared/11d0/hdl/xlslice_v1_0_vl_rfs.v:13]
INFO: [Synth 8-6155] done synthesizing module 'CSSTE_xlslice_0_3' (3#1) [d:/ISE/2020/OExp04/OExp04-IP2SOC08/OExp04-IP2SOC.srcs/sources_1/bd/CSSTE/ip/CSSTE_xlslice_0_3/synth/CSSTE_xlslice_0_3.v:57]
INFO: [Synth 8-6157] synthesizing module 'CSSTE_xlslice_0_8' [d:/ISE/2020/OExp04/OExp04-IP2SOC08/OExp04-IP2SOC.srcs/sources_1/bd/CSSTE/ip/CSSTE_xlslice_0_8/synth/CSSTE_xlslice_0_8.v:57]
INFO: [Synth 8-6157] synthesizing module 'xlslice_v1_0_2_xlslice__parameterized1' [d:/ISE/2020/OExp04/OExp04-IP2SOC08/OExp04-IP2SOC.srcs/sources_1/bd/CSSTE/ipshared/11d0/hdl/xlslice_v1_0_vl_rfs.v:13]
	Parameter DIN_WIDTH bound to: 32 - type: integer 
	Parameter DIN_FROM bound to: 31 - type: integer 
	Parameter DIN_TO bound to: 2 - type: integer 
INFO: [Synth 8-6155] done synthesizing module 'xlslice_v1_0_2_xlslice__parameterized1' (3#1) [d:/ISE/2020/OExp04/OExp04-IP2SOC08/OExp04-IP2SOC.srcs/sources_1/bd/CSSTE/ipshared/11d0/hdl/xlslice_v1_0_vl_rfs.v:13]
INFO: [Synth 8-6155] done synthesizing module 'CSSTE_xlslice_0_8' (4#1) [d:/ISE/2020/OExp04/OExp04-IP2SOC08/OExp04-IP2SOC.srcs/sources_1/bd/CSSTE/ip/CSSTE_xlslice_0_8/synth/CSSTE_xlslice_0_8.v:57]
INFO: [Synth 8-6157] synthesizing module 'CSSTE_SCPU_0_0' [d:/ISE/2020/OExp04/OExp04-IP2SOC08/OExp04-IP2SOC.srcs/sources_1/bd/CSSTE/ip/CSSTE_SCPU_0_0/synth/CSSTE_SCPU_0_0.v:57]
INFO: [Synth 8-6157] synthesizing module 'SCPU' [d:/ISE/2020/OExp04/OExp04-IP2SOC08/OExp04-IP2SOC.srcs/sources_1/bd/CSSTE/ipshared/7490/src/SCPU.v:23]
INFO: [Synth 8-6157] synthesizing module 'SCPU_ctrl_more' [d:/ISE/2020/OExp04/OExp04-IP2SOC08/OExp04-IP2SOC.srcs/sources_1/bd/CSSTE/ipshared/7490/src/SCPU_ctrl_more.v:23]
INFO: [Synth 8-226] default block is never used [d:/ISE/2020/OExp04/OExp04-IP2SOC08/OExp04-IP2SOC.srcs/sources_1/bd/CSSTE/ipshared/7490/src/SCPU_ctrl_more.v:98]
INFO: [Synth 8-226] default block is never used [d:/ISE/2020/OExp04/OExp04-IP2SOC08/OExp04-IP2SOC.srcs/sources_1/bd/CSSTE/ipshared/7490/src/SCPU_ctrl_more.v:106]
INFO: [Synth 8-6155] done synthesizing module 'SCPU_ctrl_more' (5#1) [d:/ISE/2020/OExp04/OExp04-IP2SOC08/OExp04-IP2SOC.srcs/sources_1/bd/CSSTE/ipshared/7490/src/SCPU_ctrl_more.v:23]
INFO: [Synth 8-6157] synthesizing module 'DataPath_more' [d:/ISE/2020/OExp04/OExp04-IP2SOC08/OExp04-IP2SOC.srcs/sources_1/bd/CSSTE/ipshared/7490/src/DataPath_more.v:23]
INFO: [Synth 8-6157] synthesizing module 'ALU' [d:/ISE/2020/OExp04/OExp04-IP2SOC08/OExp04-IP2SOC.srcs/sources_1/bd/CSSTE/ipshared/7490/src/Alu.v:23]
	Parameter one bound to: 1 - type: integer 
	Parameter zero_0 bound to: 0 - type: integer 
INFO: [Synth 8-6155] done synthesizing module 'ALU' (6#1) [d:/ISE/2020/OExp04/OExp04-IP2SOC08/OExp04-IP2SOC.srcs/sources_1/bd/CSSTE/ipshared/7490/src/Alu.v:23]
WARNING: [Synth 8-7071] port 'overflow' of module 'ALU' is unconnected for instance 'ALU_u' [d:/ISE/2020/OExp04/OExp04-IP2SOC08/OExp04-IP2SOC.srcs/sources_1/bd/CSSTE/ipshared/7490/src/DataPath_more.v:76]
WARNING: [Synth 8-7023] instance 'ALU_u' of module 'ALU' has 6 connections declared, but only 5 given [d:/ISE/2020/OExp04/OExp04-IP2SOC08/OExp04-IP2SOC.srcs/sources_1/bd/CSSTE/ipshared/7490/src/DataPath_more.v:76]
INFO: [Synth 8-6157] synthesizing module 'AND' [d:/ISE/2020/OExp04/OExp04-IP2SOC08/OExp04-IP2SOC.srcs/sources_1/bd/CSSTE/ipshared/7490/src/AND.v:23]
INFO: [Synth 8-6155] done synthesizing module 'AND' (7#1) [d:/ISE/2020/OExp04/OExp04-IP2SOC08/OExp04-IP2SOC.srcs/sources_1/bd/CSSTE/ipshared/7490/src/AND.v:23]
INFO: [Synth 8-6157] synthesizing module 'OR' [d:/ISE/2020/OExp04/OExp04-IP2SOC08/OExp04-IP2SOC.srcs/sources_1/bd/CSSTE/ipshared/7490/src/OR.v:23]
INFO: [Synth 8-6155] done synthesizing module 'OR' (8#1) [d:/ISE/2020/OExp04/OExp04-IP2SOC08/OExp04-IP2SOC.srcs/sources_1/bd/CSSTE/ipshared/7490/src/OR.v:23]
INFO: [Synth 8-6157] synthesizing module 'ImmGen' [d:/ISE/2020/OExp04/OExp04-IP2SOC08/OExp04-IP2SOC.srcs/sources_1/bd/CSSTE/ipshared/7490/src/ImmGen.v:23]
INFO: [Synth 8-6155] done synthesizing module 'ImmGen' (9#1) [d:/ISE/2020/OExp04/OExp04-IP2SOC08/OExp04-IP2SOC.srcs/sources_1/bd/CSSTE/ipshared/7490/src/ImmGen.v:23]
INFO: [Synth 8-6157] synthesizing module 'MUX2T1_32' [d:/ISE/2020/OExp04/OExp04-IP2SOC08/OExp04-IP2SOC.srcs/sources_1/bd/CSSTE/ipshared/7490/src/MUX2T1_32.v:23]
INFO: [Synth 8-6155] done synthesizing module 'MUX2T1_32' (10#1) [d:/ISE/2020/OExp04/OExp04-IP2SOC08/OExp04-IP2SOC.srcs/sources_1/bd/CSSTE/ipshared/7490/src/MUX2T1_32.v:23]
INFO: [Synth 8-6157] synthesizing module 'MUX4T1_32' [d:/ISE/2020/OExp04/OExp04-IP2SOC08/OExp04-IP2SOC.srcs/sources_1/bd/CSSTE/ipshared/7490/src/MUX4T1_32.v:23]
INFO: [Synth 8-6155] done synthesizing module 'MUX4T1_32' (11#1) [d:/ISE/2020/OExp04/OExp04-IP2SOC08/OExp04-IP2SOC.srcs/sources_1/bd/CSSTE/ipshared/7490/src/MUX4T1_32.v:23]
INFO: [Synth 8-6157] synthesizing module 'REG32' [d:/ISE/2020/OExp04/OExp04-IP2SOC08/OExp04-IP2SOC.srcs/sources_1/bd/CSSTE/ipshared/7490/src/REG32.v:23]
INFO: [Synth 8-6155] done synthesizing module 'REG32' (12#1) [d:/ISE/2020/OExp04/OExp04-IP2SOC08/OExp04-IP2SOC.srcs/sources_1/bd/CSSTE/ipshared/7490/src/REG32.v:23]
INFO: [Synth 8-6157] synthesizing module 'Regs' [d:/ISE/2020/OExp04/OExp04-IP2SOC08/OExp04-IP2SOC.srcs/sources_1/bd/CSSTE/ipshared/7490/src/Regs.v:23]
INFO: [Synth 8-6155] done synthesizing module 'Regs' (13#1) [d:/ISE/2020/OExp04/OExp04-IP2SOC08/OExp04-IP2SOC.srcs/sources_1/bd/CSSTE/ipshared/7490/src/Regs.v:23]
INFO: [Synth 8-6157] synthesizing module 'add_32' [d:/ISE/2020/OExp04/OExp04-IP2SOC08/OExp04-IP2SOC.srcs/sources_1/bd/CSSTE/ipshared/7490/src/add_32.v:23]
INFO: [Synth 8-6155] done synthesizing module 'add_32' (14#1) [d:/ISE/2020/OExp04/OExp04-IP2SOC08/OExp04-IP2SOC.srcs/sources_1/bd/CSSTE/ipshared/7490/src/add_32.v:23]
INFO: [Synth 8-6155] done synthesizing module 'DataPath_more' (15#1) [d:/ISE/2020/OExp04/OExp04-IP2SOC08/OExp04-IP2SOC.srcs/sources_1/bd/CSSTE/ipshared/7490/src/DataPath_more.v:23]
INFO: [Synth 8-6155] done synthesizing module 'SCPU' (16#1) [d:/ISE/2020/OExp04/OExp04-IP2SOC08/OExp04-IP2SOC.srcs/sources_1/bd/CSSTE/ipshared/7490/src/SCPU.v:23]
INFO: [Synth 8-6155] done synthesizing module 'CSSTE_SCPU_0_0' (17#1) [d:/ISE/2020/OExp04/OExp04-IP2SOC08/OExp04-IP2SOC.srcs/sources_1/bd/CSSTE/ip/CSSTE_SCPU_0_0/synth/CSSTE_SCPU_0_0.v:57]
WARNING: [Synth 8-7071] port 'CPU_MIO' of module 'CSSTE_SCPU_0_0' is unconnected for instance 'U1' [D:/ISE/2020/OExp04/OExp04-IP2SOC08/OExp04-IP2SOC.srcs/sources_1/bd/CSSTE/synth/CSSTE.v:187]
WARNING: [Synth 8-7023] instance 'U1' of module 'CSSTE_SCPU_0_0' has 42 connections declared, but only 41 given [D:/ISE/2020/OExp04/OExp04-IP2SOC08/OExp04-IP2SOC.srcs/sources_1/bd/CSSTE/synth/CSSTE.v:187]
INFO: [Synth 8-6157] synthesizing module 'CSSTE_Counter_x_0_0' [d:/ISE/2020/OExp04/OExp04-IP2SOC08/OExp04-IP2SOC.srcs/sources_1/bd/CSSTE/ip/CSSTE_Counter_x_0_0/synth/CSSTE_Counter_x_0_0.v:57]
INFO: [Synth 8-6157] synthesizing module 'Counter_x' [d:/ISE/2020/OExp04/OExp04-IP2SOC08/OExp04-IP2SOC.srcs/sources_1/bd/CSSTE/ipshared/22cf/Counter_x.v:23]
INFO: [Synth 8-6155] done synthesizing module 'Counter_x' (18#1) [d:/ISE/2020/OExp04/OExp04-IP2SOC08/OExp04-IP2SOC.srcs/sources_1/bd/CSSTE/ipshared/22cf/Counter_x.v:23]
INFO: [Synth 8-6155] done synthesizing module 'CSSTE_Counter_x_0_0' (19#1) [d:/ISE/2020/OExp04/OExp04-IP2SOC08/OExp04-IP2SOC.srcs/sources_1/bd/CSSTE/ip/CSSTE_Counter_x_0_0/synth/CSSTE_Counter_x_0_0.v:57]
INFO: [Synth 8-6157] synthesizing module 'CSSTE_VGA_0_0' [d:/ISE/2020/OExp04/OExp04-IP2SOC08/OExp04-IP2SOC.srcs/sources_1/bd/CSSTE/ip/CSSTE_VGA_0_0/synth/CSSTE_VGA_0_0.v:57]
INFO: [Synth 8-6157] synthesizing module 'VGA' [d:/ISE/2020/OExp04/OExp04-IP2SOC08/OExp04-IP2SOC.srcs/sources_1/bd/CSSTE/ipshared/0896/VGA.v:23]
INFO: [Synth 8-6157] synthesizing module 'VgaController' [d:/ISE/2020/OExp04/OExp04-IP2SOC08/OExp04-IP2SOC.srcs/sources_1/bd/CSSTE/ipshared/0896/VgaController.v:23]
	Parameter HS_1 bound to: 96 - type: integer 
	Parameter VS_1 bound to: 2 - type: integer 
	Parameter HS_2 bound to: 147 - type: integer 
	Parameter VS_2 bound to: 35 - type: integer 
	Parameter WIDTH bound to: 640 - type: integer 
	Parameter HEIGHT bound to: 480 - type: integer 
INFO: [Synth 8-6155] done synthesizing module 'VgaController' (20#1) [d:/ISE/2020/OExp04/OExp04-IP2SOC08/OExp04-IP2SOC.srcs/sources_1/bd/CSSTE/ipshared/0896/VgaController.v:23]
INFO: [Synth 8-6157] synthesizing module 'VgaDisplay' [d:/ISE/2020/OExp04/OExp04-IP2SOC08/OExp04-IP2SOC.srcs/sources_1/bd/CSSTE/ipshared/0896/VgaDisplay.v:23]
INFO: [Synth 8-3876] $readmem data file 'D:\vga_debugger.mem' is read successfully [d:/ISE/2020/OExp04/OExp04-IP2SOC08/OExp04-IP2SOC.srcs/sources_1/bd/CSSTE/ipshared/0896/VgaDisplay.v:37]
INFO: [Synth 8-3876] $readmem data file 'D:\font_8x16.mem' is read successfully [d:/ISE/2020/OExp04/OExp04-IP2SOC08/OExp04-IP2SOC.srcs/sources_1/bd/CSSTE/ipshared/0896/VgaDisplay.v:47]
INFO: [Synth 8-6155] done synthesizing module 'VgaDisplay' (21#1) [d:/ISE/2020/OExp04/OExp04-IP2SOC08/OExp04-IP2SOC.srcs/sources_1/bd/CSSTE/ipshared/0896/VgaDisplay.v:23]
INFO: [Synth 8-6157] synthesizing module 'VgaDebugger' [d:/ISE/2020/OExp04/OExp04-IP2SOC08/OExp04-IP2SOC.srcs/sources_1/bd/CSSTE/ipshared/0896/VgaDebugger.v:23]
INFO: [Synth 8-6157] synthesizing module 'Hex2Ascii' [d:/ISE/2020/OExp04/OExp04-IP2SOC08/OExp04-IP2SOC.srcs/sources_1/bd/CSSTE/ipshared/0896/Hex2Ascii.v:23]
INFO: [Synth 8-6155] done synthesizing module 'Hex2Ascii' (22#1) [d:/ISE/2020/OExp04/OExp04-IP2SOC08/OExp04-IP2SOC.srcs/sources_1/bd/CSSTE/ipshared/0896/Hex2Ascii.v:23]
INFO: [Synth 8-6155] done synthesizing module 'VgaDebugger' (23#1) [d:/ISE/2020/OExp04/OExp04-IP2SOC08/OExp04-IP2SOC.srcs/sources_1/bd/CSSTE/ipshared/0896/VgaDebugger.v:23]
INFO: [Synth 8-6155] done synthesizing module 'VGA' (24#1) [d:/ISE/2020/OExp04/OExp04-IP2SOC08/OExp04-IP2SOC.srcs/sources_1/bd/CSSTE/ipshared/0896/VGA.v:23]
INFO: [Synth 8-6155] done synthesizing module 'CSSTE_VGA_0_0' (25#1) [d:/ISE/2020/OExp04/OExp04-IP2SOC08/OExp04-IP2SOC.srcs/sources_1/bd/CSSTE/ip/CSSTE_VGA_0_0/synth/CSSTE_VGA_0_0.v:57]
INFO: [Synth 8-638] synthesizing module 'CSSTE_dist_mem_gen_0_0' [d:/ISE/2020/OExp04/OExp04-IP2SOC08/OExp04-IP2SOC.srcs/sources_1/bd/CSSTE/ip/CSSTE_dist_mem_gen_0_0/synth/CSSTE_dist_mem_gen_0_0.vhd:66]
	Parameter C_FAMILY bound to: kintex7 - type: string 
	Parameter C_ADDR_WIDTH bound to: 6 - type: integer 
	Parameter C_DEFAULT_DATA bound to: 0 - type: string 
	Parameter C_DEPTH bound to: 64 - type: integer 
	Parameter C_HAS_CLK bound to: 0 - type: integer 
	Parameter C_HAS_D bound to: 0 - type: integer 
	Parameter C_HAS_DPO bound to: 0 - type: integer 
	Parameter C_HAS_DPRA bound to: 0 - type: integer 
	Parameter C_HAS_I_CE bound to: 0 - type: integer 
	Parameter C_HAS_QDPO bound to: 0 - type: integer 
	Parameter C_HAS_QDPO_CE bound to: 0 - type: integer 
	Parameter C_HAS_QDPO_CLK bound to: 0 - type: integer 
	Parameter C_HAS_QDPO_RST bound to: 0 - type: integer 
	Parameter C_HAS_QDPO_SRST bound to: 0 - type: integer 
	Parameter C_HAS_QSPO bound to: 0 - type: integer 
	Parameter C_HAS_QSPO_CE bound to: 0 - type: integer 
	Parameter C_HAS_QSPO_RST bound to: 0 - type: integer 
	Parameter C_HAS_QSPO_SRST bound to: 0 - type: integer 
	Parameter C_HAS_SPO bound to: 1 - type: integer 
	Parameter C_HAS_WE bound to: 0 - type: integer 
	Parameter C_MEM_INIT_FILE bound to: CSSTE_dist_mem_gen_0_0.mif - type: string 
	Parameter C_ELABORATION_DIR bound to: ./ - type: string 
	Parameter C_MEM_TYPE bound to: 0 - type: integer 
	Parameter C_PIPELINE_STAGES bound to: 0 - type: integer 
	Parameter C_QCE_JOINED bound to: 0 - type: integer 
	Parameter C_QUALIFY_WE bound to: 0 - type: integer 
	Parameter C_READ_MIF bound to: 1 - type: integer 
	Parameter C_REG_A_D_INPUTS bound to: 0 - type: integer 
	Parameter C_REG_DPRA_INPUT bound to: 0 - type: integer 
	Parameter C_SYNC_ENABLE bound to: 1 - type: integer 
	Parameter C_WIDTH bound to: 16 - type: integer 
	Parameter C_PARSER_TYPE bound to: 1 - type: integer 
INFO: [Synth 8-3491] module 'dist_mem_gen_v8_0_13' declared at 'd:/ISE/2020/OExp04/OExp04-IP2SOC08/OExp04-IP2SOC.srcs/sources_1/bd/CSSTE/ipshared/0bf5/hdl/dist_mem_gen_v8_0_vhsyn_rfs.vhd:3237' bound to instance 'U0' of component 'dist_mem_gen_v8_0_13' [d:/ISE/2020/OExp04/OExp04-IP2SOC08/OExp04-IP2SOC.srcs/sources_1/bd/CSSTE/ip/CSSTE_dist_mem_gen_0_0/synth/CSSTE_dist_mem_gen_0_0.vhd:132]
INFO: [Synth 8-256] done synthesizing module 'CSSTE_dist_mem_gen_0_0' (29#1) [d:/ISE/2020/OExp04/OExp04-IP2SOC08/OExp04-IP2SOC.srcs/sources_1/bd/CSSTE/ip/CSSTE_dist_mem_gen_0_0/synth/CSSTE_dist_mem_gen_0_0.vhd:66]
INFO: [Synth 8-6157] synthesizing module 'CSSTE_MIO_BUS_0_0' [d:/ISE/2020/OExp04/OExp04-IP2SOC08/OExp04-IP2SOC.srcs/sources_1/bd/CSSTE/ip/CSSTE_MIO_BUS_0_0/synth/CSSTE_MIO_BUS_0_0.v:57]
INFO: [Synth 8-6157] synthesizing module 'MIO_BUS' [d:/ISE/2020/OExp04/OExp04-IP2SOC08/OExp04-IP2SOC.srcs/sources_1/bd/CSSTE/ipshared/6153/MIO_BUS.v:23]
INFO: [Synth 8-155] case statement is not full and has no default [d:/ISE/2020/OExp04/OExp04-IP2SOC08/OExp04-IP2SOC.srcs/sources_1/bd/CSSTE/ipshared/6153/MIO_BUS.v:66]
INFO: [Synth 8-155] case statement is not full and has no default [d:/ISE/2020/OExp04/OExp04-IP2SOC08/OExp04-IP2SOC.srcs/sources_1/bd/CSSTE/ipshared/6153/MIO_BUS.v:101]
INFO: [Synth 8-6155] done synthesizing module 'MIO_BUS' (30#1) [d:/ISE/2020/OExp04/OExp04-IP2SOC08/OExp04-IP2SOC.srcs/sources_1/bd/CSSTE/ipshared/6153/MIO_BUS.v:23]
INFO: [Synth 8-6155] done synthesizing module 'CSSTE_MIO_BUS_0_0' (31#1) [d:/ISE/2020/OExp04/OExp04-IP2SOC08/OExp04-IP2SOC.srcs/sources_1/bd/CSSTE/ip/CSSTE_MIO_BUS_0_0/synth/CSSTE_MIO_BUS_0_0.v:57]
INFO: [Synth 8-6157] synthesizing module 'CSSTE_Multi_8CH32_0_0' [d:/ISE/2020/OExp04/OExp04-IP2SOC08/OExp04-IP2SOC.srcs/sources_1/bd/CSSTE/ip/CSSTE_Multi_8CH32_0_0/synth/CSSTE_Multi_8CH32_0_0.v:57]
INFO: [Synth 8-6157] synthesizing module 'Multi_8CH32' [d:/ISE/2020/OExp04/OExp04-IP2SOC08/OExp04-IP2SOC.srcs/sources_1/bd/CSSTE/ipshared/1191/new/Multi_8CH32.v:23]
INFO: [Synth 8-6157] synthesizing module 'MUX8T1_32' [d:/ISE/2020/OExp04/OExp04-IP2SOC08/OExp04-IP2SOC.srcs/sources_1/bd/CSSTE/ipshared/1191/imports/new/MUX8T1_32.v:23]
INFO: [Synth 8-6155] done synthesizing module 'MUX8T1_32' (32#1) [d:/ISE/2020/OExp04/OExp04-IP2SOC08/OExp04-IP2SOC.srcs/sources_1/bd/CSSTE/ipshared/1191/imports/new/MUX8T1_32.v:23]
INFO: [Synth 8-6157] synthesizing module 'MUX8T1_8' [d:/ISE/2020/OExp04/OExp04-IP2SOC08/OExp04-IP2SOC.srcs/sources_1/bd/CSSTE/ipshared/1191/imports/new/MUX8T1_8.v:23]
INFO: [Synth 8-6155] done synthesizing module 'MUX8T1_8' (33#1) [d:/ISE/2020/OExp04/OExp04-IP2SOC08/OExp04-IP2SOC.srcs/sources_1/bd/CSSTE/ipshared/1191/imports/new/MUX8T1_8.v:23]
INFO: [Synth 8-6155] done synthesizing module 'Multi_8CH32' (34#1) [d:/ISE/2020/OExp04/OExp04-IP2SOC08/OExp04-IP2SOC.srcs/sources_1/bd/CSSTE/ipshared/1191/new/Multi_8CH32.v:23]
INFO: [Synth 8-6155] done synthesizing module 'CSSTE_Multi_8CH32_0_0' (35#1) [d:/ISE/2020/OExp04/OExp04-IP2SOC08/OExp04-IP2SOC.srcs/sources_1/bd/CSSTE/ip/CSSTE_Multi_8CH32_0_0/synth/CSSTE_Multi_8CH32_0_0.v:57]
INFO: [Synth 8-6157] synthesizing module 'CSSTE_SSeg7_Dev_0_0' [d:/ISE/2020/OExp04/OExp04-IP2SOC08/OExp04-IP2SOC.srcs/sources_1/bd/CSSTE/ip/CSSTE_SSeg7_Dev_0_0/synth/CSSTE_SSeg7_Dev_0_0.v:57]
INFO: [Synth 8-6157] synthesizing module 'SSeg7_Dev' [d:/ISE/2020/OExp04/OExp04-IP2SOC08/OExp04-IP2SOC.srcs/sources_1/bd/CSSTE/ipshared/67de/SSeg7_Dev.v:23]
INFO: [Synth 8-6157] synthesizing module 'MUX2T1_64' [d:/ISE/2020/OExp04/OExp04-IP2SOC08/OExp04-IP2SOC.srcs/sources_1/bd/CSSTE/ipshared/67de/MUX2T1_64.v:23]
INFO: [Synth 8-6155] done synthesizing module 'MUX2T1_64' (36#1) [d:/ISE/2020/OExp04/OExp04-IP2SOC08/OExp04-IP2SOC.srcs/sources_1/bd/CSSTE/ipshared/67de/MUX2T1_64.v:23]
INFO: [Synth 8-6157] synthesizing module 'P2S' [d:/ISE/2020/OExp04/OExp04-IP2SOC08/OExp04-IP2SOC.srcs/sources_1/bd/CSSTE/ipshared/67de/P2S.v:23]
	Parameter DATA_BITS bound to: 64 - type: integer 
	Parameter DATA_COUNT_BITS bound to: 6 - type: integer 
	Parameter S_IDLE bound to: 0 - type: integer 
	Parameter S_TRAN bound to: 1 - type: integer 
	Parameter S_CLKN bound to: 2 - type: integer 
	Parameter S_DONE bound to: 3 - type: integer 
INFO: [Synth 8-155] case statement is not full and has no default [d:/ISE/2020/OExp04/OExp04-IP2SOC08/OExp04-IP2SOC.srcs/sources_1/bd/CSSTE/ipshared/67de/P2S.v:63]
INFO: [Synth 8-6155] done synthesizing module 'P2S' (37#1) [d:/ISE/2020/OExp04/OExp04-IP2SOC08/OExp04-IP2SOC.srcs/sources_1/bd/CSSTE/ipshared/67de/P2S.v:23]
INFO: [Synth 8-6157] synthesizing module 'HexTo8SEG' [d:/ISE/2020/OExp04/OExp04-IP2SOC08/OExp04-IP2SOC.srcs/sources_1/bd/CSSTE/ipshared/67de/HexTo8SEG.v:23]
INFO: [Synth 8-6157] synthesizing module 'Hex2Seg' [d:/ISE/2020/OExp04/OExp04-IP2SOC08/OExp04-IP2SOC.srcs/sources_1/bd/CSSTE/ipshared/67de/HexTo8SEG.v:43]
INFO: [Synth 8-6157] synthesizing module 'MC14495_ZJU' [d:/ISE/2020/OExp04/OExp04-IP2SOC08/OExp04-IP2SOC.srcs/sources_1/bd/CSSTE/ipshared/67de/MC14495_ZJU.v:23]
INFO: [Synth 8-6157] synthesizing module 'INV' [D:/Vivado/Vivado/2020.2/scripts/rt/data/unisim_comp.v:36164]
INFO: [Synth 8-6155] done synthesizing module 'INV' (38#1) [D:/Vivado/Vivado/2020.2/scripts/rt/data/unisim_comp.v:36164]
INFO: [Synth 8-6157] synthesizing module 'AND4' [D:/Vivado/Vivado/2020.2/scripts/rt/data/unisim_comp.v:570]
INFO: [Synth 8-6155] done synthesizing module 'AND4' (39#1) [D:/Vivado/Vivado/2020.2/scripts/rt/data/unisim_comp.v:570]
INFO: [Synth 8-6157] synthesizing module 'OR4' [D:/Vivado/Vivado/2020.2/scripts/rt/data/unisim_comp.v:50116]
INFO: [Synth 8-6155] done synthesizing module 'OR4' (40#1) [D:/Vivado/Vivado/2020.2/scripts/rt/data/unisim_comp.v:50116]
INFO: [Synth 8-6157] synthesizing module 'AND3' [D:/Vivado/Vivado/2020.2/scripts/rt/data/unisim_comp.v:522]
INFO: [Synth 8-6155] done synthesizing module 'AND3' (41#1) [D:/Vivado/Vivado/2020.2/scripts/rt/data/unisim_comp.v:522]
INFO: [Synth 8-6157] synthesizing module 'OR3' [D:/Vivado/Vivado/2020.2/scripts/rt/data/unisim_comp.v:50068]
INFO: [Synth 8-6155] done synthesizing module 'OR3' (42#1) [D:/Vivado/Vivado/2020.2/scripts/rt/data/unisim_comp.v:50068]
INFO: [Synth 8-6157] synthesizing module 'AND2' [D:/Vivado/Vivado/2020.2/scripts/rt/data/unisim_comp.v:474]
INFO: [Synth 8-6155] done synthesizing module 'AND2' (43#1) [D:/Vivado/Vivado/2020.2/scripts/rt/data/unisim_comp.v:474]
INFO: [Synth 8-6157] synthesizing module 'OR2' [D:/Vivado/Vivado/2020.2/scripts/rt/data/unisim_comp.v:50022]
INFO: [Synth 8-6155] done synthesizing module 'OR2' (44#1) [D:/Vivado/Vivado/2020.2/scripts/rt/data/unisim_comp.v:50022]
INFO: [Synth 8-6155] done synthesizing module 'MC14495_ZJU' (45#1) [d:/ISE/2020/OExp04/OExp04-IP2SOC08/OExp04-IP2SOC.srcs/sources_1/bd/CSSTE/ipshared/67de/MC14495_ZJU.v:23]
INFO: [Synth 8-6155] done synthesizing module 'Hex2Seg' (46#1) [d:/ISE/2020/OExp04/OExp04-IP2SOC08/OExp04-IP2SOC.srcs/sources_1/bd/CSSTE/ipshared/67de/HexTo8SEG.v:43]
INFO: [Synth 8-6155] done synthesizing module 'HexTo8SEG' (47#1) [d:/ISE/2020/OExp04/OExp04-IP2SOC08/OExp04-IP2SOC.srcs/sources_1/bd/CSSTE/ipshared/67de/HexTo8SEG.v:23]
INFO: [Synth 8-6157] synthesizing module 'SSeg_map' [d:/ISE/2020/OExp04/OExp04-IP2SOC08/OExp04-IP2SOC.srcs/sources_1/bd/CSSTE/ipshared/67de/SSeg_map.v:23]
INFO: [Synth 8-6155] done synthesizing module 'SSeg_map' (48#1) [d:/ISE/2020/OExp04/OExp04-IP2SOC08/OExp04-IP2SOC.srcs/sources_1/bd/CSSTE/ipshared/67de/SSeg_map.v:23]
INFO: [Synth 8-6155] done synthesizing module 'SSeg7_Dev' (49#1) [d:/ISE/2020/OExp04/OExp04-IP2SOC08/OExp04-IP2SOC.srcs/sources_1/bd/CSSTE/ipshared/67de/SSeg7_Dev.v:23]
INFO: [Synth 8-6155] done synthesizing module 'CSSTE_SSeg7_Dev_0_0' (50#1) [d:/ISE/2020/OExp04/OExp04-IP2SOC08/OExp04-IP2SOC.srcs/sources_1/bd/CSSTE/ip/CSSTE_SSeg7_Dev_0_0/synth/CSSTE_SSeg7_Dev_0_0.v:57]
INFO: [Synth 8-6157] synthesizing module 'CSSTE_SPIO_0_0' [d:/ISE/2020/OExp04/OExp04-IP2SOC08/OExp04-IP2SOC.srcs/sources_1/bd/CSSTE/ip/CSSTE_SPIO_0_0/synth/CSSTE_SPIO_0_0.v:57]
INFO: [Synth 8-6157] synthesizing module 'SPIO' [d:/ISE/2020/OExp04/OExp04-IP2SOC08/OExp04-IP2SOC.srcs/sources_1/bd/CSSTE/ipshared/fd22/sources_1/new/SPIO.v:23]
INFO: [Synth 8-6157] synthesizing module 'LED_P2S' [d:/ISE/2020/OExp04/OExp04-IP2SOC08/OExp04-IP2SOC.srcs/sources_1/bd/CSSTE/ipshared/fd22/sources_1/new/LED_P2S.v:23]
	Parameter DATA_BITS bound to: 16 - type: integer 
	Parameter DATA_COUNT_BITS bound to: 4 - type: integer 
	Parameter S_IDLE bound to: 0 - type: integer 
	Parameter S_TRAN bound to: 1 - type: integer 
	Parameter S_CLKN bound to: 2 - type: integer 
	Parameter S_DONE bound to: 3 - type: integer 
INFO: [Synth 8-155] case statement is not full and has no default [d:/ISE/2020/OExp04/OExp04-IP2SOC08/OExp04-IP2SOC.srcs/sources_1/bd/CSSTE/ipshared/fd22/sources_1/new/LED_P2S.v:59]
INFO: [Synth 8-6155] done synthesizing module 'LED_P2S' (51#1) [d:/ISE/2020/OExp04/OExp04-IP2SOC08/OExp04-IP2SOC.srcs/sources_1/bd/CSSTE/ipshared/fd22/sources_1/new/LED_P2S.v:23]
INFO: [Synth 8-6155] done synthesizing module 'SPIO' (52#1) [d:/ISE/2020/OExp04/OExp04-IP2SOC08/OExp04-IP2SOC.srcs/sources_1/bd/CSSTE/ipshared/fd22/sources_1/new/SPIO.v:23]
INFO: [Synth 8-6155] done synthesizing module 'CSSTE_SPIO_0_0' (53#1) [d:/ISE/2020/OExp04/OExp04-IP2SOC08/OExp04-IP2SOC.srcs/sources_1/bd/CSSTE/ip/CSSTE_SPIO_0_0/synth/CSSTE_SPIO_0_0.v:57]
WARNING: [Synth 8-7071] port 'GPIOf0' of module 'CSSTE_SPIO_0_0' is unconnected for instance 'U7' [D:/ISE/2020/OExp04/OExp04-IP2SOC08/OExp04-IP2SOC.srcs/sources_1/bd/CSSTE/synth/CSSTE.v:346]
WARNING: [Synth 8-7023] instance 'U7' of module 'CSSTE_SPIO_0_0' has 12 connections declared, but only 11 given [D:/ISE/2020/OExp04/OExp04-IP2SOC08/OExp04-IP2SOC.srcs/sources_1/bd/CSSTE/synth/CSSTE.v:346]
INFO: [Synth 8-6157] synthesizing module 'CSSTE_clk_div_0_0' [d:/ISE/2020/OExp04/OExp04-IP2SOC08/OExp04-IP2SOC.srcs/sources_1/bd/CSSTE/ip/CSSTE_clk_div_0_0/synth/CSSTE_clk_div_0_0.v:57]
INFO: [Synth 8-6157] synthesizing module 'clk_div' [d:/ISE/2020/OExp04/OExp04-IP2SOC08/OExp04-IP2SOC.srcs/sources_1/bd/CSSTE/ipshared/0ee6/sources_1/new/clk_div.v:23]
INFO: [Synth 8-6155] done synthesizing module 'clk_div' (54#1) [d:/ISE/2020/OExp04/OExp04-IP2SOC08/OExp04-IP2SOC.srcs/sources_1/bd/CSSTE/ipshared/0ee6/sources_1/new/clk_div.v:23]
INFO: [Synth 8-6155] done synthesizing module 'CSSTE_clk_div_0_0' (55#1) [d:/ISE/2020/OExp04/OExp04-IP2SOC08/OExp04-IP2SOC.srcs/sources_1/bd/CSSTE/ip/CSSTE_clk_div_0_0/synth/CSSTE_clk_div_0_0.v:57]
INFO: [Synth 8-6157] synthesizing module 'CSSTE_SAnti_jitter_0_0' [d:/ISE/2020/OExp04/OExp04-IP2SOC08/OExp04-IP2SOC.srcs/sources_1/bd/CSSTE/ip/CSSTE_SAnti_jitter_0_0/synth/CSSTE_SAnti_jitter_0_0.v:57]
INFO: [Synth 8-6157] synthesizing module 'SAnti_jitter' [d:/ISE/2020/OExp04/OExp04-IP2SOC08/OExp04-IP2SOC.srcs/sources_1/bd/CSSTE/ipshared/d1b1/SAnti_jitter.v:23]
INFO: [Synth 8-6155] done synthesizing module 'SAnti_jitter' (56#1) [d:/ISE/2020/OExp04/OExp04-IP2SOC08/OExp04-IP2SOC.srcs/sources_1/bd/CSSTE/ipshared/d1b1/SAnti_jitter.v:23]
INFO: [Synth 8-6155] done synthesizing module 'CSSTE_SAnti_jitter_0_0' (57#1) [d:/ISE/2020/OExp04/OExp04-IP2SOC08/OExp04-IP2SOC.srcs/sources_1/bd/CSSTE/ip/CSSTE_SAnti_jitter_0_0/synth/CSSTE_SAnti_jitter_0_0.v:57]
WARNING: [Synth 8-7071] port 'Key_x' of module 'CSSTE_SAnti_jitter_0_0' is unconnected for instance 'U9' [D:/ISE/2020/OExp04/OExp04-IP2SOC08/OExp04-IP2SOC.srcs/sources_1/bd/CSSTE/synth/CSSTE.v:366]
WARNING: [Synth 8-7071] port 'Key_out' of module 'CSSTE_SAnti_jitter_0_0' is unconnected for instance 'U9' [D:/ISE/2020/OExp04/OExp04-IP2SOC08/OExp04-IP2SOC.srcs/sources_1/bd/CSSTE/synth/CSSTE.v:366]
WARNING: [Synth 8-7071] port 'Key_ready' of module 'CSSTE_SAnti_jitter_0_0' is unconnected for instance 'U9' [D:/ISE/2020/OExp04/OExp04-IP2SOC08/OExp04-IP2SOC.srcs/sources_1/bd/CSSTE/synth/CSSTE.v:366]
WARNING: [Synth 8-7071] port 'pulse_out' of module 'CSSTE_SAnti_jitter_0_0' is unconnected for instance 'U9' [D:/ISE/2020/OExp04/OExp04-IP2SOC08/OExp04-IP2SOC.srcs/sources_1/bd/CSSTE/synth/CSSTE.v:366]
WARNING: [Synth 8-7071] port 'CR' of module 'CSSTE_SAnti_jitter_0_0' is unconnected for instance 'U9' [D:/ISE/2020/OExp04/OExp04-IP2SOC08/OExp04-IP2SOC.srcs/sources_1/bd/CSSTE/synth/CSSTE.v:366]
WARNING: [Synth 8-7023] instance 'U9' of module 'CSSTE_SAnti_jitter_0_0' has 13 connections declared, but only 8 given [D:/ISE/2020/OExp04/OExp04-IP2SOC08/OExp04-IP2SOC.srcs/sources_1/bd/CSSTE/synth/CSSTE.v:366]
INFO: [Synth 8-6157] synthesizing module 'CSSTE_xlconstant_0_1' [d:/ISE/2020/OExp04/OExp04-IP2SOC08/OExp04-IP2SOC.srcs/sources_1/bd/CSSTE/ip/CSSTE_xlconstant_0_1/synth/CSSTE_xlconstant_0_1.v:57]
INFO: [Synth 8-6157] synthesizing module 'xlconstant_v1_1_7_xlconstant' [d:/ISE/2020/OExp04/OExp04-IP2SOC08/OExp04-IP2SOC.srcs/sources_1/bd/CSSTE/ipshared/fcfc/hdl/xlconstant_v1_1_vl_rfs.v:23]
	Parameter CONST_VAL bound to: 2'b00 
	Parameter CONST_WIDTH bound to: 2 - type: integer 
INFO: [Synth 8-6155] done synthesizing module 'xlconstant_v1_1_7_xlconstant' (58#1) [d:/ISE/2020/OExp04/OExp04-IP2SOC08/OExp04-IP2SOC.srcs/sources_1/bd/CSSTE/ipshared/fcfc/hdl/xlconstant_v1_1_vl_rfs.v:23]
INFO: [Synth 8-6155] done synthesizing module 'CSSTE_xlconstant_0_1' (59#1) [d:/ISE/2020/OExp04/OExp04-IP2SOC08/OExp04-IP2SOC.srcs/sources_1/bd/CSSTE/ip/CSSTE_xlconstant_0_1/synth/CSSTE_xlconstant_0_1.v:57]
INFO: [Synth 8-6157] synthesizing module 'CSSTE_xlconstant_0_0' [d:/ISE/2020/OExp04/OExp04-IP2SOC08/OExp04-IP2SOC.srcs/sources_1/bd/CSSTE/ip/CSSTE_xlconstant_0_0/synth/CSSTE_xlconstant_0_0.v:57]
INFO: [Synth 8-6157] synthesizing module 'xlconstant_v1_1_7_xlconstant__parameterized0' [d:/ISE/2020/OExp04/OExp04-IP2SOC08/OExp04-IP2SOC.srcs/sources_1/bd/CSSTE/ipshared/fcfc/hdl/xlconstant_v1_1_vl_rfs.v:23]
	Parameter CONST_VAL bound to: 64'b0000000000000000000000000000000000000000000000000000000000000000 
	Parameter CONST_WIDTH bound to: 64 - type: integer 
INFO: [Synth 8-6155] done synthesizing module 'xlconstant_v1_1_7_xlconstant__parameterized0' (59#1) [d:/ISE/2020/OExp04/OExp04-IP2SOC08/OExp04-IP2SOC.srcs/sources_1/bd/CSSTE/ipshared/fcfc/hdl/xlconstant_v1_1_vl_rfs.v:23]
INFO: [Synth 8-6155] done synthesizing module 'CSSTE_xlconstant_0_0' (60#1) [d:/ISE/2020/OExp04/OExp04-IP2SOC08/OExp04-IP2SOC.srcs/sources_1/bd/CSSTE/ip/CSSTE_xlconstant_0_0/synth/CSSTE_xlconstant_0_0.v:57]
INFO: [Synth 8-638] synthesizing module 'CSSTE_dist_mem_gen_0_1' [d:/ISE/2020/OExp04/OExp04-IP2SOC08/OExp04-IP2SOC.srcs/sources_1/bd/CSSTE/ip/CSSTE_dist_mem_gen_0_1/synth/CSSTE_dist_mem_gen_0_1.vhd:69]
	Parameter C_FAMILY bound to: kintex7 - type: string 
	Parameter C_ADDR_WIDTH bound to: 10 - type: integer 
	Parameter C_DEFAULT_DATA bound to: 0 - type: string 
	Parameter C_DEPTH bound to: 1024 - type: integer 
	Parameter C_HAS_CLK bound to: 1 - type: integer 
	Parameter C_HAS_D bound to: 1 - type: integer 
	Parameter C_HAS_DPO bound to: 0 - type: integer 
	Parameter C_HAS_DPRA bound to: 0 - type: integer 
	Parameter C_HAS_I_CE bound to: 0 - type: integer 
	Parameter C_HAS_QDPO bound to: 0 - type: integer 
	Parameter C_HAS_QDPO_CE bound to: 0 - type: integer 
	Parameter C_HAS_QDPO_CLK bound to: 0 - type: integer 
	Parameter C_HAS_QDPO_RST bound to: 0 - type: integer 
	Parameter C_HAS_QDPO_SRST bound to: 0 - type: integer 
	Parameter C_HAS_QSPO bound to: 0 - type: integer 
	Parameter C_HAS_QSPO_CE bound to: 0 - type: integer 
	Parameter C_HAS_QSPO_RST bound to: 0 - type: integer 
	Parameter C_HAS_QSPO_SRST bound to: 0 - type: integer 
	Parameter C_HAS_SPO bound to: 1 - type: integer 
	Parameter C_HAS_WE bound to: 1 - type: integer 
	Parameter C_MEM_INIT_FILE bound to: CSSTE_dist_mem_gen_0_1.mif - type: string 
	Parameter C_ELABORATION_DIR bound to: ./ - type: string 
	Parameter C_MEM_TYPE bound to: 1 - type: integer 
	Parameter C_PIPELINE_STAGES bound to: 0 - type: integer 
	Parameter C_QCE_JOINED bound to: 0 - type: integer 
	Parameter C_QUALIFY_WE bound to: 0 - type: integer 
	Parameter C_READ_MIF bound to: 1 - type: integer 
	Parameter C_REG_A_D_INPUTS bound to: 0 - type: integer 
	Parameter C_REG_DPRA_INPUT bound to: 0 - type: integer 
	Parameter C_SYNC_ENABLE bound to: 1 - type: integer 
	Parameter C_WIDTH bound to: 32 - type: integer 
	Parameter C_PARSER_TYPE bound to: 1 - type: integer 
INFO: [Synth 8-3491] module 'dist_mem_gen_v8_0_13' declared at 'd:/ISE/2020/OExp04/OExp04-IP2SOC08/OExp04-IP2SOC.srcs/sources_1/bd/CSSTE/ipshared/0bf5/hdl/dist_mem_gen_v8_0_vhsyn_rfs.vhd:3237' bound to instance 'U0' of component 'dist_mem_gen_v8_0_13' [d:/ISE/2020/OExp04/OExp04-IP2SOC08/OExp04-IP2SOC.srcs/sources_1/bd/CSSTE/ip/CSSTE_dist_mem_gen_0_1/synth/CSSTE_dist_mem_gen_0_1.vhd:135]
INFO: [Synth 8-256] done synthesizing module 'CSSTE_dist_mem_gen_0_1' (62#1) [d:/ISE/2020/OExp04/OExp04-IP2SOC08/OExp04-IP2SOC.srcs/sources_1/bd/CSSTE/ip/CSSTE_dist_mem_gen_0_1/synth/CSSTE_dist_mem_gen_0_1.vhd:69]
INFO: [Synth 8-6157] synthesizing module 'CSSTE_div20_0' [d:/ISE/2020/OExp04/OExp04-IP2SOC08/OExp04-IP2SOC.srcs/sources_1/bd/CSSTE/ip/CSSTE_div20_0/synth/CSSTE_div20_0.v:57]
INFO: [Synth 8-6157] synthesizing module 'xlslice_v1_0_2_xlslice__parameterized2' [d:/ISE/2020/OExp04/OExp04-IP2SOC08/OExp04-IP2SOC.srcs/sources_1/bd/CSSTE/ipshared/11d0/hdl/xlslice_v1_0_vl_rfs.v:13]
	Parameter DIN_WIDTH bound to: 32 - type: integer 
	Parameter DIN_FROM bound to: 1 - type: integer 
	Parameter DIN_TO bound to: 1 - type: integer 
INFO: [Synth 8-6155] done synthesizing module 'xlslice_v1_0_2_xlslice__parameterized2' (62#1) [d:/ISE/2020/OExp04/OExp04-IP2SOC08/OExp04-IP2SOC.srcs/sources_1/bd/CSSTE/ipshared/11d0/hdl/xlslice_v1_0_vl_rfs.v:13]
INFO: [Synth 8-6155] done synthesizing module 'CSSTE_div20_0' (63#1) [d:/ISE/2020/OExp04/OExp04-IP2SOC08/OExp04-IP2SOC.srcs/sources_1/bd/CSSTE/ip/CSSTE_div20_0/synth/CSSTE_div20_0.v:57]
INFO: [Synth 8-6157] synthesizing module 'CSSTE_xlslice_0_6' [d:/ISE/2020/OExp04/OExp04-IP2SOC08/OExp04-IP2SOC.srcs/sources_1/bd/CSSTE/ip/CSSTE_xlslice_0_6/synth/CSSTE_xlslice_0_6.v:57]
INFO: [Synth 8-6157] synthesizing module 'xlslice_v1_0_2_xlslice__parameterized3' [d:/ISE/2020/OExp04/OExp04-IP2SOC08/OExp04-IP2SOC.srcs/sources_1/bd/CSSTE/ipshared/11d0/hdl/xlslice_v1_0_vl_rfs.v:13]
	Parameter DIN_WIDTH bound to: 32 - type: integer 
	Parameter DIN_FROM bound to: 11 - type: integer 
	Parameter DIN_TO bound to: 11 - type: integer 
INFO: [Synth 8-6155] done synthesizing module 'xlslice_v1_0_2_xlslice__parameterized3' (63#1) [d:/ISE/2020/OExp04/OExp04-IP2SOC08/OExp04-IP2SOC.srcs/sources_1/bd/CSSTE/ipshared/11d0/hdl/xlslice_v1_0_vl_rfs.v:13]
INFO: [Synth 8-6155] done synthesizing module 'CSSTE_xlslice_0_6' (64#1) [d:/ISE/2020/OExp04/OExp04-IP2SOC08/OExp04-IP2SOC.srcs/sources_1/bd/CSSTE/ip/CSSTE_xlslice_0_6/synth/CSSTE_xlslice_0_6.v:57]
INFO: [Synth 8-6157] synthesizing module 'CSSTE_xlslice_0_9' [d:/ISE/2020/OExp04/OExp04-IP2SOC08/OExp04-IP2SOC.srcs/sources_1/bd/CSSTE/ip/CSSTE_xlslice_0_9/synth/CSSTE_xlslice_0_9.v:57]
INFO: [Synth 8-6157] synthesizing module 'xlslice_v1_0_2_xlslice__parameterized4' [d:/ISE/2020/OExp04/OExp04-IP2SOC08/OExp04-IP2SOC.srcs/sources_1/bd/CSSTE/ipshared/11d0/hdl/xlslice_v1_0_vl_rfs.v:13]
	Parameter DIN_WIDTH bound to: 32 - type: integer 
	Parameter DIN_FROM bound to: 20 - type: integer 
	Parameter DIN_TO bound to: 20 - type: integer 
INFO: [Synth 8-6155] done synthesizing module 'xlslice_v1_0_2_xlslice__parameterized4' (64#1) [d:/ISE/2020/OExp04/OExp04-IP2SOC08/OExp04-IP2SOC.srcs/sources_1/bd/CSSTE/ipshared/11d0/hdl/xlslice_v1_0_vl_rfs.v:13]
INFO: [Synth 8-6155] done synthesizing module 'CSSTE_xlslice_0_9' (65#1) [d:/ISE/2020/OExp04/OExp04-IP2SOC08/OExp04-IP2SOC.srcs/sources_1/bd/CSSTE/ip/CSSTE_xlslice_0_9/synth/CSSTE_xlslice_0_9.v:57]
INFO: [Synth 8-6157] synthesizing module 'CSSTE_div20_1' [d:/ISE/2020/OExp04/OExp04-IP2SOC08/OExp04-IP2SOC.srcs/sources_1/bd/CSSTE/ip/CSSTE_div20_1/synth/CSSTE_div20_1.v:57]
INFO: [Synth 8-6157] synthesizing module 'xlslice_v1_0_2_xlslice__parameterized5' [d:/ISE/2020/OExp04/OExp04-IP2SOC08/OExp04-IP2SOC.srcs/sources_1/bd/CSSTE/ipshared/11d0/hdl/xlslice_v1_0_vl_rfs.v:13]
	Parameter DIN_WIDTH bound to: 32 - type: integer 
	Parameter DIN_FROM bound to: 25 - type: integer 
	Parameter DIN_TO bound to: 25 - type: integer 
INFO: [Synth 8-6155] done synthesizing module 'xlslice_v1_0_2_xlslice__parameterized5' (65#1) [d:/ISE/2020/OExp04/OExp04-IP2SOC08/OExp04-IP2SOC.srcs/sources_1/bd/CSSTE/ipshared/11d0/hdl/xlslice_v1_0_vl_rfs.v:13]
INFO: [Synth 8-6155] done synthesizing module 'CSSTE_div20_1' (66#1) [d:/ISE/2020/OExp04/OExp04-IP2SOC08/OExp04-IP2SOC.srcs/sources_1/bd/CSSTE/ip/CSSTE_div20_1/synth/CSSTE_div20_1.v:57]
INFO: [Synth 8-6157] synthesizing module 'CSSTE_xlconcat_0_0' [d:/ISE/2020/OExp04/OExp04-IP2SOC08/OExp04-IP2SOC.srcs/sources_1/bd/CSSTE/ip/CSSTE_xlconcat_0_0/synth/CSSTE_xlconcat_0_0.v:60]
INFO: [Synth 8-6157] synthesizing module 'xlconcat_v2_1_4_xlconcat' [d:/ISE/2020/OExp04/OExp04-IP2SOC08/OExp04-IP2SOC.srcs/sources_1/bd/CSSTE/ipshared/4b67/hdl/xlconcat_v2_1_vl_rfs.v:14]
	Parameter IN0_WIDTH bound to: 32 - type: integer 
	Parameter IN1_WIDTH bound to: 32 - type: integer 
	Parameter IN2_WIDTH bound to: 1 - type: integer 
	Parameter IN3_WIDTH bound to: 1 - type: integer 
	Parameter IN4_WIDTH bound to: 1 - type: integer 
	Parameter IN5_WIDTH bound to: 1 - type: integer 
	Parameter IN6_WIDTH bound to: 1 - type: integer 
	Parameter IN7_WIDTH bound to: 1 - type: integer 
	Parameter IN8_WIDTH bound to: 1 - type: integer 
	Parameter IN9_WIDTH bound to: 1 - type: integer 
	Parameter IN10_WIDTH bound to: 1 - type: integer 
	Parameter IN11_WIDTH bound to: 1 - type: integer 
	Parameter IN12_WIDTH bound to: 1 - type: integer 
	Parameter IN13_WIDTH bound to: 1 - type: integer 
	Parameter IN14_WIDTH bound to: 1 - type: integer 
	Parameter IN15_WIDTH bound to: 1 - type: integer 
	Parameter IN16_WIDTH bound to: 1 - type: integer 
	Parameter IN17_WIDTH bound to: 1 - type: integer 
	Parameter IN18_WIDTH bound to: 1 - type: integer 
	Parameter IN19_WIDTH bound to: 1 - type: integer 
	Parameter IN20_WIDTH bound to: 1 - type: integer 
	Parameter IN21_WIDTH bound to: 1 - type: integer 
	Parameter IN22_WIDTH bound to: 1 - type: integer 
	Parameter IN23_WIDTH bound to: 1 - type: integer 
	Parameter IN24_WIDTH bound to: 1 - type: integer 
	Parameter IN25_WIDTH bound to: 1 - type: integer 
	Parameter IN26_WIDTH bound to: 1 - type: integer 
	Parameter IN27_WIDTH bound to: 1 - type: integer 
	Parameter IN28_WIDTH bound to: 1 - type: integer 
	Parameter IN29_WIDTH bound to: 1 - type: integer 
	Parameter IN30_WIDTH bound to: 1 - type: integer 
	Parameter IN31_WIDTH bound to: 1 - type: integer 
	Parameter IN32_WIDTH bound to: 1 - type: integer 
	Parameter IN33_WIDTH bound to: 1 - type: integer 
	Parameter IN34_WIDTH bound to: 1 - type: integer 
	Parameter IN35_WIDTH bound to: 1 - type: integer 
	Parameter IN36_WIDTH bound to: 1 - type: integer 
	Parameter IN37_WIDTH bound to: 1 - type: integer 
	Parameter IN38_WIDTH bound to: 1 - type: integer 
	Parameter IN39_WIDTH bound to: 1 - type: integer 
	Parameter IN40_WIDTH bound to: 1 - type: integer 
	Parameter IN41_WIDTH bound to: 1 - type: integer 
	Parameter IN42_WIDTH bound to: 1 - type: integer 
	Parameter IN43_WIDTH bound to: 1 - type: integer 
	Parameter IN44_WIDTH bound to: 1 - type: integer 
	Parameter IN45_WIDTH bound to: 1 - type: integer 
	Parameter IN46_WIDTH bound to: 1 - type: integer 
	Parameter IN47_WIDTH bound to: 1 - type: integer 
	Parameter IN48_WIDTH bound to: 1 - type: integer 
	Parameter IN49_WIDTH bound to: 1 - type: integer 
	Parameter IN50_WIDTH bound to: 1 - type: integer 
	Parameter IN51_WIDTH bound to: 1 - type: integer 
	Parameter IN52_WIDTH bound to: 1 - type: integer 
	Parameter IN53_WIDTH bound to: 1 - type: integer 
	Parameter IN54_WIDTH bound to: 1 - type: integer 
	Parameter IN55_WIDTH bound to: 1 - type: integer 
	Parameter IN56_WIDTH bound to: 1 - type: integer 
	Parameter IN57_WIDTH bound to: 1 - type: integer 
	Parameter IN58_WIDTH bound to: 1 - type: integer 
	Parameter IN59_WIDTH bound to: 1 - type: integer 
	Parameter IN60_WIDTH bound to: 1 - type: integer 
	Parameter IN61_WIDTH bound to: 1 - type: integer 
	Parameter IN62_WIDTH bound to: 1 - type: integer 
	Parameter IN63_WIDTH bound to: 1 - type: integer 
	Parameter IN64_WIDTH bound to: 1 - type: integer 
	Parameter IN65_WIDTH bound to: 1 - type: integer 
	Parameter IN66_WIDTH bound to: 1 - type: integer 
	Parameter IN67_WIDTH bound to: 1 - type: integer 
	Parameter IN68_WIDTH bound to: 1 - type: integer 
	Parameter IN69_WIDTH bound to: 1 - type: integer 
	Parameter IN70_WIDTH bound to: 1 - type: integer 
	Parameter IN71_WIDTH bound to: 1 - type: integer 
	Parameter IN72_WIDTH bound to: 1 - type: integer 
	Parameter IN73_WIDTH bound to: 1 - type: integer 
	Parameter IN74_WIDTH bound to: 1 - type: integer 
	Parameter IN75_WIDTH bound to: 1 - type: integer 
	Parameter IN76_WIDTH bound to: 1 - type: integer 
	Parameter IN77_WIDTH bound to: 1 - type: integer 
	Parameter IN78_WIDTH bound to: 1 - type: integer 
	Parameter IN79_WIDTH bound to: 1 - type: integer 
	Parameter IN80_WIDTH bound to: 1 - type: integer 
	Parameter IN81_WIDTH bound to: 1 - type: integer 
	Parameter IN82_WIDTH bound to: 1 - type: integer 
	Parameter IN83_WIDTH bound to: 1 - type: integer 
	Parameter IN84_WIDTH bound to: 1 - type: integer 
	Parameter IN85_WIDTH bound to: 1 - type: integer 
	Parameter IN86_WIDTH bound to: 1 - type: integer 
	Parameter IN87_WIDTH bound to: 1 - type: integer 
	Parameter IN88_WIDTH bound to: 1 - type: integer 
	Parameter IN89_WIDTH bound to: 1 - type: integer 
	Parameter IN90_WIDTH bound to: 1 - type: integer 
	Parameter IN91_WIDTH bound to: 1 - type: integer 
	Parameter IN92_WIDTH bound to: 1 - type: integer 
	Parameter IN93_WIDTH bound to: 1 - type: integer 
	Parameter IN94_WIDTH bound to: 1 - type: integer 
	Parameter IN95_WIDTH bound to: 1 - type: integer 
	Parameter IN96_WIDTH bound to: 1 - type: integer 
	Parameter IN97_WIDTH bound to: 1 - type: integer 
	Parameter IN98_WIDTH bound to: 1 - type: integer 
	Parameter IN99_WIDTH bound to: 1 - type: integer 
	Parameter IN100_WIDTH bound to: 1 - type: integer 
	Parameter IN101_WIDTH bound to: 1 - type: integer 
	Parameter IN102_WIDTH bound to: 1 - type: integer 
	Parameter IN103_WIDTH bound to: 1 - type: integer 
	Parameter IN104_WIDTH bound to: 1 - type: integer 
	Parameter IN105_WIDTH bound to: 1 - type: integer 
	Parameter IN106_WIDTH bound to: 1 - type: integer 
	Parameter IN107_WIDTH bound to: 1 - type: integer 
	Parameter IN108_WIDTH bound to: 1 - type: integer 
	Parameter IN109_WIDTH bound to: 1 - type: integer 
	Parameter IN110_WIDTH bound to: 1 - type: integer 
	Parameter IN111_WIDTH bound to: 1 - type: integer 
	Parameter IN112_WIDTH bound to: 1 - type: integer 
	Parameter IN113_WIDTH bound to: 1 - type: integer 
	Parameter IN114_WIDTH bound to: 1 - type: integer 
	Parameter IN115_WIDTH bound to: 1 - type: integer 
	Parameter IN116_WIDTH bound to: 1 - type: integer 
	Parameter IN117_WIDTH bound to: 1 - type: integer 
	Parameter IN118_WIDTH bound to: 1 - type: integer 
	Parameter IN119_WIDTH bound to: 1 - type: integer 
	Parameter IN120_WIDTH bound to: 1 - type: integer 
	Parameter IN121_WIDTH bound to: 1 - type: integer 
	Parameter IN122_WIDTH bound to: 1 - type: integer 
	Parameter IN123_WIDTH bound to: 1 - type: integer 
	Parameter IN124_WIDTH bound to: 1 - type: integer 
	Parameter IN125_WIDTH bound to: 1 - type: integer 
	Parameter IN126_WIDTH bound to: 1 - type: integer 
	Parameter IN127_WIDTH bound to: 1 - type: integer 
	Parameter dout_width bound to: 64 - type: integer 
	Parameter NUM_PORTS bound to: 2 - type: integer 
INFO: [Synth 8-6155] done synthesizing module 'xlconcat_v2_1_4_xlconcat' (67#1) [d:/ISE/2020/OExp04/OExp04-IP2SOC08/OExp04-IP2SOC.srcs/sources_1/bd/CSSTE/ipshared/4b67/hdl/xlconcat_v2_1_vl_rfs.v:14]
INFO: [Synth 8-6155] done synthesizing module 'CSSTE_xlconcat_0_0' (68#1) [d:/ISE/2020/OExp04/OExp04-IP2SOC08/OExp04-IP2SOC.srcs/sources_1/bd/CSSTE/ip/CSSTE_xlconcat_0_0/synth/CSSTE_xlconcat_0_0.v:60]
INFO: [Synth 8-6157] synthesizing module 'CSSTE_xlslice_0_4' [d:/ISE/2020/OExp04/OExp04-IP2SOC08/OExp04-IP2SOC.srcs/sources_1/bd/CSSTE/ip/CSSTE_xlslice_0_4/synth/CSSTE_xlslice_0_4.v:57]
INFO: [Synth 8-6157] synthesizing module 'xlslice_v1_0_2_xlslice__parameterized6' [d:/ISE/2020/OExp04/OExp04-IP2SOC08/OExp04-IP2SOC.srcs/sources_1/bd/CSSTE/ipshared/11d0/hdl/xlslice_v1_0_vl_rfs.v:13]
	Parameter DIN_WIDTH bound to: 32 - type: integer 
	Parameter DIN_FROM bound to: 6 - type: integer 
	Parameter DIN_TO bound to: 6 - type: integer 
INFO: [Synth 8-6155] done synthesizing module 'xlslice_v1_0_2_xlslice__parameterized6' (68#1) [d:/ISE/2020/OExp04/OExp04-IP2SOC08/OExp04-IP2SOC.srcs/sources_1/bd/CSSTE/ipshared/11d0/hdl/xlslice_v1_0_vl_rfs.v:13]
INFO: [Synth 8-6155] done synthesizing module 'CSSTE_xlslice_0_4' (69#1) [d:/ISE/2020/OExp04/OExp04-IP2SOC08/OExp04-IP2SOC.srcs/sources_1/bd/CSSTE/ip/CSSTE_xlslice_0_4/synth/CSSTE_xlslice_0_4.v:57]
INFO: [Synth 8-6157] synthesizing module 'CSSTE_xlslice_0_5' [d:/ISE/2020/OExp04/OExp04-IP2SOC08/OExp04-IP2SOC.srcs/sources_1/bd/CSSTE/ip/CSSTE_xlslice_0_5/synth/CSSTE_xlslice_0_5.v:57]
INFO: [Synth 8-6157] synthesizing module 'xlslice_v1_0_2_xlslice__parameterized7' [d:/ISE/2020/OExp04/OExp04-IP2SOC08/OExp04-IP2SOC.srcs/sources_1/bd/CSSTE/ipshared/11d0/hdl/xlslice_v1_0_vl_rfs.v:13]
	Parameter DIN_WIDTH bound to: 32 - type: integer 
	Parameter DIN_FROM bound to: 9 - type: integer 
	Parameter DIN_TO bound to: 9 - type: integer 
INFO: [Synth 8-6155] done synthesizing module 'xlslice_v1_0_2_xlslice__parameterized7' (69#1) [d:/ISE/2020/OExp04/OExp04-IP2SOC08/OExp04-IP2SOC.srcs/sources_1/bd/CSSTE/ipshared/11d0/hdl/xlslice_v1_0_vl_rfs.v:13]
INFO: [Synth 8-6155] done synthesizing module 'CSSTE_xlslice_0_5' (70#1) [d:/ISE/2020/OExp04/OExp04-IP2SOC08/OExp04-IP2SOC.srcs/sources_1/bd/CSSTE/ip/CSSTE_xlslice_0_5/synth/CSSTE_xlslice_0_5.v:57]
INFO: [Synth 8-6157] synthesizing module 'CSSTE_sw7_5_0' [d:/ISE/2020/OExp04/OExp04-IP2SOC08/OExp04-IP2SOC.srcs/sources_1/bd/CSSTE/ip/CSSTE_sw7_5_0/synth/CSSTE_sw7_5_0.v:57]
INFO: [Synth 8-6157] synthesizing module 'xlslice_v1_0_2_xlslice__parameterized8' [d:/ISE/2020/OExp04/OExp04-IP2SOC08/OExp04-IP2SOC.srcs/sources_1/bd/CSSTE/ipshared/11d0/hdl/xlslice_v1_0_vl_rfs.v:13]
	Parameter DIN_WIDTH bound to: 16 - type: integer 
	Parameter DIN_FROM bound to: 0 - type: integer 
	Parameter DIN_TO bound to: 0 - type: integer 
INFO: [Synth 8-6155] done synthesizing module 'xlslice_v1_0_2_xlslice__parameterized8' (70#1) [d:/ISE/2020/OExp04/OExp04-IP2SOC08/OExp04-IP2SOC.srcs/sources_1/bd/CSSTE/ipshared/11d0/hdl/xlslice_v1_0_vl_rfs.v:13]
INFO: [Synth 8-6155] done synthesizing module 'CSSTE_sw7_5_0' (71#1) [d:/ISE/2020/OExp04/OExp04-IP2SOC08/OExp04-IP2SOC.srcs/sources_1/bd/CSSTE/ip/CSSTE_sw7_5_0/synth/CSSTE_sw7_5_0.v:57]
INFO: [Synth 8-6157] synthesizing module 'CSSTE_xlslice_0_1' [d:/ISE/2020/OExp04/OExp04-IP2SOC08/OExp04-IP2SOC.srcs/sources_1/bd/CSSTE/ip/CSSTE_xlslice_0_1/synth/CSSTE_xlslice_0_1.v:57]
INFO: [Synth 8-6157] synthesizing module 'xlslice_v1_0_2_xlslice__parameterized9' [d:/ISE/2020/OExp04/OExp04-IP2SOC08/OExp04-IP2SOC.srcs/sources_1/bd/CSSTE/ipshared/11d0/hdl/xlslice_v1_0_vl_rfs.v:13]
	Parameter DIN_WIDTH bound to: 16 - type: integer 
	Parameter DIN_FROM bound to: 2 - type: integer 
	Parameter DIN_TO bound to: 2 - type: integer 
INFO: [Synth 8-6155] done synthesizing module 'xlslice_v1_0_2_xlslice__parameterized9' (71#1) [d:/ISE/2020/OExp04/OExp04-IP2SOC08/OExp04-IP2SOC.srcs/sources_1/bd/CSSTE/ipshared/11d0/hdl/xlslice_v1_0_vl_rfs.v:13]
INFO: [Synth 8-6155] done synthesizing module 'CSSTE_xlslice_0_1' (72#1) [d:/ISE/2020/OExp04/OExp04-IP2SOC08/OExp04-IP2SOC.srcs/sources_1/bd/CSSTE/ip/CSSTE_xlslice_0_1/synth/CSSTE_xlslice_0_1.v:57]
INFO: [Synth 8-6157] synthesizing module 'CSSTE_xlslice_0_7' [d:/ISE/2020/OExp04/OExp04-IP2SOC08/OExp04-IP2SOC.srcs/sources_1/bd/CSSTE/ip/CSSTE_xlslice_0_7/synth/CSSTE_xlslice_0_7.v:57]
INFO: [Synth 8-6157] synthesizing module 'xlslice_v1_0_2_xlslice__parameterized10' [d:/ISE/2020/OExp04/OExp04-IP2SOC08/OExp04-IP2SOC.srcs/sources_1/bd/CSSTE/ipshared/11d0/hdl/xlslice_v1_0_vl_rfs.v:13]
	Parameter DIN_WIDTH bound to: 16 - type: integer 
	Parameter DIN_FROM bound to: 7 - type: integer 
	Parameter DIN_TO bound to: 5 - type: integer 
INFO: [Synth 8-6155] done synthesizing module 'xlslice_v1_0_2_xlslice__parameterized10' (72#1) [d:/ISE/2020/OExp04/OExp04-IP2SOC08/OExp04-IP2SOC.srcs/sources_1/bd/CSSTE/ipshared/11d0/hdl/xlslice_v1_0_vl_rfs.v:13]
INFO: [Synth 8-6155] done synthesizing module 'CSSTE_xlslice_0_7' (73#1) [d:/ISE/2020/OExp04/OExp04-IP2SOC08/OExp04-IP2SOC.srcs/sources_1/bd/CSSTE/ip/CSSTE_xlslice_0_7/synth/CSSTE_xlslice_0_7.v:57]
INFO: [Synth 8-6157] synthesizing module 'CSSTE_xlslice_0_2' [d:/ISE/2020/OExp04/OExp04-IP2SOC08/OExp04-IP2SOC.srcs/sources_1/bd/CSSTE/ip/CSSTE_xlslice_0_2/synth/CSSTE_xlslice_0_2.v:57]
INFO: [Synth 8-6157] synthesizing module 'xlslice_v1_0_2_xlslice__parameterized11' [d:/ISE/2020/OExp04/OExp04-IP2SOC08/OExp04-IP2SOC.srcs/sources_1/bd/CSSTE/ipshared/11d0/hdl/xlslice_v1_0_vl_rfs.v:13]
	Parameter DIN_WIDTH bound to: 16 - type: integer 
	Parameter DIN_FROM bound to: 8 - type: integer 
	Parameter DIN_TO bound to: 8 - type: integer 
INFO: [Synth 8-6155] done synthesizing module 'xlslice_v1_0_2_xlslice__parameterized11' (73#1) [d:/ISE/2020/OExp04/OExp04-IP2SOC08/OExp04-IP2SOC.srcs/sources_1/bd/CSSTE/ipshared/11d0/hdl/xlslice_v1_0_vl_rfs.v:13]
INFO: [Synth 8-6155] done synthesizing module 'CSSTE_xlslice_0_2' (74#1) [d:/ISE/2020/OExp04/OExp04-IP2SOC08/OExp04-IP2SOC.srcs/sources_1/bd/CSSTE/ip/CSSTE_xlslice_0_2/synth/CSSTE_xlslice_0_2.v:57]
INFO: [Synth 8-6157] synthesizing module 'CSSTE_util_vector_logic_0_0' [d:/ISE/2020/OExp04/OExp04-IP2SOC08/OExp04-IP2SOC.srcs/sources_1/bd/CSSTE/ip/CSSTE_util_vector_logic_0_0/synth/CSSTE_util_vector_logic_0_0.v:57]
INFO: [Synth 8-6157] synthesizing module 'util_vector_logic_v2_0_1_util_vector_logic' [d:/ISE/2020/OExp04/OExp04-IP2SOC08/OExp04-IP2SOC.srcs/sources_1/bd/CSSTE/ipshared/3f90/hdl/util_vector_logic_v2_0_vl_rfs.v:45]
	Parameter C_OPERATION bound to: not - type: string 
	Parameter C_SIZE bound to: 1 - type: integer 
INFO: [Synth 8-6155] done synthesizing module 'util_vector_logic_v2_0_1_util_vector_logic' (75#1) [d:/ISE/2020/OExp04/OExp04-IP2SOC08/OExp04-IP2SOC.srcs/sources_1/bd/CSSTE/ipshared/3f90/hdl/util_vector_logic_v2_0_vl_rfs.v:45]
INFO: [Synth 8-6155] done synthesizing module 'CSSTE_util_vector_logic_0_0' (76#1) [d:/ISE/2020/OExp04/OExp04-IP2SOC08/OExp04-IP2SOC.srcs/sources_1/bd/CSSTE/ip/CSSTE_util_vector_logic_0_0/synth/CSSTE_util_vector_logic_0_0.v:57]
INFO: [Synth 8-6157] synthesizing module 'CSSTE_util_vector_logic_0_1' [d:/ISE/2020/OExp04/OExp04-IP2SOC08/OExp04-IP2SOC.srcs/sources_1/bd/CSSTE/ip/CSSTE_util_vector_logic_0_1/synth/CSSTE_util_vector_logic_0_1.v:57]
INFO: [Synth 8-6155] done synthesizing module 'CSSTE_util_vector_logic_0_1' (77#1) [d:/ISE/2020/OExp04/OExp04-IP2SOC08/OExp04-IP2SOC.srcs/sources_1/bd/CSSTE/ip/CSSTE_util_vector_logic_0_1/synth/CSSTE_util_vector_logic_0_1.v:57]
INFO: [Synth 8-6157] synthesizing module 'CSSTE_xlconcat_0_1' [d:/ISE/2020/OExp04/OExp04-IP2SOC08/OExp04-IP2SOC.srcs/sources_1/bd/CSSTE/ip/CSSTE_xlconcat_0_1/synth/CSSTE_xlconcat_0_1.v:60]
INFO: [Synth 8-6157] synthesizing module 'xlconcat_v2_1_4_xlconcat__parameterized0' [d:/ISE/2020/OExp04/OExp04-IP2SOC08/OExp04-IP2SOC.srcs/sources_1/bd/CSSTE/ipshared/4b67/hdl/xlconcat_v2_1_vl_rfs.v:14]
	Parameter IN0_WIDTH bound to: 30 - type: integer 
	Parameter IN1_WIDTH bound to: 2 - type: integer 
	Parameter IN2_WIDTH bound to: 1 - type: integer 
	Parameter IN3_WIDTH bound to: 1 - type: integer 
	Parameter IN4_WIDTH bound to: 1 - type: integer 
	Parameter IN5_WIDTH bound to: 1 - type: integer 
	Parameter IN6_WIDTH bound to: 1 - type: integer 
	Parameter IN7_WIDTH bound to: 1 - type: integer 
	Parameter IN8_WIDTH bound to: 1 - type: integer 
	Parameter IN9_WIDTH bound to: 1 - type: integer 
	Parameter IN10_WIDTH bound to: 1 - type: integer 
	Parameter IN11_WIDTH bound to: 1 - type: integer 
	Parameter IN12_WIDTH bound to: 1 - type: integer 
	Parameter IN13_WIDTH bound to: 1 - type: integer 
	Parameter IN14_WIDTH bound to: 1 - type: integer 
	Parameter IN15_WIDTH bound to: 1 - type: integer 
	Parameter IN16_WIDTH bound to: 1 - type: integer 
	Parameter IN17_WIDTH bound to: 1 - type: integer 
	Parameter IN18_WIDTH bound to: 1 - type: integer 
	Parameter IN19_WIDTH bound to: 1 - type: integer 
	Parameter IN20_WIDTH bound to: 1 - type: integer 
	Parameter IN21_WIDTH bound to: 1 - type: integer 
	Parameter IN22_WIDTH bound to: 1 - type: integer 
	Parameter IN23_WIDTH bound to: 1 - type: integer 
	Parameter IN24_WIDTH bound to: 1 - type: integer 
	Parameter IN25_WIDTH bound to: 1 - type: integer 
	Parameter IN26_WIDTH bound to: 1 - type: integer 
	Parameter IN27_WIDTH bound to: 1 - type: integer 
	Parameter IN28_WIDTH bound to: 1 - type: integer 
	Parameter IN29_WIDTH bound to: 1 - type: integer 
	Parameter IN30_WIDTH bound to: 1 - type: integer 
	Parameter IN31_WIDTH bound to: 1 - type: integer 
	Parameter IN32_WIDTH bound to: 1 - type: integer 
	Parameter IN33_WIDTH bound to: 1 - type: integer 
	Parameter IN34_WIDTH bound to: 1 - type: integer 
	Parameter IN35_WIDTH bound to: 1 - type: integer 
	Parameter IN36_WIDTH bound to: 1 - type: integer 
	Parameter IN37_WIDTH bound to: 1 - type: integer 
	Parameter IN38_WIDTH bound to: 1 - type: integer 
	Parameter IN39_WIDTH bound to: 1 - type: integer 
	Parameter IN40_WIDTH bound to: 1 - type: integer 
	Parameter IN41_WIDTH bound to: 1 - type: integer 
	Parameter IN42_WIDTH bound to: 1 - type: integer 
	Parameter IN43_WIDTH bound to: 1 - type: integer 
	Parameter IN44_WIDTH bound to: 1 - type: integer 
	Parameter IN45_WIDTH bound to: 1 - type: integer 
	Parameter IN46_WIDTH bound to: 1 - type: integer 
	Parameter IN47_WIDTH bound to: 1 - type: integer 
	Parameter IN48_WIDTH bound to: 1 - type: integer 
	Parameter IN49_WIDTH bound to: 1 - type: integer 
	Parameter IN50_WIDTH bound to: 1 - type: integer 
	Parameter IN51_WIDTH bound to: 1 - type: integer 
	Parameter IN52_WIDTH bound to: 1 - type: integer 
	Parameter IN53_WIDTH bound to: 1 - type: integer 
	Parameter IN54_WIDTH bound to: 1 - type: integer 
	Parameter IN55_WIDTH bound to: 1 - type: integer 
	Parameter IN56_WIDTH bound to: 1 - type: integer 
	Parameter IN57_WIDTH bound to: 1 - type: integer 
	Parameter IN58_WIDTH bound to: 1 - type: integer 
	Parameter IN59_WIDTH bound to: 1 - type: integer 
	Parameter IN60_WIDTH bound to: 1 - type: integer 
	Parameter IN61_WIDTH bound to: 1 - type: integer 
	Parameter IN62_WIDTH bound to: 1 - type: integer 
	Parameter IN63_WIDTH bound to: 1 - type: integer 
	Parameter IN64_WIDTH bound to: 1 - type: integer 
	Parameter IN65_WIDTH bound to: 1 - type: integer 
	Parameter IN66_WIDTH bound to: 1 - type: integer 
	Parameter IN67_WIDTH bound to: 1 - type: integer 
	Parameter IN68_WIDTH bound to: 1 - type: integer 
	Parameter IN69_WIDTH bound to: 1 - type: integer 
	Parameter IN70_WIDTH bound to: 1 - type: integer 
	Parameter IN71_WIDTH bound to: 1 - type: integer 
	Parameter IN72_WIDTH bound to: 1 - type: integer 
	Parameter IN73_WIDTH bound to: 1 - type: integer 
	Parameter IN74_WIDTH bound to: 1 - type: integer 
	Parameter IN75_WIDTH bound to: 1 - type: integer 
	Parameter IN76_WIDTH bound to: 1 - type: integer 
	Parameter IN77_WIDTH bound to: 1 - type: integer 
	Parameter IN78_WIDTH bound to: 1 - type: integer 
	Parameter IN79_WIDTH bound to: 1 - type: integer 
	Parameter IN80_WIDTH bound to: 1 - type: integer 
	Parameter IN81_WIDTH bound to: 1 - type: integer 
	Parameter IN82_WIDTH bound to: 1 - type: integer 
	Parameter IN83_WIDTH bound to: 1 - type: integer 
	Parameter IN84_WIDTH bound to: 1 - type: integer 
	Parameter IN85_WIDTH bound to: 1 - type: integer 
	Parameter IN86_WIDTH bound to: 1 - type: integer 
	Parameter IN87_WIDTH bound to: 1 - type: integer 
	Parameter IN88_WIDTH bound to: 1 - type: integer 
	Parameter IN89_WIDTH bound to: 1 - type: integer 
	Parameter IN90_WIDTH bound to: 1 - type: integer 
	Parameter IN91_WIDTH bound to: 1 - type: integer 
	Parameter IN92_WIDTH bound to: 1 - type: integer 
	Parameter IN93_WIDTH bound to: 1 - type: integer 
	Parameter IN94_WIDTH bound to: 1 - type: integer 
	Parameter IN95_WIDTH bound to: 1 - type: integer 
	Parameter IN96_WIDTH bound to: 1 - type: integer 
	Parameter IN97_WIDTH bound to: 1 - type: integer 
	Parameter IN98_WIDTH bound to: 1 - type: integer 
	Parameter IN99_WIDTH bound to: 1 - type: integer 
	Parameter IN100_WIDTH bound to: 1 - type: integer 
	Parameter IN101_WIDTH bound to: 1 - type: integer 
	Parameter IN102_WIDTH bound to: 1 - type: integer 
	Parameter IN103_WIDTH bound to: 1 - type: integer 
	Parameter IN104_WIDTH bound to: 1 - type: integer 
	Parameter IN105_WIDTH bound to: 1 - type: integer 
	Parameter IN106_WIDTH bound to: 1 - type: integer 
	Parameter IN107_WIDTH bound to: 1 - type: integer 
	Parameter IN108_WIDTH bound to: 1 - type: integer 
	Parameter IN109_WIDTH bound to: 1 - type: integer 
	Parameter IN110_WIDTH bound to: 1 - type: integer 
	Parameter IN111_WIDTH bound to: 1 - type: integer 
	Parameter IN112_WIDTH bound to: 1 - type: integer 
	Parameter IN113_WIDTH bound to: 1 - type: integer 
	Parameter IN114_WIDTH bound to: 1 - type: integer 
	Parameter IN115_WIDTH bound to: 1 - type: integer 
	Parameter IN116_WIDTH bound to: 1 - type: integer 
	Parameter IN117_WIDTH bound to: 1 - type: integer 
	Parameter IN118_WIDTH bound to: 1 - type: integer 
	Parameter IN119_WIDTH bound to: 1 - type: integer 
	Parameter IN120_WIDTH bound to: 1 - type: integer 
	Parameter IN121_WIDTH bound to: 1 - type: integer 
	Parameter IN122_WIDTH bound to: 1 - type: integer 
	Parameter IN123_WIDTH bound to: 1 - type: integer 
	Parameter IN124_WIDTH bound to: 1 - type: integer 
	Parameter IN125_WIDTH bound to: 1 - type: integer 
	Parameter IN126_WIDTH bound to: 1 - type: integer 
	Parameter IN127_WIDTH bound to: 1 - type: integer 
	Parameter dout_width bound to: 32 - type: integer 
	Parameter NUM_PORTS bound to: 2 - type: integer 
INFO: [Synth 8-6155] done synthesizing module 'xlconcat_v2_1_4_xlconcat__parameterized0' (77#1) [d:/ISE/2020/OExp04/OExp04-IP2SOC08/OExp04-IP2SOC.srcs/sources_1/bd/CSSTE/ipshared/4b67/hdl/xlconcat_v2_1_vl_rfs.v:14]
INFO: [Synth 8-6155] done synthesizing module 'CSSTE_xlconcat_0_1' (78#1) [d:/ISE/2020/OExp04/OExp04-IP2SOC08/OExp04-IP2SOC.srcs/sources_1/bd/CSSTE/ip/CSSTE_xlconcat_0_1/synth/CSSTE_xlconcat_0_1.v:60]
INFO: [Synth 8-6155] done synthesizing module 'CSSTE' (79#1) [D:/ISE/2020/OExp04/OExp04-IP2SOC08/OExp04-IP2SOC.srcs/sources_1/bd/CSSTE/synth/CSSTE.v:28]
INFO: [Synth 8-6155] done synthesizing module 'CSSTE_wrapper' (80#1) [D:/ISE/2020/OExp04/OExp04-IP2SOC08/OExp04-IP2SOC.srcs/sources_1/bd/CSSTE/hdl/CSSTE_wrapper.v:12]
---------------------------------------------------------------------------------
Finished RTL Elaboration : Time (s): cpu = 00:00:09 ; elapsed = 00:00:28 . Memory (MB): peak = 1237.664 ; gain = 169.125
---------------------------------------------------------------------------------
---------------------------------------------------------------------------------
Start Handling Custom Attributes
---------------------------------------------------------------------------------
---------------------------------------------------------------------------------
Finished Handling Custom Attributes : Time (s): cpu = 00:00:10 ; elapsed = 00:00:30 . Memory (MB): peak = 1255.531 ; gain = 186.992
---------------------------------------------------------------------------------
---------------------------------------------------------------------------------
Finished RTL Optimization Phase 1 : Time (s): cpu = 00:00:10 ; elapsed = 00:00:30 . Memory (MB): peak = 1255.531 ; gain = 186.992
---------------------------------------------------------------------------------
Netlist sorting complete. Time (s): cpu = 00:00:00 ; elapsed = 00:00:00.229 . Memory (MB): peak = 1267.598 ; gain = 0.000
INFO: [Netlist 29-17] Analyzing 320 Unisim elements for replacement
INFO: [Netlist 29-28] Unisim Transformation completed in 0 CPU seconds
INFO: [Project 1-570] Preparing netlist for logic optimization

Processing XDC Constraints
Initializing timing engine
Parsing XDC File [D:/ISE/2020/OExp04/OExp04-IP2SOC08/OExp04-IP2SOC.srcs/constrs_1/imports/OExp02-IP2SOC/Org-Sword.xdc]
Finished Parsing XDC File [D:/ISE/2020/OExp04/OExp04-IP2SOC08/OExp04-IP2SOC.srcs/constrs_1/imports/OExp02-IP2SOC/Org-Sword.xdc]
INFO: [Project 1-236] Implementation specific constraints were found while reading constraint file [D:/ISE/2020/OExp04/OExp04-IP2SOC08/OExp04-IP2SOC.srcs/constrs_1/imports/OExp02-IP2SOC/Org-Sword.xdc]. These constraints will be ignored for synthesis but will be used in implementation. Impacted constraints are listed in the file [.Xil/CSSTE_wrapper_propImpl.xdc].
Resolution: To avoid this warning, move constraints listed in [.Xil/CSSTE_wrapper_propImpl.xdc] to another XDC file and exclude this new file from synthesis with the used_in_synthesis property (File Properties dialog in GUI) and re-run elaboration/synthesis.
Parsing XDC File [D:/ISE/2020/OExp04/OExp04-IP2SOC08/OExp04-IP2SOC.runs/synth_1/dont_touch.xdc]
Finished Parsing XDC File [D:/ISE/2020/OExp04/OExp04-IP2SOC08/OExp04-IP2SOC.runs/synth_1/dont_touch.xdc]
Completed Processing XDC Constraints

Netlist sorting complete. Time (s): cpu = 00:00:00 ; elapsed = 00:00:00.001 . Memory (MB): peak = 1362.719 ; gain = 0.000
INFO: [Project 1-111] Unisim Transformation Summary:
  A total of 320 instances were transformed.
  AND2 => LUT2: 8 instances
  AND3 => LUT3: 88 instances
  AND4 => LUT4: 72 instances
  INV => LUT1: 40 instances
  OR2 => LUT2: 56 instances
  OR3 => LUT3: 24 instances
  OR4 => LUT4: 32 instances

Constraint Validation Runtime : Time (s): cpu = 00:00:00 ; elapsed = 00:00:00.950 . Memory (MB): peak = 1362.719 ; gain = 0.000
---------------------------------------------------------------------------------
Finished Constraint Validation : Time (s): cpu = 00:00:20 ; elapsed = 00:01:09 . Memory (MB): peak = 1362.719 ; gain = 294.180
---------------------------------------------------------------------------------
---------------------------------------------------------------------------------
Start Loading Part and Timing Information
---------------------------------------------------------------------------------
Loading part: xc7k160tffg676-2L
---------------------------------------------------------------------------------
Finished Loading Part and Timing Information : Time (s): cpu = 00:00:20 ; elapsed = 00:01:09 . Memory (MB): peak = 1362.719 ; gain = 294.180
---------------------------------------------------------------------------------
---------------------------------------------------------------------------------
Start Applying 'set_property' XDC Constraints
---------------------------------------------------------------------------------
Applied set_property KEEP_HIERARCHY = SOFT for CSSTE_i. (constraint file  auto generated constraint).
Applied set_property KEEP_HIERARCHY = SOFT for CSSTE_i/U9. (constraint file  auto generated constraint).
Applied set_property KEEP_HIERARCHY = SOFT for CSSTE_i/sw2. (constraint file  auto generated constraint).
Applied set_property KEEP_HIERARCHY = SOFT for CSSTE_i/sw8. (constraint file  auto generated constraint).
Applied set_property KEEP_HIERARCHY = SOFT for CSSTE_i/U8. (constraint file  auto generated constraint).
Applied set_property KEEP_HIERARCHY = SOFT for CSSTE_i/util_vector_logic_0. (constraint file  auto generated constraint).
Applied set_property KEEP_HIERARCHY = SOFT for CSSTE_i/util_vector_logic_1. (constraint file  auto generated constraint).
Applied set_property KEEP_HIERARCHY = SOFT for CSSTE_i/U2. (constraint file  auto generated constraint).
Applied set_property KEEP_HIERARCHY = SOFT for CSSTE_i/PC11_2. (constraint file  auto generated constraint).
Applied set_property KEEP_HIERARCHY = SOFT for CSSTE_i/div6. (constraint file  auto generated constraint).
Applied set_property KEEP_HIERARCHY = SOFT for CSSTE_i/div9. (constraint file  auto generated constraint).
Applied set_property KEEP_HIERARCHY = SOFT for CSSTE_i/div11. (constraint file  auto generated constraint).
Applied set_property KEEP_HIERARCHY = SOFT for CSSTE_i/U1. (constraint file  auto generated constraint).
Applied set_property KEEP_HIERARCHY = SOFT for CSSTE_i/U10. (constraint file  auto generated constraint).
Applied set_property KEEP_HIERARCHY = SOFT for CSSTE_i/U4. (constraint file  auto generated constraint).
Applied set_property KEEP_HIERARCHY = SOFT for CSSTE_i/U5. (constraint file  auto generated constraint).
Applied set_property KEEP_HIERARCHY = SOFT for CSSTE_i/U7. (constraint file  auto generated constraint).
Applied set_property KEEP_HIERARCHY = SOFT for CSSTE_i/U6. (constraint file  auto generated constraint).
Applied set_property KEEP_HIERARCHY = SOFT for CSSTE_i/U11. (constraint file  auto generated constraint).
Applied set_property KEEP_HIERARCHY = SOFT for CSSTE_i/b64_0. (constraint file  auto generated constraint).
Applied set_property KEEP_HIERARCHY = SOFT for CSSTE_i/sw7_5. (constraint file  auto generated constraint).
Applied set_property KEEP_HIERARCHY = SOFT for CSSTE_i/PC31_2. (constraint file  auto generated constraint).
Applied set_property KEEP_HIERARCHY = SOFT for CSSTE_i/div20. (constraint file  auto generated constraint).
Applied set_property KEEP_HIERARCHY = SOFT for CSSTE_i/div31_31. (constraint file  auto generated constraint).
Applied set_property KEEP_HIERARCHY = SOFT for CSSTE_i/xlconcat_1. (constraint file  auto generated constraint).
Applied set_property KEEP_HIERARCHY = SOFT for CSSTE_i/b2_0. (constraint file  auto generated constraint).
Applied set_property KEEP_HIERARCHY = SOFT for CSSTE_i/div1. (constraint file  auto generated constraint).
Applied set_property KEEP_HIERARCHY = SOFT for CSSTE_i/sw0. (constraint file  auto generated constraint).
Applied set_property KEEP_HIERARCHY = SOFT for CSSTE_i/div25. (constraint file  auto generated constraint).
Applied set_property KEEP_HIERARCHY = SOFT for CSSTE_i/BTN_Y0. (constraint file  auto generated constraint).
Applied set_property KEEP_HIERARCHY = SOFT for CSSTE_i/dist_mem_gen_0. (constraint file  auto generated constraint).
---------------------------------------------------------------------------------
Finished applying 'set_property' XDC Constraints : Time (s): cpu = 00:00:20 ; elapsed = 00:01:09 . Memory (MB): peak = 1362.719 ; gain = 294.180
---------------------------------------------------------------------------------
INFO: [Synth 8-802] inferred FSM for state register 'state_reg' in module 'P2S'
INFO: [Synth 8-802] inferred FSM for state register 'state_reg' in module 'LED_P2S'
---------------------------------------------------------------------------------------------------
                   State |                     New Encoding |                Previous Encoding 
---------------------------------------------------------------------------------------------------
                  S_IDLE |                               00 |                               00
                  S_TRAN |                               01 |                               01
                  S_DONE |                               10 |                               11
---------------------------------------------------------------------------------------------------
INFO: [Synth 8-3354] encoded FSM with state register 'state_reg' using encoding 'sequential' in module 'P2S'
---------------------------------------------------------------------------------------------------
                   State |                     New Encoding |                Previous Encoding 
---------------------------------------------------------------------------------------------------
                  S_IDLE |                               00 |                               00
                  S_TRAN |                               01 |                               01
                  S_DONE |                               10 |                               11
---------------------------------------------------------------------------------------------------
INFO: [Synth 8-3354] encoded FSM with state register 'state_reg' using encoding 'sequential' in module 'LED_P2S'
---------------------------------------------------------------------------------
Finished RTL Optimization Phase 2 : Time (s): cpu = 00:00:28 ; elapsed = 00:01:20 . Memory (MB): peak = 1362.719 ; gain = 294.180
---------------------------------------------------------------------------------
---------------------------------------------------------------------------------
Start RTL Component Statistics 
---------------------------------------------------------------------------------
Detailed RTL Component Info : 
+---Adders : 
	   2 Input   33 Bit       Adders := 3     
	   2 Input   32 Bit       Adders := 3     
	   3 Input   32 Bit       Adders := 1     
	   2 Input   12 Bit       Adders := 1     
	   2 Input   10 Bit       Adders := 3     
	   2 Input    9 Bit       Adders := 1     
	   3 Input    8 Bit       Adders := 1     
	   2 Input    6 Bit       Adders := 2     
	   2 Input    4 Bit       Adders := 1     
+---XORs : 
	   2 Input     32 Bit         XORs := 1     
+---Registers : 
	               64 Bit    Registers := 1     
	               33 Bit    Registers := 3     
	               32 Bit    Registers := 37    
	               24 Bit    Registers := 1     
	               16 Bit    Registers := 4     
	               14 Bit    Registers := 1     
	               12 Bit    Registers := 1     
	               10 Bit    Registers := 2     
	                8 Bit    Registers := 2     
	                6 Bit    Registers := 2     
	                5 Bit    Registers := 1     
	                4 Bit    Registers := 3     
	                2 Bit    Registers := 3     
	                1 Bit    Registers := 18    
+---Muxes : 
	   2 Input   64 Bit        Muxes := 1     
	   3 Input   64 Bit        Muxes := 1     
	   5 Input   33 Bit        Muxes := 1     
	   2 Input   33 Bit        Muxes := 9     
	   4 Input   33 Bit        Muxes := 3     
	   2 Input   32 Bit        Muxes := 2     
	   4 Input   32 Bit        Muxes := 4     
	   3 Input   16 Bit        Muxes := 1     
	   2 Input   12 Bit        Muxes := 1     
	   2 Input   10 Bit        Muxes := 1     
	   4 Input   10 Bit        Muxes := 1     
	   2 Input    9 Bit        Muxes := 1     
	   3 Input    6 Bit        Muxes := 1     
	   9 Input    4 Bit        Muxes := 2     
	   3 Input    4 Bit        Muxes := 1     
	   9 Input    3 Bit        Muxes := 1     
	   9 Input    2 Bit        Muxes := 2     
	   3 Input    2 Bit        Muxes := 2     
	   2 Input    2 Bit        Muxes := 4     
	   9 Input    1 Bit        Muxes := 3     
	  11 Input    1 Bit        Muxes := 2     
	   2 Input    1 Bit        Muxes := 53    
	   4 Input    1 Bit        Muxes := 20    
	   8 Input    1 Bit        Muxes := 1     
	 449 Input    1 Bit        Muxes := 1     
	   3 Input    1 Bit        Muxes := 10    
---------------------------------------------------------------------------------
Finished RTL Component Statistics 
---------------------------------------------------------------------------------
---------------------------------------------------------------------------------
Start Part Resource Summary
---------------------------------------------------------------------------------
Part Resources:
DSPs: 600 (col length:100)
BRAMs: 650 (col length: RAMB18 100 RAMB36 50)
---------------------------------------------------------------------------------
Finished Part Resource Summary
---------------------------------------------------------------------------------
---------------------------------------------------------------------------------
Start Cross Boundary and Area Optimization
---------------------------------------------------------------------------------
---------------------------------------------------------------------------------
Finished Cross Boundary and Area Optimization : Time (s): cpu = 00:01:04 ; elapsed = 00:02:02 . Memory (MB): peak = 1362.719 ; gain = 294.180
---------------------------------------------------------------------------------
---------------------------------------------------------------------------------
Start ROM, RAM, DSP, Shift Register and Retiming Reporting
---------------------------------------------------------------------------------

ROM: Preliminary Mapping	Report
+---------------------+------------------------------------------------------+---------------+----------------+
|Module Name          | RTL Object                                           | Depth x Width | Implemented As | 
+---------------------+------------------------------------------------------+---------------+----------------+
|VgaDisplay           | p_0_out                                              | 4096x8        | LUT            | 
|rom                  | rom[63]                                              | 64x15         | LUT            | 
|CSSTE_VGA_0_0        | p_0_out                                              | 4096x8        | LUT            | 
|dist_mem_gen_v8_0_13 | synth_options.dist_mem_inst/gen_rom.rom_inst/rom[63] | 64x15         | LUT            | 
+---------------------+------------------------------------------------------+---------------+----------------+


Distributed RAM: Preliminary Mapping	Report (see note below)
+--------------------------+-----------------------------------------------------------+-----------+----------------------+------------------------------+
|Module Name               | RTL Object                                                | Inference | Size (Depth x Width) | Primitives                   | 
+--------------------------+-----------------------------------------------------------+-----------+----------------------+------------------------------+
|CSSTE_i/U11               | inst__0/vga_display/display_data_reg                      | Implied   | 4 K x 8              | RAM64X1D x 128	RAM64M x 128	 | 
|CSSTE_i/dist_mem_gen_0/U0 | synth_options.dist_mem_inst/gen_sp_ram.spram_inst/ram_reg | Implied   | 1 K x 32             | RAM256X1S x 128	             | 
+--------------------------+-----------------------------------------------------------+-----------+----------------------+------------------------------+

Note: The table above is a preliminary report that shows the Distributed RAMs at the current stage of the synthesis flow. Some Distributed RAMs may be reimplemented as non Distributed RAM primitives later in the synthesis flow. Multiple instantiated RAMs are reported only once.
---------------------------------------------------------------------------------
Finished ROM, RAM, DSP, Shift Register and Retiming Reporting
---------------------------------------------------------------------------------
---------------------------------------------------------------------------------
Start Applying XDC Timing Constraints
---------------------------------------------------------------------------------
---------------------------------------------------------------------------------
Finished Applying XDC Timing Constraints : Time (s): cpu = 00:01:11 ; elapsed = 00:02:11 . Memory (MB): peak = 1362.719 ; gain = 294.180
---------------------------------------------------------------------------------
---------------------------------------------------------------------------------
Start Timing Optimization
---------------------------------------------------------------------------------
---------------------------------------------------------------------------------
Finished Timing Optimization : Time (s): cpu = 00:01:13 ; elapsed = 00:02:13 . Memory (MB): peak = 1362.719 ; gain = 294.180
---------------------------------------------------------------------------------
---------------------------------------------------------------------------------
Start ROM, RAM, DSP, Shift Register and Retiming Reporting
---------------------------------------------------------------------------------

Distributed RAM: Final Mapping	Report
+--------------------------+-----------------------------------------------------------+-----------+----------------------+------------------------------+
|Module Name               | RTL Object                                                | Inference | Size (Depth x Width) | Primitives                   | 
+--------------------------+-----------------------------------------------------------+-----------+----------------------+------------------------------+
|CSSTE_i/U11               | inst__0/vga_display/display_data_reg                      | Implied   | 4 K x 8              | RAM64X1D x 128	RAM64M x 128	 | 
|CSSTE_i/dist_mem_gen_0/U0 | synth_options.dist_mem_inst/gen_sp_ram.spram_inst/ram_reg | Implied   | 1 K x 32             | RAM256X1S x 128	             | 
+--------------------------+-----------------------------------------------------------+-----------+----------------------+------------------------------+

---------------------------------------------------------------------------------
Finished ROM, RAM, DSP, Shift Register and Retiming Reporting
---------------------------------------------------------------------------------
---------------------------------------------------------------------------------
Start Technology Mapping
---------------------------------------------------------------------------------
---------------------------------------------------------------------------------
Finished Technology Mapping : Time (s): cpu = 00:01:16 ; elapsed = 00:02:17 . Memory (MB): peak = 1362.719 ; gain = 294.180
---------------------------------------------------------------------------------
---------------------------------------------------------------------------------
Start IO Insertion
---------------------------------------------------------------------------------
---------------------------------------------------------------------------------
Start Flattening Before IO Insertion
---------------------------------------------------------------------------------
---------------------------------------------------------------------------------
Finished Flattening Before IO Insertion
---------------------------------------------------------------------------------
---------------------------------------------------------------------------------
Start Final Netlist Cleanup
---------------------------------------------------------------------------------
---------------------------------------------------------------------------------
Finished Final Netlist Cleanup
---------------------------------------------------------------------------------
---------------------------------------------------------------------------------
Finished IO Insertion : Time (s): cpu = 00:01:20 ; elapsed = 00:02:22 . Memory (MB): peak = 1362.746 ; gain = 294.207
---------------------------------------------------------------------------------
---------------------------------------------------------------------------------
Start Renaming Generated Instances
---------------------------------------------------------------------------------
---------------------------------------------------------------------------------
Finished Renaming Generated Instances : Time (s): cpu = 00:01:20 ; elapsed = 00:02:22 . Memory (MB): peak = 1362.746 ; gain = 294.207
---------------------------------------------------------------------------------
---------------------------------------------------------------------------------
Start Rebuilding User Hierarchy
---------------------------------------------------------------------------------
---------------------------------------------------------------------------------
Finished Rebuilding User Hierarchy : Time (s): cpu = 00:01:20 ; elapsed = 00:02:23 . Memory (MB): peak = 1362.746 ; gain = 294.207
---------------------------------------------------------------------------------
---------------------------------------------------------------------------------
Start Renaming Generated Ports
---------------------------------------------------------------------------------
---------------------------------------------------------------------------------
Finished Renaming Generated Ports : Time (s): cpu = 00:01:20 ; elapsed = 00:02:23 . Memory (MB): peak = 1362.746 ; gain = 294.207
---------------------------------------------------------------------------------
---------------------------------------------------------------------------------
Start Handling Custom Attributes
---------------------------------------------------------------------------------
---------------------------------------------------------------------------------
Finished Handling Custom Attributes : Time (s): cpu = 00:01:20 ; elapsed = 00:02:23 . Memory (MB): peak = 1362.746 ; gain = 294.207
---------------------------------------------------------------------------------
---------------------------------------------------------------------------------
Start Renaming Generated Nets
---------------------------------------------------------------------------------
---------------------------------------------------------------------------------
Finished Renaming Generated Nets : Time (s): cpu = 00:01:20 ; elapsed = 00:02:23 . Memory (MB): peak = 1362.746 ; gain = 294.207
---------------------------------------------------------------------------------
---------------------------------------------------------------------------------
Start Writing Synthesis Report
---------------------------------------------------------------------------------

Report BlackBoxes: 
+-+--------------+----------+
| |BlackBox name |Instances |
+-+--------------+----------+
+-+--------------+----------+

Report Cell Usage: 
+------+----------+------+
|      |Cell      |Count |
+------+----------+------+
|1     |AND2      |     8|
|2     |AND3      |    88|
|3     |AND4      |    72|
|4     |BUFG      |     1|
|5     |CARRY4    |    93|
|6     |INV       |    40|
|7     |LUT1      |   110|
|8     |LUT2      |   340|
|9     |LUT3      |   134|
|10    |LUT4      |   113|
|11    |LUT5      |   269|
|12    |LUT6      |  1516|
|13    |MUXF7     |   368|
|14    |MUXF8     |   114|
|15    |OR2       |    56|
|16    |OR3       |    24|
|17    |OR4       |    32|
|18    |RAM256X1S |    32|
|19    |RAM64M    |   128|
|20    |RAM64X1D  |    64|
|21    |FDCE      |  1173|
|22    |FDPE      |     1|
|23    |FDRE      |   253|
|24    |FDSE      |     2|
|25    |IBUF      |    22|
|26    |OBUF      |    22|
+------+----------+------+
---------------------------------------------------------------------------------
Finished Writing Synthesis Report : Time (s): cpu = 00:01:20 ; elapsed = 00:02:24 . Memory (MB): peak = 1362.746 ; gain = 294.207
---------------------------------------------------------------------------------
Synthesis finished with 0 errors, 0 critical warnings and 0 warnings.
Synthesis Optimization Runtime : Time (s): cpu = 00:01:07 ; elapsed = 00:01:57 . Memory (MB): peak = 1362.746 ; gain = 187.020
Synthesis Optimization Complete : Time (s): cpu = 00:01:21 ; elapsed = 00:02:24 . Memory (MB): peak = 1362.746 ; gain = 294.207
INFO: [Project 1-571] Translating synthesized netlist
Netlist sorting complete. Time (s): cpu = 00:00:00 ; elapsed = 00:00:00.128 . Memory (MB): peak = 1370.797 ; gain = 0.000
INFO: [Netlist 29-17] Analyzing 1119 Unisim elements for replacement
INFO: [Netlist 29-28] Unisim Transformation completed in 1 CPU seconds
INFO: [Project 1-570] Preparing netlist for logic optimization
INFO: [Opt 31-138] Pushed 1 inverter(s) to 32 load pin(s).
Netlist sorting complete. Time (s): cpu = 00:00:00 ; elapsed = 00:00:00.003 . Memory (MB): peak = 1375.961 ; gain = 0.000
INFO: [Project 1-111] Unisim Transformation Summary:
  A total of 544 instances were transformed.
  AND2 => LUT2: 8 instances
  AND3 => LUT3: 88 instances
  AND4 => LUT4: 72 instances
  INV => LUT1: 40 instances
  OR2 => LUT2: 56 instances
  OR3 => LUT3: 24 instances
  OR4 => LUT4: 32 instances
  RAM256X1S => RAM256X1S (inverted pins: WCLK) (MUXF7(x2), MUXF8, RAMS64E(x4)): 32 instances
  RAM64M => RAM64M (RAMD64E(x4)): 128 instances
  RAM64X1D => RAM64X1D (RAMD64E(x2)): 64 instances

INFO: [Common 17-83] Releasing license: Synthesis
214 Infos, 13 Warnings, 0 Critical Warnings and 0 Errors encountered.
synth_design completed successfully
synth_design: Time (s): cpu = 00:01:30 ; elapsed = 00:02:57 . Memory (MB): peak = 1375.961 ; gain = 307.422
INFO: [Common 17-1381] The checkpoint 'D:/ISE/2020/OExp04/OExp04-IP2SOC08/OExp04-IP2SOC.runs/synth_1/CSSTE_wrapper.dcp' has been generated.
write_checkpoint: Time (s): cpu = 00:00:02 ; elapsed = 00:00:09 . Memory (MB): peak = 1375.961 ; gain = 0.000
INFO: [runtcl-4] Executing : report_utilization -file CSSTE_wrapper_utilization_synth.rpt -pb CSSTE_wrapper_utilization_synth.pb
INFO: [Common 17-206] Exiting Vivado at Thu Jun 24 20:15:42 2021...
